[00:00:01.353] (7f29635f0700) INFO   sequence: 32751571231557                                     score: -3         nodes:10095820   time: 1202318µs
[00:00:01.909] (7f29635f0700) INFO   sequence: 335662333565                                       score: -2         nodes:4391499    time: 553937µs
[00:00:09.768] (7f29635f0700) INFO   sequence: 2416615552                                         score: 4          nodes:62600774   time: 7855961µs
[00:00:11.021] (7f29635f0700) INFO   sequence: 157564142155                                       score: -5         nodes:10151317   time: 1251313µs
[00:00:11.033] (7f29635f0700) INFO   sequence: 1616621455211                                      score: 6          nodes:64439      time: 9734µs
[00:00:11.134] (7f29635f0700) INFO   sequence: 2541266355551                                      score: -3         nodes:669090     time: 95292µs
[00:00:11.792] (7f29635f0700) INFO   sequence: 5371555645                                         score: 4          nodes:5171339    time: 656495µs
[00:00:12.772] (7f29635f0700) INFO   sequence: 23156612526                                        score: 4          nodes:6559506    time: 978955µs
[00:00:12.778] (7f29635f0700) INFO   sequence: 13134411534775                                     score: -6         nodes:34506      time: 5097µs
[00:00:12.900] (7f29635f0700) INFO   sequence: 23766176641753                                     score: 2          nodes:811322     time: 120432µs
[00:00:12.928] (7f29635f0700) INFO   sequence: 54676552255627                                     score: 2          nodes:167722     time: 27055µs
[00:00:13.396] (7f29635f0700) INFO   sequence: 274121776146                                       score: 4          nodes:3658341    time: 467253µs
[00:00:13.908] (7f29635f0700) INFO   sequence: 663152175                                          score: -4         nodes:3587271    time: 510941µs
[00:00:13.921] (7f29635f0700) INFO   sequence: 67331624326767                                     score: -5         nodes:89322      time: 12341µs
[00:00:14.908] (7f29635f0700) INFO   sequence: 7265453                                            score: 6          nodes:6975883    time: 985255µs
[00:00:21.527] (7f29635f0700) INFO   sequence: 266674777                                          score: 4          nodes:57639821   time: 6618415µs
[00:00:51.111] (7f29635f0700) INFO   sequence: 634766171                                          score: 4          nodes:248223336  time: 29582489µs
[00:00:53.293] (7f29635f0700) INFO   sequence: 134467261                                          score: 7          nodes:16900406   time: 2180747µs
[00:00:53.339] (7f29635f0700) INFO   sequence: 55575766112413                                     score: 4          nodes:305051     time: 44576µs
[00:00:53.557] (7f29635f0700) INFO   sequence: 447276333363                                       score: -4         nodes:1501507    time: 217690µs
[00:01:00.052] (7f29635f0700) INFO   sequence: 64715616                                           score: -4         nodes:51323692   time: 6493584µs
[00:01:00.179] (7f29635f0700) INFO   sequence: 7477544411743                                      score: 6          nodes:875707     time: 125940µs
[00:01:04.831] (7f29635f0700) INFO   sequence: 142742571451                                       score: -4         nodes:38435022   time: 4650089µs
[00:01:11.331] (7f29635f0700) INFO   sequence: 6243671441                                         score: 4          nodes:57907258   time: 6498657µs
[00:01:12.348] (7f29635f0700) INFO   sequence: 3544242671                                         score: -4         nodes:7449878    time: 1015982µs
[00:01:13.775] (7f29635f0700) INFO   sequence: 7755745                                            score: 6          nodes:10930057   time: 1425977µs
[00:01:15.482] (7f29635f0700) INFO   sequence: 411731143                                          score: -4         nodes:12869105   time: 1705227µs
[00:01:18.853] (7f29635f0700) INFO   sequence: 22321461                                           score: -4         nodes:26039505   time: 3370744µs
[00:01:30.170] (7f29635f0700) INFO   sequence: 474362661                                          score: -4         nodes:94167937   time: 11315395µs
[00:01:31.011] (7f29635f0700) INFO   sequence: 322624175564                                       score: 3          nodes:5812114    time: 839698µs
[00:01:31.246] (7f29635f0700) INFO   sequence: 75734233473735                                     score: 0          nodes:1523711    time: 234004µs
[00:01:31.398] (7f29635f0700) INFO   sequence: 15376464262                                        score: 5          nodes:1105156    time: 150476µs
[00:01:32.578] (7f29635f0700) INFO   sequence: 2311346732677                                      score: -4         nodes:9933685    time: 1179429µs
[00:01:32.832] (7f29635f0700) INFO   sequence: 447367174615                                       score: 4          nodes:1742313    time: 252940µs
[00:01:33.035] (7f29635f0700) INFO   sequence: 432746672257                                       score: 6          nodes:1468842    time: 201257µs
[00:01:33.045] (7f29635f0700) INFO   sequence: 577117746741                                       score: 8          nodes:68287      time: 9570µs
[00:01:36.815] (7f29635f0700) INFO   sequence: 13555111322723                                     score: -1         nodes:24684298   time: 3768646µs
[00:01:36.976] (7f29635f0700) INFO   sequence: 4126317614224                                      score: 4          nodes:1036078    time: 160450µs
[00:01:37.405] (7f29635f0700) INFO   sequence: 241724774162                                       score: 4          nodes:2753000    time: 427848µs
[00:02:23.679] (7f29635f0700) INFO   sequence: 1742373                                            score: -4         nodes:401524355  time: 46272365µs
[00:02:23.757] (7f29635f0700) INFO   sequence: 755613773167                                       score: 4          nodes:500055     time: 77410µs
[00:02:23.826] (7f29635f0700) INFO   sequence: 16544116424466                                     score: 6          nodes:458245     time: 67546µs
[00:02:23.849] (7f29635f0700) INFO   sequence: 3631476266312                                      score: -6         nodes:144693     time: 21843µs
[00:02:26.072] (7f29635f0700) INFO   sequence: 4312134                                            score: 6          nodes:18536445   time: 2222539µs
[00:02:27.592] (7f29635f0700) INFO   sequence: 326672616                                          score: 4          nodes:10397740   time: 1518348µs
[00:03:05.196] (7f29635f0700) INFO   sequence: 7357561511                                         score: -3         nodes:303888790  time: 37602588µs
[00:03:08.480] (7f29635f0700) INFO   sequence: 31161642                                           score: 4          nodes:24561503   time: 3283361µs
[00:03:08.981] (7f29635f0700) INFO   sequence: 4463756412                                         score: -5         nodes:3759699    time: 499583µs
[00:03:09.830] (7f29635f0700) INFO   sequence: 72172122574                                        score: -4         nodes:6301300    time: 847256µs
[00:03:09.893] (7f29635f0700) INFO   sequence: 7332672233                                         score: 6          nodes:523379     time: 62326µs
[00:03:12.210] (7f29635f0700) INFO   sequence: 277667362                                          score: 4          nodes:20395707   time: 2315726µs
[00:03:15.673] (7f29635f0700) INFO   sequence: 655136373                                          score: -5         nodes:28726909   time: 3461514µs
[00:03:15.796] (7f29635f0700) INFO   sequence: 13232137725333                                     score: -3         nodes:828429     time: 122576µs
[00:03:19.009] (7f29635f0700) INFO   sequence: 644216276                                          score: -4         nodes:25429042   time: 3211807µs
[00:03:19.190] (7f29635f0700) INFO   sequence: 331415447                                          score: 7          nodes:1296931    time: 179947µs
[00:03:19.215] (7f29635f0700) INFO   sequence: 2374131                                            score: 11         nodes:179101     time: 23280µs
[00:03:20.140] (7f29635f0700) INFO   sequence: 56324764547                                        score: 5          nodes:8449541    time: 924128µs
[00:03:22.051] (7f29635f0700) INFO   sequence: 615571255                                          score: 4          nodes:14296325   time: 1909385µs
[00:03:22.680] (7f29635f0700) INFO   sequence: 15225725                                           score: 6          nodes:4921515    time: 628366µs
[00:03:22.776] (7f29635f0700) INFO   sequence: 6354232171361                                      score: 2          nodes:597324     time: 94139µs
[00:03:22.819] (7f29635f0700) INFO   sequence: 13265113127132                                     score: -3         nodes:263129     time: 41709µs
[00:03:23.489] (7f29635f0700) INFO   sequence: 51234467532                                        score: 3          nodes:5380035    time: 669546µs
[00:03:24.465] (7f29635f0700) INFO   sequence: 332365763314                                       score: 2          nodes:7904352    time: 974837µs
[00:03:38.254] (7f29635f0700) INFO   sequence: 522363221753                                       score: -3         nodes:122403985  time: 13787730µs
[00:03:38.325] (7f29635f0700) INFO   sequence: 1215164456626                                      score: -4         nodes:469533     time: 69847µs
[00:03:39.095] (7f29635f0700) INFO   sequence: 6457612447361                                      score: 4          nodes:6356222    time: 768864µs
[00:03:39.114] (7f29635f0700) INFO   sequence: 44551623377175                                     score: -3         nodes:114387     time: 17556µs
[00:03:42.784] (7f29635f0700) INFO   sequence: 744542331                                          score: -3         nodes:27339494   time: 3669481µs
[00:26:18.754] (7f29635f0700) INFO   sequence: 67636752553                                        score: 3          nodes:12612788441 time: 1355968679µs
[00:26:19.319] (7f29635f0700) INFO   sequence: 41764447672                                        score: -5         nodes:4373714    time: 563567µs
[00:26:19.760] (7f29635f0700) INFO   sequence: 75645416513                                        score: 4          nodes:3698478    time: 440209µs
[00:26:20.341] (7f29635f0700) INFO   sequence: 337652337256                                       score: 5          nodes:4575596    time: 580153µs
[00:26:20.356] (7f29635f0700) INFO   sequence: 5455174142726                                      score: -7         nodes:101494     time: 13397µs
[00:26:24.184] (7f29635f0700) INFO   sequence: 424344143                                          score: -4         nodes:29037414   time: 3826914µs
[00:26:24.491] (7f29635f0700) INFO   sequence: 1543264732537                                      score: -1         nodes:2304560    time: 306542µs
[00:26:24.595] (7f29635f0700) INFO   sequence: 34147662454                                        score: -4         nodes:693509     time: 102421µs
[00:26:25.747] (7f29635f0700) INFO   sequence: 54332677277                                        score: 3          nodes:7790949    time: 1151435µs
[00:26:25.781] (7f29635f0700) INFO   sequence: 53473753212                                        score: -6         nodes:232704     time: 32484µs
[00:26:29.734] (7f29635f0700) INFO   sequence: 5265711                                            score: 5          nodes:33724682   time: 3952590µs
[00:26:34.271] (7f29635f0700) INFO   sequence: 6422726                                            score: 6          nodes:37639475   time: 4535532µs
[00:29:09.194] (7f29635f0700) INFO   sequence: 77541                                              score: 6          nodes:1415774766 time: 154921325µs
[00:29:10.896] (7f29635f0700) INFO   sequence: 5657356217247                                      score: 2          nodes:12864007   time: 1700547µs
[00:29:10.921] (7f29635f0700) INFO   sequence: 45737611457715                                     score: -6         nodes:162576     time: 24684µs
[00:29:10.982] (7f29635f0700) INFO   sequence: 45146147331112                                     score: -2         nodes:378362     time: 59180µs
[00:29:11.835] (7f29635f0700) INFO   sequence: 1343434621331                                      score: -2         nodes:6007855    time: 852513µs
[00:29:13.748] (7f29635f0700) INFO   sequence: 27434331                                           score: 6          nodes:16190928   time: 1912099µs
[00:29:13.850] (7f29635f0700) INFO   sequence: 63613675463                                        score: -4         nodes:672145     time: 100437µs
[00:29:14.274] (7f29635f0700) INFO   sequence: 26763574115546                                     score: -1         nodes:3346075    time: 422182µs
[00:29:14.653] (7f29635f0700) INFO   sequence: 35331261466                                        score: 5          nodes:3023911    time: 378135µs
[00:29:14.719] (7f29635f0700) INFO   sequence: 523472422424                                       score: 4          nodes:442241     time: 64919µs
[00:29:15.232] (7f29635f0700) INFO   sequence: 32335553272                                        score: 3          nodes:4098174    time: 512468µs
[00:29:15.489] (7f29635f0700) INFO   sequence: 32764612212173                                     score: 3          nodes:2026140    time: 256075µs
[00:29:15.528] (7f29635f0700) INFO   sequence: 336662231631                                       score: 4          nodes:270842     time: 37793µs
[00:29:16.886] (7f29635f0700) INFO   sequence: 176232751175                                       score: -3         nodes:10345639   time: 1357213µs
[00:29:16.974] (7f29635f0700) INFO   sequence: 52755337574                                        score: -5         nodes:655002     time: 85987µs
[00:29:17.053] (7f29635f0700) INFO   sequence: 15127677722767                                     score: 4          nodes:596106     time: 77969µs
[00:29:22.454] (7f29635f0700) INFO   sequence: 5511247676                                         score: -3         nodes:42895386   time: 5399816µs
[00:31:18.270] (7f29635f0700) INFO   sequence: 527726753                                          score: 4          nodes:1080396350 time: 115815052µs
[00:31:19.320] (7f29635f0700) INFO   sequence: 2332331676313                                      score: 3          nodes:9118795    time: 1049004µs
[00:31:19.669] (7f29635f0700) INFO   sequence: 4532747555266                                      score: -3         nodes:2957453    time: 347675µs
[00:31:26.786] (7f29635f0700) INFO   sequence: 177576467417                                       score: 2          nodes:67286927   time: 7116511µs
[00:32:18.670] (7f29635f0700) INFO   sequence: 16633752                                           score: 4          nodes:487745099  time: 51882175µs
[00:32:18.694] (7f29635f0700) INFO   sequence: 3735572477                                         score: 5          nodes:169405     time: 23820µs
[00:32:57.040] (7f29635f0700) INFO   sequence: 77643424                                           score: -6         nodes:357403080  time: 38344226µs
[00:32:57.082] (7f29635f0700) INFO   sequence: 25746733445154                                     score: -3         nodes:280874     time: 41445µs
[00:34:05.001] (7f29635f0700) INFO   sequence: 1455677                                            score: 5          nodes:627916128  time: 67917277µs
[00:34:06.720] (7f29635f0700) INFO   sequence: 5265375                                            score: -4         nodes:12818163   time: 1717941µs
[00:34:06.754] (7f29635f0700) INFO   sequence: 7541435153275                                      score: -5         nodes:247103     time: 33813µs
[00:34:12.475] (7f29635f0700) INFO   sequence: 43611733362                                        score: 3          nodes:48372370   time: 5719085µs
[00:34:12.828] (7f29635f0700) INFO   sequence: 612763741223                                       score: 4          nodes:2872439    time: 351742µs
[00:34:21.364] (7f29635f0700) INFO   sequence: 3175246143                                         score: 3          nodes:75850572   time: 8535493µs
[00:34:21.723] (7f29635f0700) INFO   sequence: 3566734123                                         score: -5         nodes:2418395    time: 358034µs
[00:34:24.095] (7f29635f0700) INFO   sequence: 5313476                                            score: 5          nodes:19477369   time: 2370788µs
[00:34:30.001] (7f29635f0700) INFO   sequence: 651426425                                          score: 4          nodes:41672602   time: 5904500µs
[00:34:31.495] (7f29635f0700) INFO   sequence: 35612337464                                        score: -2         nodes:11651168   time: 1492097µs
[00:34:31.756] (7f29635f0700) INFO   sequence: 22541673155327                                     score: 2          nodes:2258572    time: 260800µs
[00:34:31.818] (7f29635f0700) INFO   sequence: 76626456341645                                     score: 4          nodes:489035     time: 60527µs
[00:34:31.904] (7f29635f0700) INFO   sequence: 443671213365                                       score: -4         nodes:549056     time: 85387µs
[00:34:32.015] (7f29635f0700) INFO   sequence: 6554263541                                         score: 3          nodes:703092     time: 110000µs
[00:34:32.024] (7f29635f0700) INFO   sequence: 677311516417                                       score: 8          nodes:62439      time: 8031µs
[00:34:32.065] (7f29635f0700) INFO   sequence: 1115225131612                                      score: -3         nodes:242609     time: 39497µs
[00:34:32.135] (7f29635f0700) INFO   sequence: 13656245475314                                     score: 3          nodes:470567     time: 69776µs
[00:34:39.504] (7f29635f0700) INFO   sequence: 642752175522                                       score: -2         nodes:60082022   time: 7367083µs
[00:34:47.011] (7f29635f0700) INFO   sequence: 122743                                             score: 5          nodes:60750820   time: 7506220µs
[00:34:47.031] (7f29635f0700) INFO   sequence: 43547622727711                                     score: -5         nodes:129955     time: 18807µs
[00:34:47.685] (7f29635f0700) INFO   sequence: 56567243231755                                     score: 3          nodes:6200909    time: 653206µs
[00:34:47.711] (7f29635f0700) INFO   sequence: 76175126656574                                     score: -2         nodes:166209     time: 25012µs
[00:34:49.127] (7f29635f0700) INFO   sequence: 764521521446                                       score: 4          nodes:11594214   time: 1415396µs
[00:34:49.212] (7f29635f0700) INFO   sequence: 42227635121766                                     score: 2          nodes:531344     time: 83544µs
[00:34:49.837] (7f29635f0700) INFO   sequence: 67711523214613                                     score: -1         nodes:4990957    time: 624230µs
[00:34:52.594] (7f29635f0700) INFO   sequence: 76141156246                                        score: 5          nodes:25882759   time: 2755715µs
[00:35:00.657] (7f29635f0700) INFO   sequence: 413371411                                          score: -4         nodes:66642212   time: 8061188µs
[00:35:00.742] (7f29635f0700) INFO   sequence: 4147                                               score: 10         nodes:671633     time: 84692µs
[00:35:01.014] (7f29635f0700) INFO   sequence: 122242256133                                       score: -2         nodes:1862244    time: 270137µs
[00:35:02.975] (7f29635f0700) INFO   sequence: 1614723273                                         score: -3         nodes:14626685   time: 1959741µs
[00:35:03.775] (7f29635f0700) INFO   sequence: 1373565431                                         score: 4          nodes:6004281    time: 798472µs
[00:35:03.983] (7f29635f0700) INFO   sequence: 742243217552                                       score: 5          nodes:1913016    time: 207097µs
[00:35:04.978] (7f29635f0700) INFO   sequence: 6754265411                                         score: 4          nodes:7171953    time: 993773µs
[00:35:05.066] (7f29635f0700) INFO   sequence: 4652614434                                         score: -4         nodes:544467     time: 86487µs
[00:35:27.014] (7f29635f0700) INFO   sequence: 1417273                                            score: 5          nodes:197855241  time: 21947456µs
[00:35:27.073] (7f29635f0700) INFO   sequence: 751264615232                                       score: -2         nodes:392131     time: 57959µs
[00:35:28.945] (7f29635f0700) INFO   sequence: 7155464367                                         score: 5          nodes:15962841   time: 1870731µs
[00:35:29.675] (7f29635f0700) INFO   sequence: 333474515321                                       score: -2         nodes:5620450    time: 728587µs
[00:35:43.715] (7f29635f0700) INFO   sequence: 225616237677                                       score: -3         nodes:130593080  time: 14038769µs
[00:35:44.055] (7f29635f0700) INFO   sequence: 47122155325                                        score: -2         nodes:2569732    time: 338581µs
[00:35:44.390] (7f29635f0700) INFO   sequence: 66437424755                                        score: 6          nodes:2912107    time: 333776µs
[00:35:44.847] (7f29635f0700) INFO   sequence: 731547336122                                       score: 4          nodes:3736406    time: 456117µs
[00:35:47.023] (7f29635f0700) INFO   sequence: 46745721716                                        score: -2         nodes:16902712   time: 2174914µs
[00:35:49.048] (7f29635f0700) INFO   sequence: 36434277                                           score: 4          nodes:15730748   time: 2024412µs
[00:35:49.078] (7f29635f0700) INFO   sequence: 52272433                                           score: 9          nodes:207456     time: 28801µs
[00:35:50.888] (7f29635f0700) INFO   sequence: 177146462563                                       score: 5          nodes:16645138   time: 1808374µs
[00:35:50.945] (7f29635f0700) INFO   sequence: 3226163243                                         score: 4          nodes:390158     time: 56573µs
[00:35:51.035] (7f29635f0700) INFO   sequence: 5564142141411                                      score: 6          nodes:605415     time: 88348µs
[00:36:09.118] (7f29635f0700) INFO   sequence: 77563515                                           score: -4         nodes:165280393  time: 18081776µs
[00:36:12.412] (7f29635f0700) INFO   sequence: 527522112612                                       score: -3         nodes:25752339   time: 3292934µs
[00:36:12.536] (7f29635f0700) INFO   sequence: 2116327323743                                      score: 5          nodes:1009920    time: 122763µs
[00:36:12.602] (7f29635f0700) INFO   sequence: 44453531266                                        score: -5         nodes:444836     time: 65243µs
[00:36:12.981] (7f29635f0700) INFO   sequence: 262133671416                                       score: -2         nodes:2480359    time: 377557µs
[00:36:15.390] (7f29635f0700) INFO   sequence: 3456245                                            score: 5          nodes:19268325   time: 2407960µs
[00:36:16.658] (7f29635f0700) INFO   sequence: 767455434441                                       score: 3          nodes:9390043    time: 1266099µs
[00:36:17.191] (7f29635f0700) INFO   sequence: 5725565175                                         score: 4          nodes:4066004    time: 532300µs
[00:36:17.480] (7f29635f0700) INFO   sequence: 16634734375517                                     score: 0          nodes:2243025    time: 288185µs
[00:36:54.241] (7f29635f0700) INFO   sequence: 1343446                                            score: 5          nodes:325370088  time: 36759398µs
[00:36:55.449] (7f29635f0700) INFO   sequence: 65225112271624                                     score: 1          nodes:8345127    time: 1206226µs
[00:37:22.738] (7f29635f0700) INFO   sequence: 746547451134                                       score: 3          nodes:237843275  time: 27287972µs
[00:37:26.997] (7f29635f0700) INFO   sequence: 2354373                                            score: -4         nodes:32340245   time: 4257930µs
[00:37:27.151] (7f29635f0700) INFO   sequence: 754527142                                          score: -3         nodes:1016767    time: 152508µs
[00:37:30.887] (7f29635f0700) INFO   sequence: 272263636651                                       score: 2          nodes:31938135   time: 3735215µs
[00:37:31.371] (7f29635f0700) INFO   sequence: 36634635673                                        score: -2         nodes:3443640    time: 482358µs
[00:37:32.498] (7f29635f0700) INFO   sequence: 3146164745716                                      score: -6         nodes:10728671   time: 1125578µs
[00:37:32.504] (7f29635f0700) INFO   sequence: 33273741316557                                     score: 6          nodes:37140      time: 5054µs
[00:37:33.530] (7f29635f0700) INFO   sequence: 321272173466                                       score: -3         nodes:9414991    time: 1024705µs
[00:37:34.831] (7f29635f0700) INFO   sequence: 67464621641543                                     score: 1          nodes:9575734    time: 1300689µs
[00:37:45.627] (7f29635f0700) INFO   sequence: 766771214364                                       score: 4          nodes:102002869  time: 10794710µs
[00:37:46.989] (7f29635f0700) INFO   sequence: 6172331716576                                      score: -1         nodes:11033407   time: 1360477µs
[00:37:52.643] (7f29635f0700) INFO   sequence: 17133137732261                                     score: 2          nodes:48279350   time: 5652676µs
[00:37:55.540] (7f29635f0700) INFO   sequence: 46252562                                           score: 5          nodes:23574878   time: 2896769µs
[00:37:55.591] (7f29635f0700) INFO   sequence: 32254431755455                                     score: -3         nodes:319023     time: 49908µs
[00:37:55.896] (7f29635f0700) INFO   sequence: 712373441221                                       score: -3         nodes:2199683    time: 303941µs
[00:37:55.934] (7f29635f0700) INFO   sequence: 13644344547412                                     score: 4          nodes:235802     time: 37112µs
[00:37:56.071] (7f29635f0700) INFO   sequence: 613312261154                                       score: -2         nodes:925117     time: 136267µs
[00:37:56.624] (7f29635f0700) INFO   sequence: 725515762277                                       score: -5         nodes:4389990    time: 551172µs
[00:38:02.405] (7f29635f0700) INFO   sequence: 44133714634                                        score: 5          nodes:49729278   time: 5780386µs
[00:38:03.018] (7f29635f0700) INFO   sequence: 17266651275                                        score: -6         nodes:4313973    time: 611604µs
[00:38:03.684] (7f29635f0700) INFO   sequence: 36317211227332                                     score: -1         nodes:4883075    time: 664557µs
[00:38:03.991] (7f29635f0700) INFO   sequence: 5346422123144                                      score: 2          nodes:2325921    time: 305678µs
[00:38:08.780] (7f29635f0700) INFO   sequence: 1135475                                            score: -4         nodes:41639332   time: 4787540µs
[00:38:14.408] (7f29635f0700) INFO   sequence: 423774434441                                       score: 3          nodes:49798886   time: 5627539µs
[00:38:14.602] (7f29635f0700) INFO   sequence: 777316533775                                       score: -4         nodes:1299053    time: 191981µs
[00:38:47.447] (7f29635f0700) INFO   sequence: 76122164                                           score: 4          nodes:275011377  time: 32844013µs
[00:38:47.540] (7f29635f0700) INFO   sequence: 5426332255766                                      score: 5          nodes:635293     time: 92133µs
[00:38:47.770] (7f29635f0700) INFO   sequence: 75427767742                                        score: 6          nodes:1584886    time: 228572µs
[00:38:52.052] (7f29635f0700) INFO   sequence: 1261357132467                                      score: -1         nodes:36424928   time: 4281252µs
[00:38:54.149] (7f29635f0700) INFO   sequence: 4513271364                                         score: -5         nodes:17076559   time: 2095915µs
[00:38:54.327] (7f29635f0700) INFO   sequence: 674316111465                                       score: -2         nodes:1183222    time: 175782µs
[00:38:54.352] (7f29635f0700) INFO   sequence: 14151361732165                                     score: -2         nodes:163110     time: 25155µs
[00:38:54.363] (7f29635f0700) INFO   sequence: 75737427577334                                     score: -3         nodes:64631      time: 10259µs
[00:38:54.779] (7f29635f0700) INFO   sequence: 21745144253                                        score: 6          nodes:3242529    time: 414451µs
[00:39:14.113] (7f29635f0700) INFO   sequence: 5425417144                                         score: 4          nodes:169878909  time: 19332583µs
[00:39:21.160] (7f29635f0700) INFO   sequence: 53173274                                           score: 4          nodes:58376549   time: 7046414µs
