[00:00:00.185] (7fe6613e0700) INFO   sequence: 32164625                                           score: 11         nodes:205234     time: 33029µs
[00:00:00.341] (7fe6613e0700) INFO   sequence: 6146                                               score: 18         nodes:1098492    time: 154033µs
[00:00:00.345] (7fe6613e0700) INFO   sequence: 243335424257                                       score: 12         nodes:1109842    time: 1871µs
[00:00:00.348] (7fe6613e0700) INFO   sequence: 5512243243536                                      score: 13         nodes:1112254    time: 390µs
[00:00:00.364] (7fe6613e0700) INFO   sequence: 22144426444                                        score: 15         nodes:1204795    time: 14351µs
[00:00:00.366] (7fe6613e0700) INFO   sequence: 265756512                                          score: -12        nodes:1208117    time: 614µs
[00:00:00.394] (7fe6613e0700) INFO   sequence: 65444437612                                        score: 13         nodes:1379140    time: 27308µs
[00:00:00.404] (7fe6613e0700) INFO   sequence: 17516442226766                                     score: 8          nodes:1439618    time: 9112µs
[00:00:00.412] (7fe6613e0700) INFO   sequence: 7343363417254                                      score: 14         nodes:1481104    time: 6652µs
[00:00:00.412] (7fe6613e0700) INFO   sequence: 74746315233                                        score: 15         nodes:1481178    time: 30µs
[00:00:00.431] (7fe6613e0700) INFO   sequence: 5654767662                                         score: 13         nodes:1592851    time: 17526µs
[00:00:00.434] (7fe6613e0700) INFO   sequence: 74642572132                                        score: 15         nodes:1607904    time: 2392µs
[00:00:00.435] (7fe6613e0700) INFO   sequence: 51756773145177                                     score: -10        nodes:1608597    time: 122µs
[00:00:00.442] (7fe6613e0700) INFO   sequence: 165746146225                                       score: -11        nodes:1652464    time: 6654µs
[00:00:00.444] (7fe6613e0700) INFO   sequence: 1562527227511                                      score: 13         nodes:1656480    time: 654µs
[00:00:00.444] (7fe6613e0700) INFO   sequence: 43745416472735                                     score: -13        nodes:1656540    time: 20µs
[00:00:00.453] (7fe6613e0700) INFO   sequence: 42434653771434                                     score: 9          nodes:1709181    time: 8035µs
[00:00:00.454] (7fe6613e0700) INFO   sequence: 1626434452343                                      score: 13         nodes:1709410    time: 43µs
[00:00:00.465] (7fe6613e0700) INFO   sequence: 6513243566177                                      score: 12         nodes:1780392    time: 10373µs
[00:00:00.484] (7fe6613e0700) INFO   sequence: 43623536647361                                     score: 11         nodes:1909611    time: 18422µs
[00:00:00.527] (7fe6613e0700) INFO   sequence: 35544262                                           score: 12         nodes:2174252    time: 41356µs
[00:00:00.535] (7fe6613e0700) INFO   sequence: 33375546411                                        score: -12        nodes:2224209    time: 7658µs
[00:00:00.547] (7fe6613e0700) INFO   sequence: 427631264721                                       score: 10         nodes:2295084    time: 11326µs
[00:00:00.548] (7fe6613e0700) INFO   sequence: 51615567                                           score: 15         nodes:2295173    time: 24µs
[00:00:00.549] (7fe6613e0700) INFO   sequence: 543772563551                                       score: 14         nodes:2295210    time: 16µs
[00:00:00.554] (7fe6613e0700) INFO   sequence: 27534134362633                                     score: 10         nodes:2329145    time: 4958µs
[00:00:00.575] (7fe6613e0700) INFO   sequence: 7234472553                                         score: 10         nodes:2448373    time: 19466µs
[00:00:00.580] (7fe6613e0700) INFO   sequence: 6126741462153                                      score: 14         nodes:2475335    time: 4533µs
[00:00:00.901] (7fe6613e0700) INFO   sequence: 4737                                               score: 18         nodes:4610362    time: 319780µs
[00:00:00.977] (7fe6613e0700) INFO   sequence: 7675456251                                         score: 13         nodes:5141050    time: 74716µs
[00:00:00.981] (7fe6613e0700) INFO   sequence: 737534232264                                       score: -10        nodes:5159183    time: 2832µs
[00:00:00.981] (7fe6613e0700) INFO   sequence: 2615522                                            score: 17         nodes:5159220    time: 17µs
[00:00:01.087] (7fe6613e0700) INFO   sequence: 37416146447                                        score: -9         nodes:5881971    time: 105032µs
[00:00:01.828] (7fe6613e0700) INFO   sequence: 14254                                              score: 18         nodes:10452489   time: 738918µs
[00:00:01.835] (7fe6613e0700) INFO   sequence: 24657443354                                        score: -9         nodes:10497983   time: 6717µs
[00:00:01.892] (7fe6613e0700) INFO   sequence: 421125247317                                       score: 13         nodes:10914685   time: 55730µs
[00:00:01.942] (7fe6613e0700) INFO   sequence: 441672735                                          score: 11         nodes:11244729   time: 48880µs
[00:00:01.947] (7fe6613e0700) INFO   sequence: 5416317226643                                      score: 11         nodes:11273055   time: 4690µs
[00:00:02.047] (7fe6613e0700) INFO   sequence: 25545                                              score: 18         nodes:11926989   time: 98878µs
[00:00:02.050] (7fe6613e0700) INFO   sequence: 716763353724                                       score: 13         nodes:11942651   time: 2210µs
[00:00:02.065] (7fe6613e0700) INFO   sequence: 1242536267                                         score: -11        nodes:12034821   time: 14164µs
[00:00:02.067] (7fe6613e0700) INFO   sequence: 7311452532672                                      score: 11         nodes:12044176   time: 1422µs
[00:00:02.105] (7fe6613e0700) INFO   sequence: 51322427                                           score: 14         nodes:12284560   time: 37555µs
[00:00:02.106] (7fe6613e0700) INFO   sequence: 5276313436535                                      score: -12        nodes:12284654   time: 26µs
[00:00:02.115] (7fe6613e0700) INFO   sequence: 47413665722                                        score: -11        nodes:12333606   time: 7770µs
[00:00:02.117] (7fe6613e0700) INFO   sequence: 13167624557                                        score: 12         nodes:12342583   time: 1473µs
[00:00:02.301] (7fe6613e0700) INFO   sequence: 65225331                                           score: 11         nodes:13484465   time: 182638µs
[00:00:02.325] (7fe6613e0700) INFO   sequence: 334275644                                          score: 16         nodes:13632654   time: 23212µs
[00:00:02.326] (7fe6613e0700) INFO   sequence: 54622223337635                                     score: -12        nodes:13632754   time: 30µs
[00:00:02.328] (7fe6613e0700) INFO   sequence: 7231776132635                                      score: -11        nodes:13642924   time: 1616µs
[00:00:02.471] (7fe6613e0700) INFO   sequence: 661613472611                                       score: -11        nodes:14611031   time: 142289µs
[00:00:02.487] (7fe6613e0700) INFO   sequence: 464652443565                                       score: -11        nodes:14703378   time: 14804µs
[00:00:02.504] (7fe6613e0700) INFO   sequence: 7336254227213                                      score: -9         nodes:14803723   time: 16027µs
[00:00:02.543] (7fe6613e0700) INFO   sequence: 1475174                                            score: 17         nodes:15043372   time: 37974µs
[00:00:02.545] (7fe6613e0700) INFO   sequence: 614213513                                          score: -12        nodes:15048622   time: 844µs
[00:00:02.552] (7fe6613e0700) INFO   sequence: 657251234112                                       score: 10         nodes:15091256   time: 6260µs
[00:00:02.603] (7fe6613e0700) INFO   sequence: 72247                                              score: 18         nodes:15405875   time: 50203µs
[00:00:02.622] (7fe6613e0700) INFO   sequence: 43214726                                           score: 13         nodes:15526506   time: 18624µs
[00:00:02.675] (7fe6613e0700) INFO   sequence: 313341                                             score: 17         nodes:15864782   time: 51951µs
[00:00:02.693] (7fe6613e0700) INFO   sequence: 3637124766                                         score: 10         nodes:15975398   time: 16616µs
[00:00:02.694] (7fe6613e0700) INFO   sequence: 45713322723                                        score: 15         nodes:15975435   time: 33µs
[00:00:02.892] (7fe6613e0700) INFO   sequence: 4161457576                                         score: 12         nodes:17377451   time: 196836µs
[00:00:02.894] (7fe6613e0700) INFO   sequence: 4752514115                                         score: 14         nodes:17385803   time: 1279µs
[00:00:02.902] (7fe6613e0700) INFO   sequence: 6571456427113                                      score: 11         nodes:17430611   time: 7001µs
[00:00:02.906] (7fe6613e0700) INFO   sequence: 1425525276343                                      score: 14         nodes:17451810   time: 3338µs
[00:00:02.908] (7fe6613e0700) INFO   sequence: 22347273731                                        score: 13         nodes:17463899   time: 1891µs
[00:00:02.948] (7fe6613e0700) INFO   sequence: 25144                                              score: 18         nodes:17743213   time: 39224µs
[00:00:03.017] (7fe6613e0700) INFO   sequence: 32153635422                                        score: -9         nodes:18210738   time: 67509µs
[00:00:03.018] (7fe6613e0700) INFO   sequence: 4337377231257                                      score: -13        nodes:18210789   time: 27µs
[00:00:03.019] (7fe6613e0700) INFO   sequence: 513432277262                                       score: 14         nodes:18210826   time: 16µs
[00:00:03.024] (7fe6613e0700) INFO   sequence: 76234731336425                                     score: 11         nodes:18242007   time: 4509µs
[00:00:03.025] (7fe6613e0700) INFO   sequence: 523463127                                          score: 16         nodes:18242044   time: 33µs
[00:00:03.046] (7fe6613e0700) INFO   sequence: 76325166734314                                     score: -11        nodes:18370744   time: 20294µs
[00:00:03.230] (7fe6613e0700) INFO   sequence: 72244                                              score: 18         nodes:19694590   time: 182806µs
[00:00:03.230] (7fe6613e0700) INFO   sequence: 25362556661                                        score: 14         nodes:19694673   time: 31µs
[00:00:03.232] (7fe6613e0700) INFO   sequence: 376645334561                                       score: 12         nodes:19698554   time: 641µs
[00:00:03.244] (7fe6613e0700) INFO   sequence: 34256765517435                                     score: 12         nodes:19777687   time: 11733µs
[00:00:03.249] (7fe6613e0700) INFO   sequence: 6545423651                                         score: 12         nodes:19801660   time: 3868µs
[00:00:03.250] (7fe6613e0700) INFO   sequence: 223331654                                          score: 16         nodes:19801697   time: 17µs
[00:00:03.267] (7fe6613e0700) INFO   sequence: 3574515645                                         score: 15         nodes:19916945   time: 16448µs
[00:00:03.268] (7fe6613e0700) INFO   sequence: 4331773512476                                      score: -12        nodes:19922945   time: 945µs
[00:00:03.278] (7fe6613e0700) INFO   sequence: 72122463145                                        score: 10         nodes:19980491   time: 8870µs
[00:00:03.280] (7fe6613e0700) INFO   sequence: 74242117222573                                     score: -11        nodes:19989526   time: 1370µs
[00:00:03.318] (7fe6613e0700) INFO   sequence: 7313245                                            score: 13         nodes:20239451   time: 36675µs
[00:00:03.320] (7fe6613e0700) INFO   sequence: 76727734653333                                     score: 9          nodes:20248528   time: 1399µs
[00:00:03.369] (7fe6613e0700) INFO   sequence: 2231333175746                                      score: 11         nodes:20588358   time: 48275µs
[00:00:03.376] (7fe6613e0700) INFO   sequence: 22523567532                                        score: 10         nodes:20630908   time: 6399µs
[00:00:03.427] (7fe6613e0700) INFO   sequence: 557455364765                                       score: 13         nodes:21015116   time: 50187µs
[00:00:03.429] (7fe6613e0700) INFO   sequence: 12447313567113                                     score: -13        nodes:21017831   time: 433µs
[00:00:03.442] (7fe6613e0700) INFO   sequence: 475262114                                          score: -11        nodes:21097639   time: 12518µs
[00:00:03.531] (7fe6613e0700) INFO   sequence: 1425241                                            score: 17         nodes:21722473   time: 88341µs
[00:00:03.585] (7fe6613e0700) INFO   sequence: 624261                                             score: 17         nodes:22060672   time: 52852µs
[00:00:03.593] (7fe6613e0700) INFO   sequence: 3334574745                                         score: 12         nodes:22102180   time: 6583µs
[00:00:03.784] (7fe6613e0700) INFO   sequence: 545355462                                          score: -12        nodes:23449046   time: 190358µs
[00:00:03.793] (7fe6613e0700) INFO   sequence: 7344247763144                                      score: 11         nodes:23495844   time: 7629µs
[00:00:03.795] (7fe6613e0700) INFO   sequence: 735537451656                                       score: -13        nodes:23506932   time: 1706µs
[00:00:03.828] (7fe6613e0700) INFO   sequence: 6524141431                                         score: -13        nodes:23714660   time: 31909µs
[00:00:03.829] (7fe6613e0700) INFO   sequence: 13116246361136                                     score: 10         nodes:23718253   time: 548µs
[00:00:03.839] (7fe6613e0700) INFO   sequence: 6116442561763                                      score: 14         nodes:23776797   time: 9770µs
[00:00:03.859] (7fe6613e0700) INFO   sequence: 624741213                                          score: -12        nodes:23890942   time: 18210µs
[00:00:03.889] (7fe6613e0700) INFO   sequence: 256613535637                                       score: 9          nodes:24076791   time: 28973µs
[00:00:03.893] (7fe6613e0700) INFO   sequence: 45657176263                                        score: 13         nodes:24097209   time: 3397µs
[00:00:03.915] (7fe6613e0700) INFO   sequence: 442317624273                                       score: -13        nodes:24233785   time: 21784µs
[00:00:03.917] (7fe6613e0700) INFO   sequence: 245541133241                                       score: 13         nodes:24243294   time: 1471µs
[00:00:03.950] (7fe6613e0700) INFO   sequence: 33125264535526                                     score: -11        nodes:24493938   time: 31883µs
[00:00:04.190] (7fe6613e0700) INFO   sequence: 144476764                                          score: 11         nodes:26147020   time: 238548µs
[00:00:04.200] (7fe6613e0700) INFO   sequence: 256646373                                          score: -10        nodes:26206101   time: 9302µs
[00:00:04.287] (7fe6613e0700) INFO   sequence: 614124                                             score: 17         nodes:26793152   time: 85661µs
[00:00:04.320] (7fe6613e0700) INFO   sequence: 753626366367                                       score: 11         nodes:27026330   time: 32237µs
[00:00:04.322] (7fe6613e0700) INFO   sequence: 24527634652517                                     score: -12        nodes:27033391   time: 1138µs
[00:00:04.338] (7fe6613e0700) INFO   sequence: 7714443114735                                      score: 9          nodes:27135265   time: 15845µs
[00:00:04.415] (7fe6613e0700) INFO   sequence: 6114613746                                         score: 12         nodes:27645680   time: 75835µs
[00:00:04.436] (7fe6613e0700) INFO   sequence: 127371462333                                       score: 10         nodes:27770350   time: 19071µs
[00:00:04.439] (7fe6613e0700) INFO   sequence: 372364422621                                       score: 9          nodes:27791187   time: 3214µs
[00:00:04.440] (7fe6613e0700) INFO   sequence: 375335                                             score: 17         nodes:27791224   time: 16µs
[00:00:04.443] (7fe6613e0700) INFO   sequence: 41166362123631                                     score: 9          nodes:27800666   time: 1741µs
[00:00:04.464] (7fe6613e0700) INFO   sequence: 45675711324                                        score: -11        nodes:27938329   time: 20886µs
[00:00:04.465] (7fe6613e0700) INFO   sequence: 21114613653733                                     score: 13         nodes:27938366   time: 19µs
[00:00:04.468] (7fe6613e0700) INFO   sequence: 135441725732                                       score: 12         nodes:27950836   time: 1943µs
[00:00:04.470] (7fe6613e0700) INFO   sequence: 635673616                                          score: 11         nodes:27961246   time: 1650µs
[00:00:04.475] (7fe6613e0700) INFO   sequence: 373243162662                                       score: 9          nodes:27988854   time: 4406µs
[00:00:04.476] (7fe6613e0700) INFO   sequence: 54662765362                                        score: 15         nodes:27988891   time: 17µs
[00:00:04.526] (7fe6613e0700) INFO   sequence: 333343                                             score: 17         nodes:28305362   time: 49177µs
[00:00:04.532] (7fe6613e0700) INFO   sequence: 26551534743                                        score: 13         nodes:28338791   time: 5258µs
[00:00:04.567] (7fe6613e0700) INFO   sequence: 31323347                                           score: 13         nodes:28549425   time: 33912µs
[00:00:04.586] (7fe6613e0700) INFO   sequence: 4176221235771                                      score: 10         nodes:28669130   time: 18380µs
[00:00:04.594] (7fe6613e0700) INFO   sequence: 76532215761655                                     score: -9         nodes:28712864   time: 6609µs
[00:00:04.616] (7fe6613e0700) INFO   sequence: 3115364713                                         score: 13         nodes:28853268   time: 21887µs
[00:00:04.617] (7fe6613e0700) INFO   sequence: 575556156432                                       score: 14         nodes:28853305   time: 19µs
[00:00:05.212] (7fe6613e0700) INFO   sequence: 5544                                               score: 18         nodes:33131395   time: 593841µs
[00:00:05.213] (7fe6613e0700) INFO   sequence: 72744157723432                                     score: -11        nodes:33133596   time: 358µs
[00:00:05.246] (7fe6613e0700) INFO   sequence: 12462416526673                                     score: -12        nodes:33354148   time: 31910µs
[00:00:05.246] (7fe6613e0700) INFO   sequence: 3415552437652                                      score: 13         nodes:33354238   time: 26µs
[00:00:05.299] (7fe6613e0700) INFO   sequence: 762642                                             score: 17         nodes:33690836   time: 51943µs
[00:00:05.323] (7fe6613e0700) INFO   sequence: 1664737326                                         score: -11        nodes:33836905   time: 22433µs
[00:00:05.343] (7fe6613e0700) INFO   sequence: 32161451752                                        score: 11         nodes:33961848   time: 19101µs
[00:00:05.364] (7fe6613e0700) INFO   sequence: 473125476434                                       score: 14         nodes:34097943   time: 20343µs
[00:00:05.365] (7fe6613e0700) INFO   sequence: 23644721411517                                     score: 12         nodes:34102590   time: 688µs
[00:00:05.373] (7fe6613e0700) INFO   sequence: 27164442432572                                     score: -12        nodes:34153178   time: 7056µs
[00:00:05.381] (7fe6613e0700) INFO   sequence: 72267122544677                                     score: -13        nodes:34204052   time: 7928µs
[00:00:05.386] (7fe6613e0700) INFO   sequence: 54516132144461                                     score: 11         nodes:34229247   time: 3852µs
[00:00:05.387] (7fe6613e0700) INFO   sequence: 362236                                             score: 17         nodes:34229284   time: 17µs
[00:00:05.390] (7fe6613e0700) INFO   sequence: 6165621512444                                      score: 10         nodes:34246758   time: 2462µs
[00:00:05.400] (7fe6613e0700) INFO   sequence: 712221454212                                       score: 12         nodes:34309298   time: 9020µs
[00:00:05.422] (7fe6613e0700) INFO   sequence: 3561251232114                                      score: 12         nodes:34471215   time: 21998µs
[00:00:05.429] (7fe6613e0700) INFO   sequence: 3224445327                                         score: 15         nodes:34510190   time: 6082µs
[00:00:05.436] (7fe6613e0700) INFO   sequence: 73235641141                                        score: 15         nodes:34550818   time: 6165µs
[00:00:05.462] (7fe6613e0700) INFO   sequence: 13475463423                                        score: 15         nodes:34712528   time: 24785µs
[00:00:05.469] (7fe6613e0700) INFO   sequence: 22656563463                                        score: 15         nodes:34751365   time: 5953µs
[00:00:05.470] (7fe6613e0700) INFO   sequence: 7615433736662                                      score: 14         nodes:34751402   time: 18µs
[00:00:05.606] (7fe6613e0700) INFO   sequence: 521244                                             score: 17         nodes:35658321   time: 135460µs
[00:00:05.635] (7fe6613e0700) INFO   sequence: 2176656775                                         score: 12         nodes:35856211   time: 28526µs
[00:00:05.646] (7fe6613e0700) INFO   sequence: 547561422235                                       score: 13         nodes:35920821   time: 10322µs
[00:00:05.708] (7fe6613e0700) INFO   sequence: 746774466413                                       score: -13        nodes:36329075   time: 60397µs
[00:00:05.713] (7fe6613e0700) INFO   sequence: 63657527753723                                     score: -12        nodes:36358042   time: 4184µs
[00:00:06.044] (7fe6613e0700) INFO   sequence: 3643                                               score: 18         nodes:38580581   time: 330268µs
[00:00:06.318] (7fe6613e0700) INFO   sequence: 542374177555                                       score: -9         nodes:40365642   time: 272473µs
[00:00:06.319] (7fe6613e0700) INFO   sequence: 32421655351546                                     score: -12        nodes:40367933   time: 379µs
[00:00:06.335] (7fe6613e0700) INFO   sequence: 346247312                                          score: -12        nodes:40460116   time: 14837µs
[00:00:06.344] (7fe6613e0700) INFO   sequence: 35345615747415                                     score: -8         nodes:40514182   time: 8699µs
[00:00:06.345] (7fe6613e0700) INFO   sequence: 7227565724662                                      score: -10        nodes:40517541   time: 470µs
[00:00:06.387] (7fe6613e0700) INFO   sequence: 16521753615552                                     score: 8          nodes:40818724   time: 40939µs
[00:00:06.394] (7fe6613e0700) INFO   sequence: 113464152                                          score: 12         nodes:40855944   time: 5920µs
[00:00:06.413] (7fe6613e0700) INFO   sequence: 7234616356741                                      score: 12         nodes:40986613   time: 18626µs
[00:00:06.416] (7fe6613e0700) INFO   sequence: 55162243154111                                     score: 12         nodes:40997222   time: 1681µs
[00:00:06.431] (7fe6613e0700) INFO   sequence: 47465542556114                                     score: 11         nodes:41104321   time: 14616µs
[00:00:06.435] (7fe6613e0700) INFO   sequence: 3272634345157                                      score: 13         nodes:41127024   time: 3353µs
[00:00:06.491] (7fe6613e0700) INFO   sequence: 46454432                                           score: 13         nodes:41478167   time: 54793µs
[00:00:06.538] (7fe6613e0700) INFO   sequence: 3175372764                                         score: 10         nodes:41789694   time: 46342µs
[00:00:06.539] (7fe6613e0700) INFO   sequence: 71424112261552                                     score: 12         nodes:41790165   time: 76µs
[00:00:06.543] (7fe6613e0700) INFO   sequence: 4151264723                                         score: 12         nodes:41804832   time: 2720µs
[00:00:06.543] (7fe6613e0700) INFO   sequence: 2616527553214                                      score: 14         nodes:41804869   time: 19µs
[00:00:06.617] (7fe6613e0700) INFO   sequence: 457672175556                                       score: 9          nodes:42296607   time: 72651µs
[00:00:06.645] (7fe6613e0700) INFO   sequence: 137324747                                          score: 12         nodes:42467993   time: 26798µs
[00:00:06.651] (7fe6613e0700) INFO   sequence: 1416213444411                                      score: 12         nodes:42502891   time: 5455µs
[00:00:06.652] (7fe6613e0700) INFO   sequence: 11376375724251                                     score: 12         nodes:42502994   time: 26µs
[00:00:07.265] (7fe6613e0700) INFO   sequence: 664724                                             score: 17         nodes:47036421   time: 612722µs
[00:00:07.289] (7fe6613e0700) INFO   sequence: 1772143144624                                      score: 13         nodes:47184096   time: 23017µs
[00:00:07.364] (7fe6613e0700) INFO   sequence: 326323127                                          score: 11         nodes:47674354   time: 74087µs
[00:00:07.365] (7fe6613e0700) INFO   sequence: 625435133                                          score: 16         nodes:47674391   time: 28µs
[00:00:07.372] (7fe6613e0700) INFO   sequence: 7172513311461                                      score: 9          nodes:47708643   time: 5681µs
[00:00:07.373] (7fe6613e0700) INFO   sequence: 3512734615664                                      score: 13         nodes:47710176   time: 200µs
[00:00:07.660] (7fe6613e0700) INFO   sequence: 6141                                               score: 18         nodes:49537245   time: 286371µs
[00:00:07.661] (7fe6613e0700) INFO   sequence: 77673623653252                                     score: 13         nodes:49537282   time: 28µs
[00:00:07.675] (7fe6613e0700) INFO   sequence: 274547166                                          score: -12        nodes:49622410   time: 13202µs
[00:00:07.676] (7fe6613e0700) INFO   sequence: 16777772566554                                     score: 13         nodes:49622447   time: 22µs
[00:00:07.690] (7fe6613e0700) INFO   sequence: 427132473723                                       score: 11         nodes:49714139   time: 13760µs
[00:00:07.694] (7fe6613e0700) INFO   sequence: 1177544326645                                      score: -13        nodes:49727879   time: 2395µs
