[00:00:00.408] (70000dbd2000) INFO   sequence: 5554224333234511764415115                          score: 4          nodes:1406       time: 3798µs
[00:00:00.409] (70000dbd2000) INFO   sequence: 52753311433677442422121                            score: 8          nodes:186        time: 408µs
[00:00:00.413] (70000dbd2000) INFO   sequence: 1233722555341451114725221333                       score: -1         nodes:2741       time: 3556µs
[00:00:00.414] (70000dbd2000) INFO   sequence: 271713432331713132                                 score: -11        nodes:13         time: 188µs
[00:00:00.416] (70000dbd2000) INFO   sequence: 6672375354252731116762237724                       score: -2         nodes:1176       time: 1358µs
[00:00:00.417] (70000dbd2000) INFO   sequence: 763452543756455357732314                           score: -8         nodes:13         time: 185µs
[00:00:00.417] (70000dbd2000) INFO   sequence: 662222576343651642712157                           score: 8          nodes:8          time: 181µs
[00:00:00.418] (70000dbd2000) INFO   sequence: 3455565261655364217                                score: -10        nodes:14         time: 196µs
[00:00:00.420] (70000dbd2000) INFO   sequence: 4661237137541742643224                             score: 8          nodes:913        time: 1032µs
[00:00:00.422] (70000dbd2000) INFO   sequence: 21253774536432517717274325                         score: 2          nodes:1088       time: 1352µs
[00:00:00.429] (70000dbd2000) INFO   sequence: 715371563635542612576371                           score: 3          nodes:7238       time: 7215µs
[00:00:00.431] (70000dbd2000) INFO   sequence: 4435612735531457155143                             score: -5         nodes:1192       time: 1373µs
[00:00:00.432] (70000dbd2000) INFO   sequence: 3457741246677474572223453551                       score: 5          nodes:17         time: 189µs
[00:00:00.433] (70000dbd2000) INFO   sequence: 754732466173162124726115261                        score: 7          nodes:10         time: 227µs
[00:00:00.433] (70000dbd2000) INFO   sequence: 64115442265757253615                               score: 10         nodes:10         time: 185µs
[00:00:00.434] (70000dbd2000) INFO   sequence: 34651743747475571565                               score: -9         nodes:87         time: 260µs
[00:00:00.435] (70000dbd2000) INFO   sequence: 36127316172165452675422251                         score: 7          nodes:8          time: 180µs
[00:00:00.436] (70000dbd2000) INFO   sequence: 4235245615377275211512                             score: -7         nodes:108        time: 334µs
[00:00:00.436] (70000dbd2000) INFO   sequence: 122435527534575161761                              score: 10         nodes:9          time: 183µs
[00:00:00.444] (70000dbd2000) INFO   sequence: 473175162213611457122724                           score: -7         nodes:6315       time: 6906µs
[00:00:00.445] (70000dbd2000) INFO   sequence: 5533212164224336233241461                          score: 3          nodes:275        time: 474µs
[00:00:00.445] (70000dbd2000) INFO   sequence: 1231426213112346726266353                          score: -7         nodes:32         time: 202µs
[00:00:00.447] (70000dbd2000) INFO   sequence: 45277231624411643516213                            score: 8          nodes:772        time: 990µs
[00:00:00.450] (70000dbd2000) INFO   sequence: 1667675535724753771415352132                       score: 1          nodes:2899       time: 3032µs
[00:00:00.470] (70000dbd2000) INFO   sequence: 41416453222527221644                               score: 10         nodes:16024      time: 18964µs
[00:00:00.471] (70000dbd2000) INFO   sequence: 1715764132212113656454                             score: -9         nodes:15         time: 190µs
[00:00:00.472] (70000dbd2000) INFO   sequence: 651142666562345525716135112                        score: 2          nodes:288        time: 459µs
[00:00:00.477] (70000dbd2000) INFO   sequence: 7532455277545526                                   score: -10        nodes:4400       time: 4457µs
[00:00:00.479] (70000dbd2000) INFO   sequence: 2737772244262123677516643354                       score: 0          nodes:1247       time: 1526µs
[00:00:00.479] (70000dbd2000) INFO   sequence: 5746741223753516274755                             score: 8          nodes:23         time: 194µs
[00:00:00.480] (70000dbd2000) INFO   sequence: 736655673445166272447546                           score: -7         nodes:349        time: 502µs
[00:00:00.481] (70000dbd2000) INFO   sequence: 5237261635627332664143376                          score: 8          nodes:8          time: 182µs
[00:00:00.485] (70000dbd2000) INFO   sequence: 5617131757733341415                                score: -8         nodes:2776       time: 3002µs
[00:00:00.488] (70000dbd2000) INFO   sequence: 6561461362133747245312317267                       score: 0          nodes:2309       time: 2607µs
[00:00:00.489] (70000dbd2000) INFO   sequence: 3111642212167362762555645527                       score: -2         nodes:738        time: 946µs
[00:00:00.490] (70000dbd2000) INFO   sequence: 46212622667241121631756                            score: -8         nodes:12         time: 195µs
[00:00:00.491] (70000dbd2000) INFO   sequence: 47611556754127222                                  score: 12         nodes:9          time: 183µs
[00:00:00.586] (70000dbd2000) INFO   sequence: 3262221111647466                                   score: -12        nodes:85076      time: 94157µs
[00:00:00.586] (70000dbd2000) INFO   sequence: 7722654117336331661371176                          score: 7          nodes:20         time: 233µs
[00:00:00.591] (70000dbd2000) INFO   sequence: 3237735666151513515634                             score: -7         nodes:4287       time: 4281µs
[00:00:00.599] (70000dbd2000) INFO   sequence: 71521736623715176174362                            score: -8         nodes:7250       time: 7149µs
[00:00:00.613] (70000dbd2000) INFO   sequence: 544111732146347                                    score: -9         nodes:14038      time: 13652µs
[00:00:00.615] (70000dbd2000) INFO   sequence: 47724652442416755146                               score: 8          nodes:1439       time: 1566µs
[00:00:00.616] (70000dbd2000) INFO   sequence: 54527613337336351111622                            score: 9          nodes:8          time: 184µs
[00:00:00.632] (70000dbd2000) INFO   sequence: 35531254275547623                                  score: -9         nodes:15076      time: 15750µs
[00:00:00.634] (70000dbd2000) INFO   sequence: 16773414341241421774376322                         score: -5         nodes:1488       time: 1652µs
[00:00:00.635] (70000dbd2000) INFO   sequence: 175617344365477255                                 score: 11         nodes:29         time: 201µs
[00:00:00.636] (70000dbd2000) INFO   sequence: 411717625255115123554                              score: -9         nodes:12         time: 185µs
[00:00:00.651] (70000dbd2000) INFO   sequence: 13227167421566572721                               score: -9         nodes:13049      time: 14905µs
[00:00:00.652] (70000dbd2000) INFO   sequence: 1456346777667336372                                score: 11         nodes:30         time: 223µs
[00:00:00.653] (70000dbd2000) INFO   sequence: 3464123621337153667644637227                       score: 2          nodes:286        time: 456µs
[00:00:00.655] (70000dbd2000) INFO   sequence: 31266511114762722166672                            score: -3         nodes:1213       time: 1372µs
[00:00:00.659] (70000dbd2000) INFO   sequence: 137616613112365341                                 score: 6          nodes:3046       time: 3235µs
[00:00:00.674] (70000dbd2000) INFO   sequence: 6237377156733264225773                             score: 8          nodes:14030      time: 15152µs
[00:00:00.675] (70000dbd2000) INFO   sequence: 55371476331451637535                               score: 10         nodes:9          time: 185µs
[00:00:00.676] (70000dbd2000) INFO   sequence: 615475226615213226217557                           score: -8         nodes:14         time: 188µs
[00:00:00.677] (70000dbd2000) INFO   sequence: 5127773675347376151                                score: 10         nodes:180        time: 338µs
[00:00:00.683] (70000dbd2000) INFO   sequence: 7717464322265274226441151                          score: 3          nodes:5922       time: 6084µs
[00:00:00.687] (70000dbd2000) INFO   sequence: 55772343111646575236                               score: 5          nodes:3158       time: 3503µs
[00:00:00.697] (70000dbd2000) INFO   sequence: 72276133256716235275764                            score: 7          nodes:9358       time: 9459µs
[00:00:00.698] (70000dbd2000) INFO   sequence: 65452257612667655615271112                         score: -4         nodes:253        time: 417µs
[00:00:00.699] (70000dbd2000) INFO   sequence: 2577525532532441626                                score: -9         nodes:98         time: 260µs
[00:00:00.703] (70000dbd2000) INFO   sequence: 35653272262316437167672                            score: -3         nodes:2709       time: 2919µs
[00:00:00.703] (70000dbd2000) INFO   sequence: 1243234332773245342572475767                       score: 5          nodes:50         time: 230µs
[00:00:00.704] (70000dbd2000) INFO   sequence: 7535125153114313                                   score: -11        nodes:37         time: 213µs
[00:00:00.756] (70000dbd2000) INFO   sequence: 253527614166761447574                              score: -6         nodes:50919      time: 51498µs
[00:00:00.758] (70000dbd2000) INFO   sequence: 245715112455274665623715716                        score: -2         nodes:699        time: 867µs
[00:00:00.758] (70000dbd2000) INFO   sequence: 56222765165254226556673774                         score: 7          nodes:7          time: 181µs
[00:00:00.760] (70000dbd2000) INFO   sequence: 77426557613323765616122535                         score: 2          nodes:1124       time: 1311µs
[00:00:00.761] (70000dbd2000) INFO   sequence: 4644613266742167756722771541                       score: -4         nodes:581        time: 766µs
[00:00:00.762] (70000dbd2000) INFO   sequence: 452631744441223222647115                           score: 6          nodes:218        time: 394µs
[00:00:00.774] (70000dbd2000) INFO   sequence: 6462662734332655671542313                          score: 8          nodes:11025      time: 11740µs
[00:00:00.775] (70000dbd2000) INFO   sequence: 4373163754466323                                   score: -12        nodes:18         time: 191µs
[00:00:00.776] (70000dbd2000) INFO   sequence: 45542744735462742                                  score: -11        nodes:37         time: 206µs
[00:00:00.777] (70000dbd2000) INFO   sequence: 52225553533233247312617                            score: -7         nodes:56         time: 224µs
[00:00:00.800] (70000dbd2000) INFO   sequence: 3246237456535345371512                             score: 9          nodes:20962      time: 22526µs
[00:00:00.906] (70000dbd2000) INFO   sequence: 212532617775164141                                 score: 10         nodes:96488      time: 105273µs
[00:00:00.907] (70000dbd2000) INFO   sequence: 67421253275551744225213                            score: 8          nodes:20         time: 236µs
[00:00:00.907] (70000dbd2000) INFO   sequence: 33313546767235271352                               score: 7          nodes:109        time: 317µs
[00:00:00.909] (70000dbd2000) INFO   sequence: 411364471753646417433177755                        score: 3          nodes:415        time: 609µs
[00:00:00.910] (70000dbd2000) INFO   sequence: 1224277247774721613545115                          score: -6         nodes:1122       time: 1344µs
[00:00:00.914] (70000dbd2000) INFO   sequence: 76543123446324223431432127                         score: -2         nodes:2182       time: 2555µs
[00:00:00.930] (70000dbd2000) INFO   sequence: 5165132157277276134227475                          score: 8          nodes:15094      time: 15785µs
[00:00:00.931] (70000dbd2000) INFO   sequence: 7646171641443471716532164                          score: -2         nodes:678        time: 841µs
[00:00:00.932] (70000dbd2000) INFO   sequence: 27625643743643521753111                            score: 8          nodes:367        time: 504µs
[00:00:01.002] (70000dbd2000) INFO   sequence: 522264452736756                                    score: 12         nodes:69608      time: 68866µs
[00:00:01.008] (70000dbd2000) INFO   sequence: 57553212327714336423676622                         score: -2         nodes:6133       time: 6238µs
[00:00:01.009] (70000dbd2000) INFO   sequence: 553332366276267756111555776                        score: 7          nodes:7          time: 181µs
[00:00:01.010] (70000dbd2000) INFO   sequence: 7725135517613477                                   score: 12         nodes:9          time: 184µs
[00:00:01.011] (70000dbd2000) INFO   sequence: 7555726532567141222715416466                       score: -6         nodes:14         time: 190µs
[00:00:01.012] (70000dbd2000) INFO   sequence: 734476631737161177341324354                        score: 7          nodes:414        time: 616µs
[00:00:01.013] (70000dbd2000) INFO   sequence: 62623724435526761122431133                         score: -2         nodes:520        time: 712µs
[00:00:01.017] (70000dbd2000) INFO   sequence: 271411161457254361726                              score: -7         nodes:3081       time: 3337µs
[00:00:01.017] (70000dbd2000) INFO   sequence: 7617657562173664715555                             score: 9          nodes:8          time: 183µs
[00:00:01.022] (70000dbd2000) INFO   sequence: 777322726313643756152546                           score: -3         nodes:3778       time: 3912µs
[00:00:01.095] (70000dbd2000) INFO   sequence: 16445643742326746657                               score: 9          nodes:70357      time: 72989µs
[00:00:01.099] (70000dbd2000) INFO   sequence: 3612577271337526673343274                          score: -4         nodes:2951       time: 3223µs
[00:00:01.100] (70000dbd2000) INFO   sequence: 7125417577721225375266556                          score: 7          nodes:21         time: 198µs
[00:00:01.101] (70000dbd2000) INFO   sequence: 65644113777615216373313743                         score: 7          nodes:8          time: 181µs
[00:00:01.102] (70000dbd2000) INFO   sequence: 546167317562564251256237162                        score: -5         nodes:429        time: 628µs
[00:00:01.179] (70000dbd2000) INFO   sequence: 6673377312746732                                   score: -10        nodes:69208      time: 76650µs
[00:00:01.180] (70000dbd2000) INFO   sequence: 4641133162345542                                   score: 11         nodes:23         time: 206µs
[00:00:01.180] (70000dbd2000) INFO   sequence: 5365373625572524614352316                          score: 8          nodes:8          time: 182µs
[00:00:01.182] (70000dbd2000) INFO   sequence: 657341635416555625471                              score: 9          nodes:416        time: 565µs
[00:00:01.183] (70000dbd2000) INFO   sequence: 6747357277725656364415                             score: -8         nodes:1202       time: 1407µs
[00:00:01.200] (70000dbd2000) INFO   sequence: 757154666551751363272                              score: 8          nodes:16334      time: 15695µs
[00:00:01.201] (70000dbd2000) INFO   sequence: 6132623667546521255623127                          score: -2         nodes:1174       time: 1331µs
[00:00:01.205] (70000dbd2000) INFO   sequence: 315225171236276777666271                           score: 6          nodes:3151       time: 3270µs
[00:00:01.206] (70000dbd2000) INFO   sequence: 113422122167672244746117367                        score: 2          nodes:254        time: 434µs
[00:00:01.207] (70000dbd2000) INFO   sequence: 5347374145757771622512325                          score: 8          nodes:8          time: 181µs
[00:00:01.213] (70000dbd2000) INFO   sequence: 31124166611476652461                               score: -7         nodes:5126       time: 5260µs
[00:00:01.223] (70000dbd2000) INFO   sequence: 62523333557451566631264                            score: -6         nodes:8586       time: 9543µs
[00:00:01.224] (70000dbd2000) INFO   sequence: 713311533551231314755                              score: 10         nodes:7          time: 256µs
[00:00:01.228] (70000dbd2000) INFO   sequence: 51137351146565342411                               score: -10        nodes:2511       time: 2924µs
[00:00:01.234] (70000dbd2000) INFO   sequence: 3543166713733245231117                             score: -4         nodes:5707       time: 5941µs
[00:00:01.239] (70000dbd2000) INFO   sequence: 3217735763522667143373                             score: 8          nodes:3419       time: 3797µs
[00:00:01.241] (70000dbd2000) INFO   sequence: 6442147133575712244172                             score: -8         nodes:2014       time: 2118µs
[00:00:01.243] (70000dbd2000) INFO   sequence: 22756642677321336736612773                         score: 2          nodes:637        time: 789µs
[00:00:01.243] (70000dbd2000) INFO   sequence: 67647316672176756255331                            score: -8         nodes:14         time: 186µs
[00:00:01.244] (70000dbd2000) INFO   sequence: 625162614337765                                    score: -11        nodes:30         time: 200µs
[00:00:01.398] (70000dbd2000) INFO   sequence: 47254525565152712                                  score: 8          nodes:158227     time: 153926µs
[00:00:01.401] (70000dbd2000) INFO   sequence: 446755524273322124445127                           score: 3          nodes:1191       time: 1458µs
[00:00:01.402] (70000dbd2000) INFO   sequence: 53337315253236517157261411                         score: 2          nodes:1325       time: 1436µs
[00:00:01.403] (70000dbd2000) INFO   sequence: 52126366244377536726                               score: -10        nodes:16         time: 188µs
[00:00:01.485] (70000dbd2000) INFO   sequence: 5266416344462647                                   score: 12         nodes:80750      time: 81182µs
[00:00:01.743] (70000dbd2000) INFO   sequence: 7112154467341431                                   score: -10        nodes:246552     time: 256991µs
[00:00:01.771] (70000dbd2000) INFO   sequence: 676524651176255741                                 score: 7          nodes:29244      time: 28151µs
[00:00:01.772] (70000dbd2000) INFO   sequence: 15721313466562712137                               score: 7          nodes:129        time: 279µs
[00:00:01.820] (70000dbd2000) INFO   sequence: 71114661511246636                                  score: -6         nodes:45589      time: 46849µs
[00:00:01.821] (70000dbd2000) INFO   sequence: 5641274173637715675655753                          score: -3         nodes:1120       time: 1331µs
[00:00:01.824] (70000dbd2000) INFO   sequence: 65145566762633644215                               score: 9          nodes:2008       time: 2148µs
[00:00:01.825] (70000dbd2000) INFO   sequence: 117315167545341124                                 score: -10        nodes:185        time: 352µs
[00:00:01.826] (70000dbd2000) INFO   sequence: 72572533563327373216                               score: -10        nodes:14         time: 188µs
[00:00:01.828] (70000dbd2000) INFO   sequence: 1216176353566455625361277537                       score: 1          nodes:1861       time: 1944µs
[00:00:01.829] (70000dbd2000) INFO   sequence: 513635225523631475657331                           score: 8          nodes:15         time: 188µs
[00:00:01.830] (70000dbd2000) INFO   sequence: 5226731653116776772711142                          score: -6         nodes:67         time: 234µs
[00:00:01.835] (70000dbd2000) INFO   sequence: 2556551746465373772733636                          score: -3         nodes:4872       time: 5207µs
[00:00:01.855] (70000dbd2000) INFO   sequence: 166676351322113324621                              score: 10         nodes:19570      time: 19257µs
[00:00:01.856] (70000dbd2000) INFO   sequence: 234331235273567223257514116                        score: 5          nodes:169        time: 350µs
[00:00:01.950] (70000dbd2000) INFO   sequence: 6464223476161123                                   score: -10        nodes:93278      time: 93548µs
[00:00:01.951] (70000dbd2000) INFO   sequence: 744756377222471165                                 score: 11         nodes:9          time: 215µs
[00:00:01.956] (70000dbd2000) INFO   sequence: 3374372732172176214213256                          score: -3         nodes:4157       time: 4369µs
[00:00:01.957] (70000dbd2000) INFO   sequence: 37327525173143631662325662                         score: 2          nodes:647        time: 799µs
[00:00:01.964] (70000dbd2000) INFO   sequence: 5516724631166275312523525677                       score: -2         nodes:6016       time: 6189µs
[00:00:01.965] (70000dbd2000) INFO   sequence: 1225772337767151                                   score: 12         nodes:9          time: 183µs
[00:00:01.975] (70000dbd2000) INFO   sequence: 37542511245635225762                               score: 10         nodes:8699       time: 9547µs
[00:00:01.976] (70000dbd2000) INFO   sequence: 65313213177411167266555                            score: 8          nodes:42         time: 217µs
[00:00:01.979] (70000dbd2000) INFO   sequence: 62214763523662142136564                            score: -7         nodes:2745       time: 2954µs
[00:00:01.982] (70000dbd2000) INFO   sequence: 1462571636416267177611                             score: 4          nodes:2629       time: 2696µs
[00:00:01.991] (70000dbd2000) INFO   sequence: 317332211766171563334                              score: -4         nodes:7064       time: 7675µs
[00:00:01.993] (70000dbd2000) INFO   sequence: 7236227623622346474116546144                       score: 0          nodes:1088       time: 1528µs
[00:00:01.994] (70000dbd2000) INFO   sequence: 35674332132366762241632                            score: -8         nodes:14         time: 196µs
[00:00:01.996] (70000dbd2000) INFO   sequence: 6531112231141276724767552                          score: 8          nodes:1178       time: 1418µs
[00:00:02.000] (70000dbd2000) INFO   sequence: 761471225521321                                    score: 11         nodes:3177       time: 3253µs
[00:00:02.003] (70000dbd2000) INFO   sequence: 136215442375624672646433                           score: -4         nodes:2579       time: 2814µs
[00:00:02.004] (70000dbd2000) INFO   sequence: 552435552666617514721116                           score: -8         nodes:14         time: 190µs
[00:00:02.004] (70000dbd2000) INFO   sequence: 253377617377674512                                 score: -10        nodes:39         time: 211µs
[00:00:02.041] (70000dbd2000) INFO   sequence: 1257676743157613416644                             score: 8          nodes:35236      time: 36412µs
[00:00:02.043] (70000dbd2000) INFO   sequence: 76515463143736654125112267                         score: 6          nodes:531        time: 717µs
[00:00:02.383] (70000dbd2000) INFO   sequence: 225626516711326624                                 score: 11         nodes:330683     time: 339541µs
[00:00:02.384] (70000dbd2000) INFO   sequence: 1463662446336421315265524145                       score: -2         nodes:276        time: 484µs
[00:00:02.385] (70000dbd2000) INFO   sequence: 31761163116675571675647534                         score: -5         nodes:468        time: 680µs
[00:00:02.389] (70000dbd2000) INFO   sequence: 5722272622565513454114                             score: 9          nodes:2981       time: 3374µs
[00:00:02.778] (70000dbd2000) INFO   sequence: 67774712211136444                                  score: -11        nodes:374493     time: 388364µs
[00:00:02.827] (70000dbd2000) INFO   sequence: 673777363513616553                                 score: 11         nodes:50095      time: 48901µs
[00:00:02.828] (70000dbd2000) INFO   sequence: 76351242633547775                                  score: -10        nodes:94         time: 257µs
[00:00:02.830] (70000dbd2000) INFO   sequence: 1441417214663341566431667                          score: -4         nodes:433        time: 617µs
[00:00:02.836] (70000dbd2000) INFO   sequence: 415514133627224473362753153                        score: 2          nodes:5674       time: 6263µs
[00:00:02.838] (70000dbd2000) INFO   sequence: 635476135716273141133365                           score: -7         nodes:760        time: 916µs
[00:00:02.847] (70000dbd2000) INFO   sequence: 477144126313426127461                              score: -8         nodes:8790       time: 8952µs
[00:00:02.848] (70000dbd2000) INFO   sequence: 34334747765464734726763                            score: 4          nodes:567        time: 737µs
[00:00:02.917] (70000dbd2000) INFO   sequence: 346747427467645                                    score: -12        nodes:67835      time: 68073µs
[00:00:03.005] (70000dbd2000) INFO   sequence: 175475114216753                                    score: 10         nodes:83030      time: 86889µs
[00:00:03.005] (70000dbd2000) INFO   sequence: 4666145433446767141256217                          score: 8          nodes:7          time: 194µs
[00:00:03.006] (70000dbd2000) INFO   sequence: 217432442211554112765154263                        score: 6          nodes:108        time: 281µs
[00:00:03.069] (70000dbd2000) INFO   sequence: 624115772263235661114                              score: 10         nodes:59412      time: 62619µs
[00:00:03.070] (70000dbd2000) INFO   sequence: 64241512462236624761276154                         score: 3          nodes:209        time: 375µs
[00:00:03.072] (70000dbd2000) INFO   sequence: 52211255312133125634616                            score: -4         nodes:460        time: 705µs
[00:00:03.072] (70000dbd2000) INFO   sequence: 66771426326433735127                               score: -10        nodes:16         time: 191µs
[00:00:03.073] (70000dbd2000) INFO   sequence: 33532452223727716571436                            score: 9          nodes:9          time: 183µs
[00:00:03.074] (70000dbd2000) INFO   sequence: 27347561567762333731456                            score: 9          nodes:9          time: 181µs
[00:00:03.079] (70000dbd2000) INFO   sequence: 21133461363327566                                  score: -10        nodes:4442       time: 4395µs
[00:00:03.079] (70000dbd2000) INFO   sequence: 46252526616224145                                  score: 12         nodes:80         time: 247µs
[00:00:03.080] (70000dbd2000) INFO   sequence: 153313313355666662264221772                        score: -4         nodes:124        time: 295µs
[00:00:03.081] (70000dbd2000) INFO   sequence: 67152543366667234631                               score: 9          nodes:30         time: 205µs
[00:00:03.085] (70000dbd2000) INFO   sequence: 4266771537147151161265456                          score: 4          nodes:3026       time: 3165µs
[00:00:03.086] (70000dbd2000) INFO   sequence: 3672655672677311226162515375                       score: -3         nodes:285        time: 451µs
[00:00:03.086] (70000dbd2000) INFO   sequence: 214562532727125124366                              score: -9         nodes:14         time: 187µs
[00:00:03.089] (70000dbd2000) INFO   sequence: 654242261241325277656                              score: -8         nodes:1664       time: 1842µs
[00:00:05.279] (70000dbd2000) INFO   sequence: 274571537133166                                    score: -12        nodes:2114438    time: 2189553µs
[00:00:05.279] (70000dbd2000) INFO   sequence: 2335622656544266                                   score: 12         nodes:9          time: 193µs
[00:00:06.291] (70000dbd2000) INFO   sequence: 47657616177335617                                  score: 11         nodes:972520     time: 1010611µs
[00:00:06.301] (70000dbd2000) INFO   sequence: 66277372515612415714326526                         score: -2         nodes:9370       time: 9572µs
[00:00:06.354] (70000dbd2000) INFO   sequence: 65447631746633432                                  score: 9          nodes:51431      time: 52378µs
[00:00:06.356] (70000dbd2000) INFO   sequence: 61256717161231633364541264                         score: -7         nodes:1355       time: 1525µs
[00:00:06.357] (70000dbd2000) INFO   sequence: 751524275367233                                    score: -12        nodes:16         time: 190µs
[00:00:06.358] (70000dbd2000) INFO   sequence: 27537226473133277457                               score: 10         nodes:8          time: 191µs
[00:00:06.359] (70000dbd2000) INFO   sequence: 3764775353221216617727                             score: -8         nodes:132        time: 294µs
[00:00:06.486] (70000dbd2000) INFO   sequence: 615754153753116622225                              score: 9          nodes:132275     time: 126667µs
[00:00:06.487] (70000dbd2000) INFO   sequence: 33753425365763223715716                            score: -7         nodes:82         time: 252µs
[00:00:06.487] (70000dbd2000) INFO   sequence: 1727575555222572716342                             score: 9          nodes:7          time: 182µs
[00:00:06.488] (70000dbd2000) INFO   sequence: 74421257271711522275457156                         score: 6          nodes:276        time: 440µs
[00:00:06.489] (70000dbd2000) INFO   sequence: 3737766255453523326317                             score: -8         nodes:36         time: 208µs
[00:00:06.491] (70000dbd2000) INFO   sequence: 557457743533472512474                              score: -4         nodes:1599       time: 1832µs
[00:00:06.618] (70000dbd2000) INFO   sequence: 455376753644775                                    score: 13         nodes:119703     time: 126148µs
[00:00:06.619] (70000dbd2000) INFO   sequence: 326157266422225711166176537                        score: -2         nodes:452        time: 613µs
[00:00:42.349] (70000dbd2000) INFO   sequence: 576313346257217                                    score: -9         nodes:37098621   time: 35729806µs
[00:00:42.358] (70000dbd2000) INFO   sequence: 1276412177742154542342                             score: -6         nodes:6668       time: 7433µs
[00:00:42.360] (70000dbd2000) INFO   sequence: 41355575561436112543372                            score: 8          nodes:869        time: 1296µs
[00:00:42.360] (70000dbd2000) INFO   sequence: 4351173431662212533161                             score: 9          nodes:8          time: 186µs
[00:00:42.361] (70000dbd2000) INFO   sequence: 153231773415115653317                              score: 10         nodes:8          time: 182µs
[00:00:42.362] (70000dbd2000) INFO   sequence: 5375431675567753127241                             score: -9         nodes:16         time: 189µs
[00:00:42.364] (70000dbd2000) INFO   sequence: 55236624772647775765656242                         score: 4          nodes:403        time: 765µs
[00:00:42.365] (70000dbd2000) INFO   sequence: 4337114775151356511763                             score: 9          nodes:8          time: 197µs
[00:00:42.366] (70000dbd2000) INFO   sequence: 241345732332751277612343                           score: -7         nodes:459        time: 631µs
[00:00:42.367] (70000dbd2000) INFO   sequence: 5631251443233752566666522                          score: -3         nodes:225        time: 522µs
[00:00:42.369] (70000dbd2000) INFO   sequence: 35177261325521462321147                            score: -8         nodes:1218       time: 1458µs
[00:00:42.371] (70000dbd2000) INFO   sequence: 314533115511644325172                              score: 7          nodes:310        time: 494µs
[00:00:42.371] (70000dbd2000) INFO   sequence: 44623334362541474756531277                         score: 7          nodes:9          time: 186µs
[00:00:42.372] (70000dbd2000) INFO   sequence: 1236157641351167                                   score: 12         nodes:9          time: 185µs
[00:00:42.373] (70000dbd2000) INFO   sequence: 77767742653371146122163                            score: -8         nodes:16         time: 190µs
[00:00:42.386] (70000dbd2000) INFO   sequence: 32167663733423531                                  score: 10         nodes:10038      time: 11927µs
[00:00:42.387] (70000dbd2000) INFO   sequence: 33112517243762366323                               score: 7          nodes:299        time: 442µs
[00:00:42.389] (70000dbd2000) INFO   sequence: 123614533465354124576755477                        score: -2         nodes:1372       time: 1568µs
[00:00:42.391] (70000dbd2000) INFO   sequence: 62577765264662464354222415                         score: 2          nodes:867        time: 1104µs
[00:00:42.392] (70000dbd2000) INFO   sequence: 716525344326724636641464                           score: -7         nodes:151        time: 344µs
[00:00:42.485] (70000dbd2000) INFO   sequence: 3463711275455153263                                score: 11         nodes:84802      time: 92516µs
[00:00:42.642] (70000dbd2000) INFO   sequence: 76171237167365516                                  score: -9         nodes:141360     time: 156818µs
[00:00:42.784] (70000dbd2000) INFO   sequence: 13517676612754272                                  score: -9         nodes:134671     time: 140795µs
[00:00:42.785] (70000dbd2000) INFO   sequence: 3121656677155256652245727                          score: 8          nodes:8          time: 188µs
[00:00:43.693] (70000dbd2000) INFO   sequence: 6671342317463724221341                             score: -8         nodes:831474     time: 907455µs
[00:00:44.322] (70000dbd2000) INFO   sequence: 74722511513475576                                  score: 10         nodes:579530     time: 628856µs
[00:00:44.323] (70000dbd2000) INFO   sequence: 76767233646257435427223                            score: -8         nodes:18         time: 200µs
[00:00:44.326] (70000dbd2000) INFO   sequence: 3152434513377673741721437                          score: 8          nodes:1524       time: 1740µs
[00:00:44.335] (70000dbd2000) INFO   sequence: 651625624217441371222                              score: 10         nodes:6694       time: 8648µs
[00:00:44.336] (70000dbd2000) INFO   sequence: 1572647636344162125363                             score: -8         nodes:176        time: 340µs
[00:00:44.338] (70000dbd2000) INFO   sequence: 777536627266251665425543323                        score: -1         nodes:1326       time: 1489µs
[00:00:44.338] (70000dbd2000) INFO   sequence: 174561754244242722567345616                        score: -6         nodes:14         time: 188µs
[00:00:44.344] (70000dbd2000) INFO   sequence: 4545162252112372421456411                          score: -7         nodes:4615       time: 5619µs
[00:00:44.345] (70000dbd2000) INFO   sequence: 62511774563162573                                  score: -10        nodes:37         time: 214µs
[00:00:44.379] (70000dbd2000) INFO   sequence: 5563232617432661324324                             score: -6         nodes:28265      time: 32583µs
[00:00:44.379] (70000dbd2000) INFO   sequence: 671211264625112535127342                           score: -8         nodes:12         time: 188µs
[00:00:44.380] (70000dbd2000) INFO   sequence: 131775326121155635                                 score: 10         nodes:23         time: 319µs
[00:00:44.396] (70000dbd2000) INFO   sequence: 6122736774334466                                   score: 11         nodes:15383      time: 14993µs
[00:00:44.398] (70000dbd2000) INFO   sequence: 1745422156421455562753734                          score: -5         nodes:738        time: 966µs
[00:00:44.398] (70000dbd2000) INFO   sequence: 6325253222325117635317                             score: 9          nodes:8          time: 183µs
[00:00:44.402] (70000dbd2000) INFO   sequence: 231316746655153                                    score: 11         nodes:3009       time: 3275µs
[00:00:44.415] (70000dbd2000) INFO   sequence: 43565412612611137127                               score: 10         nodes:11482      time: 12094µs
[00:00:44.436] (70000dbd2000) INFO   sequence: 6631316467572263762112                             score: 4          nodes:16259      time: 20003µs
[00:00:44.439] (70000dbd2000) INFO   sequence: 1672663733642175625624                             score: 5          nodes:1855       time: 2351µs
[00:00:44.442] (70000dbd2000) INFO   sequence: 527546732264211663334217                           score: 7          nodes:1765       time: 3085µs
[00:00:44.444] (70000dbd2000) INFO   sequence: 65524411571346773642                               score: 10         nodes:24         time: 370µs
[00:00:44.445] (70000dbd2000) INFO   sequence: 352271473763224126765                              score: 10         nodes:9          time: 287µs
[00:00:44.446] (70000dbd2000) INFO   sequence: 56116666615751757224342522                         score: -7         nodes:14         time: 285µs
[00:00:44.447] (70000dbd2000) INFO   sequence: 671757717572516436431112455                        score: -6         nodes:13         time: 291µs
[00:00:44.451] (70000dbd2000) INFO   sequence: 257427522661715735471611166                        score: 2          nodes:2269       time: 3246µs
[00:00:44.453] (70000dbd2000) INFO   sequence: 672542462314425227566655116                        score: -6         nodes:474        time: 822µs
[00:00:44.456] (70000dbd2000) INFO   sequence: 63445725523511317471114443                         score: -3         nodes:1573       time: 2253µs
[00:00:44.457] (70000dbd2000) INFO   sequence: 1674425127642611563                                score: -10        nodes:16         time: 206µs
[00:00:44.461] (70000dbd2000) INFO   sequence: 7264124177352645445455511                          score: 8          nodes:2090       time: 3242µs
[00:00:44.461] (70000dbd2000) INFO   sequence: 717136557165661421163724427                        score: 7          nodes:10         time: 188µs
[00:00:44.462] (70000dbd2000) INFO   sequence: 5751147111313655522373756734                       score: 6          nodes:7          time: 207µs
[00:00:44.463] (70000dbd2000) INFO   sequence: 62166143351551165412                               score: 10         nodes:8          time: 185µs
[00:00:44.923] (70000dbd2000) INFO   sequence: 2541731227572364                                   score: 10         nodes:375916     time: 458967µs
[00:00:44.924] (70000dbd2000) INFO   sequence: 7715267571675451                                   score: 8          nodes:831        time: 907µs
[00:00:47.441] (70000dbd2000) INFO   sequence: 2116712115322236                                   score: 8          nodes:1941042    time: 2516434µs
[00:00:47.443] (70000dbd2000) INFO   sequence: 132163523461151135474272234                        score: 2          nodes:715        time: 1007µs
[00:00:47.444] (70000dbd2000) INFO   sequence: 566751176213355261352621                           score: 8          nodes:9          time: 183µs
[00:00:47.483] (70000dbd2000) INFO   sequence: 1454766773217323                                   score: -11        nodes:31695      time: 38298µs
[00:00:47.887] (70000dbd2000) INFO   sequence: 737567457626375167                                 score: 10         nodes:322885     time: 403061µs
[00:00:47.957] (70000dbd2000) INFO   sequence: 272132777317137311                                 score: -8         nodes:68390      time: 69484µs
[00:00:47.959] (70000dbd2000) INFO   sequence: 5471473127636265766153651                          score: 8          nodes:1111       time: 1204µs
[00:00:47.964] (70000dbd2000) INFO   sequence: 43235141376556763511126                            score: -3         nodes:4039       time: 4510µs
[00:00:47.964] (70000dbd2000) INFO   sequence: 7761255235627741651                                score: 9          nodes:134        time: 294µs
[00:00:47.965] (70000dbd2000) INFO   sequence: 3166375423263261                                   score: 12         nodes:9          time: 184µs
[00:00:47.968] (70000dbd2000) INFO   sequence: 76461761567743317522656                            score: 7          nodes:1962       time: 2207µs
[00:00:47.969] (70000dbd2000) INFO   sequence: 7271123127671772122566466                          score: -5         nodes:60         time: 232µs
[00:00:47.972] (70000dbd2000) INFO   sequence: 427225323232646753334                              score: -7         nodes:2051       time: 2355µs
[00:00:47.974] (70000dbd2000) INFO   sequence: 35772754135363337166246715                         score: -3         nodes:2180       time: 2281µs
[00:00:47.978] (70000dbd2000) INFO   sequence: 5442261561712445513215216                          score: -5         nodes:2552       time: 2794µs
[00:00:47.979] (70000dbd2000) INFO   sequence: 56377543127623374272                               score: 9          nodes:31         time: 360µs
[00:00:48.006] (70000dbd2000) INFO   sequence: 64632371333542212166                               score: 8          nodes:25222      time: 27032µs
[00:00:48.007] (70000dbd2000) INFO   sequence: 274163712467424663152275                           score: 6          nodes:265        time: 472µs
[00:00:48.008] (70000dbd2000) INFO   sequence: 41115254224427567343271245                         score: 6          nodes:25         time: 201µs
[00:00:48.121] (70000dbd2000) INFO   sequence: 631572522675564                                    score: 13         nodes:106347     time: 112162µs
[00:00:48.128] (70000dbd2000) INFO   sequence: 214374234352367335546255                           score: 8          nodes:5785       time: 6503µs
[00:00:48.187] (70000dbd2000) INFO   sequence: 2345313466774477                                   score: 11         nodes:50779      time: 58439µs
[00:00:48.189] (70000dbd2000) INFO   sequence: 7562345526246522155126716336                       score: 6          nodes:6          time: 295µs
[00:00:48.192] (70000dbd2000) INFO   sequence: 451351361757547                                    score: -9         nodes:2458       time: 2845µs
[00:00:48.195] (70000dbd2000) INFO   sequence: 657446631716224611445                              score: -7         nodes:1845       time: 2573µs
[00:00:48.199] (70000dbd2000) INFO   sequence: 642637516112414536232672                           score: 7          nodes:2466       time: 3512µs
[00:00:48.200] (70000dbd2000) INFO   sequence: 6746621145113653                                   score: 11         nodes:31         time: 209µs
[00:00:48.204] (70000dbd2000) INFO   sequence: 117565132725373332367257                           score: -7         nodes:3115       time: 3310µs
[00:00:48.207] (70000dbd2000) INFO   sequence: 53565173153713361122316574                         score: 3          nodes:2149       time: 2684µs
[00:00:48.211] (70000dbd2000) INFO   sequence: 6237211342355372677176635764                       score: -1         nodes:2060       time: 2501µs
[00:00:48.539] (70000dbd2000) INFO   sequence: 26527763177622757                                  score: 9          nodes:299274     time: 327816µs
[00:00:48.540] (70000dbd2000) INFO   sequence: 3521652224746227137556                             score: -9         nodes:14         time: 198µs
[00:00:48.546] (70000dbd2000) INFO   sequence: 32212455567361153575                               score: 10         nodes:5903       time: 5913µs
[00:00:48.547] (70000dbd2000) INFO   sequence: 571723733142554614255144743                        score: -2         nodes:448        time: 674µs
[00:00:48.561] (70000dbd2000) INFO   sequence: 1761774337227612344154                             score: 9          nodes:12621      time: 13573µs
[00:00:48.562] (70000dbd2000) INFO   sequence: 22631275776731721667                               score: -8         nodes:120        time: 296µs
[00:00:48.563] (70000dbd2000) INFO   sequence: 3764661236564541716555245331                       score: -5         nodes:29         time: 204µs
[00:00:48.567] (70000dbd2000) INFO   sequence: 43656176526175176754774                            score: -6         nodes:3504       time: 3921µs
[00:00:48.574] (70000dbd2000) INFO   sequence: 75775566566233246715634143                         score: -2         nodes:5120       time: 5773µs
[00:00:48.575] (70000dbd2000) INFO   sequence: 516725531135142133346376125                        score: 4          nodes:248        time: 417µs
[00:00:48.662] (70000dbd2000) INFO   sequence: 5461515637256422331                                score: 10         nodes:78559      time: 86953µs
[00:00:48.701] (70000dbd2000) INFO   sequence: 243676453345127761                                 score: 11         nodes:36075      time: 38170µs
[00:00:48.702] (70000dbd2000) INFO   sequence: 552272253621317                                    score: -12        nodes:26         time: 198µs
[00:00:48.706] (70000dbd2000) INFO   sequence: 12717372666736667153145                            score: 8          nodes:3436       time: 3623µs
[00:00:48.723] (70000dbd2000) INFO   sequence: 52466553571112435                                  score: -10        nodes:15036      time: 16256µs
[00:00:48.725] (70000dbd2000) INFO   sequence: 33712472456621324462674                            score: -7         nodes:1334       time: 1459µs
[00:00:48.731] (70000dbd2000) INFO   sequence: 452366522526751765546672                           score: -4         nodes:4895       time: 5053µs
[00:00:48.731] (70000dbd2000) INFO   sequence: 15311751773333543561                               score: 10         nodes:8          time: 190µs
[00:00:48.732] (70000dbd2000) INFO   sequence: 15365171721131575625                               score: 10         nodes:8          time: 182µs
[00:00:48.733] (70000dbd2000) INFO   sequence: 5367372637237146                                   score: 12         nodes:9          time: 190µs
[00:00:48.734] (70000dbd2000) INFO   sequence: 27566561137332123                                  score: 12         nodes:9          time: 182µs
[00:00:48.734] (70000dbd2000) INFO   sequence: 76763344647137153316                               score: -10        nodes:16         time: 187µs
[00:00:48.905] (70000dbd2000) INFO   sequence: 236472222161726                                    score: -8         nodes:161332     time: 169466µs
[00:00:48.914] (70000dbd2000) INFO   sequence: 5276653435665725461165222724                       score: -4         nodes:104        time: 383µs
[00:00:48.915] (70000dbd2000) INFO   sequence: 35526131747533355654136767                         score: 5          nodes:179        time: 418µs
[00:00:48.917] (70000dbd2000) INFO   sequence: 1251211227266116753723435                          score: 4          nodes:1242       time: 1589µs
[00:00:48.919] (70000dbd2000) INFO   sequence: 656466147711311636134335                           score: 8          nodes:39         time: 217µs
[00:00:48.920] (70000dbd2000) INFO   sequence: 13526754177255415625                               score: 9          nodes:26         time: 229µs
[00:00:48.947] (70000dbd2000) INFO   sequence: 64164156564361224776731                            score: -7         nodes:22733      time: 26566µs
[00:00:48.948] (70000dbd2000) INFO   sequence: 34526374776374375371                               score: -10        nodes:16         time: 192µs
[00:00:48.949] (70000dbd2000) INFO   sequence: 71537134226736252                                  score: -11        nodes:16         time: 189µs
[00:00:48.950] (70000dbd2000) INFO   sequence: 554614441171777213253413745                        score: 4          nodes:459        time: 698µs
[00:00:48.982] (70000dbd2000) INFO   sequence: 61155524541272735                                  score: 11         nodes:26972      time: 30751µs
[00:00:48.989] (70000dbd2000) INFO   sequence: 64625444154736261165562                            score: -7         nodes:4472       time: 5624µs
[00:00:48.991] (70000dbd2000) INFO   sequence: 143344155574773553                                 score: -8         nodes:1567       time: 1808µs
[00:00:49.046] (70000dbd2000) INFO   sequence: 422146117344532457                                 score: 11         nodes:47994      time: 53440µs
[00:00:49.066] (70000dbd2000) INFO   sequence: 576373335611556162765                              score: 8          nodes:20438      time: 19889µs
[00:00:49.067] (70000dbd2000) INFO   sequence: 12151643562152353534775                            score: -8         nodes:14         time: 197µs
[00:00:49.428] (70000dbd2000) INFO   sequence: 111664475267424                                    score: -9         nodes:331105     time: 360157µs
[00:00:49.429] (70000dbd2000) INFO   sequence: 7545616214254652367537357376                       score: -6         nodes:13         time: 203µs
[00:00:49.683] (70000dbd2000) INFO   sequence: 71627112343522227                                  score: -8         nodes:222627     time: 252659µs
[00:00:49.742] (70000dbd2000) INFO   sequence: 13633551437347572                                  score: -6         nodes:58889      time: 58713µs
[00:00:49.743] (70000dbd2000) INFO   sequence: 4515725625414474654771615772                       score: 2          nodes:193        time: 389µs
[00:00:49.744] (70000dbd2000) INFO   sequence: 542134767774477236233554221                        score: -5         nodes:167        time: 357µs
[00:00:49.746] (70000dbd2000) INFO   sequence: 653374454445376151457752                           score: 4          nodes:1101       time: 1281µs
[00:00:49.747] (70000dbd2000) INFO   sequence: 44422224541125425667733615                         score: -4         nodes:993        time: 1211µs
[00:00:49.748] (70000dbd2000) INFO   sequence: 2513553227135527335262                             score: 7          nodes:126        time: 342µs
[00:00:49.749] (70000dbd2000) INFO   sequence: 725736672563533666244152                           score: 6          nodes:130        time: 343µs
[00:00:49.750] (70000dbd2000) INFO   sequence: 673533555541161752762                              score: 10         nodes:8          time: 183µs
[00:00:49.751] (70000dbd2000) INFO   sequence: 714613617427757763363                              score: 10         nodes:10         time: 185µs
[00:00:49.755] (70000dbd2000) INFO   sequence: 41355523374151355373                               score: 6          nodes:3969       time: 4116µs
[00:00:49.872] (70000dbd2000) INFO   sequence: 2776735234471321                                   score: 7          nodes:113598     time: 116497µs
[00:00:49.878] (70000dbd2000) INFO   sequence: 1163366775762751364213557                          score: -2         nodes:4766       time: 4943µs
[00:00:49.879] (70000dbd2000) INFO   sequence: 7714331351165441454612735457                       score: -2         nodes:565        time: 768µs
[00:00:49.880] (70000dbd2000) INFO   sequence: 6172754557553152174422226                          score: -7         nodes:12         time: 185µs
[00:00:49.882] (70000dbd2000) INFO   sequence: 2576672462527627721117                             score: -5         nodes:1261       time: 1500µs
[00:00:49.883] (70000dbd2000) INFO   sequence: 72352462655576515266236                            score: 9          nodes:7          time: 196µs
[00:00:49.884] (70000dbd2000) INFO   sequence: 7423547216653427                                   score: -12        nodes:18         time: 194µs
[00:00:49.888] (70000dbd2000) INFO   sequence: 552422714576314453236724                           score: -5         nodes:2875       time: 3325µs
[00:00:49.889] (70000dbd2000) INFO   sequence: 55575442314521147652717741                         score: 6          nodes:781        time: 959µs
[00:00:49.891] (70000dbd2000) INFO   sequence: 4614725646672422715321763                          score: 4          nodes:1088       time: 1444µs
[00:00:49.914] (70000dbd2000) INFO   sequence: 1264537524755243                                   score: -8         nodes:20709      time: 22523µs
[00:00:49.915] (70000dbd2000) INFO   sequence: 521741772613537115                                 score: 11         nodes:9          time: 190µs
[00:00:49.917] (70000dbd2000) INFO   sequence: 47537477126734163711636413                         score: -6         nodes:824        time: 1006µs
[00:00:49.918] (70000dbd2000) INFO   sequence: 231135572561656671761237762                        score: 3          nodes:734        time: 870µs
[00:00:49.919] (70000dbd2000) INFO   sequence: 13547614515777224                                  score: -11        nodes:16         time: 189µs
[00:00:49.922] (70000dbd2000) INFO   sequence: 13224213425733743767451124                         score: 7          nodes:2175       time: 2636µs
[00:00:49.923] (70000dbd2000) INFO   sequence: 174471432567412474675                              score: -9         nodes:14         time: 203µs
[00:00:49.925] (70000dbd2000) INFO   sequence: 6363361177611667737171332522                       score: 0          nodes:1653       time: 1853µs
[00:00:49.927] (70000dbd2000) INFO   sequence: 637337257725337225324711                           score: -4         nodes:763        time: 971µs
[00:00:49.930] (70000dbd2000) INFO   sequence: 4561722226547731671546735125                       score: 3          nodes:2174       time: 2519µs
[00:00:49.934] (70000dbd2000) INFO   sequence: 164757716154412622631765                           score: 7          nodes:3455       time: 3580µs
[00:00:50.115] (70000dbd2000) INFO   sequence: 4571341457274476                                   score: 12         nodes:169573     time: 180484µs
[00:00:50.116] (70000dbd2000) INFO   sequence: 215551541524426475231361147                        score: 4          nodes:286        time: 458µs
[00:00:50.117] (70000dbd2000) INFO   sequence: 354151577524576533141147463                        score: -5         nodes:540        time: 707µs
[00:00:50.118] (70000dbd2000) INFO   sequence: 765745224471131366346676                           score: -6         nodes:174        time: 337µs
[00:00:50.119] (70000dbd2000) INFO   sequence: 366623531131151274                                 score: -11        nodes:16         time: 253µs
[00:00:50.121] (70000dbd2000) INFO   sequence: 452261517614267754556                              score: 9          nodes:1715       time: 1850µs
[00:00:50.122] (70000dbd2000) INFO   sequence: 65115542742611761521556664                         score: -5         nodes:44         time: 218µs
[00:00:50.153] (70000dbd2000) INFO   sequence: 5717773334742522                                   score: -11        nodes:30187      time: 30617µs
[00:00:50.154] (70000dbd2000) INFO   sequence: 711523176631346657                                 score: 10         nodes:31         time: 207µs
[00:00:50.158] (70000dbd2000) INFO   sequence: 2167131211375646716755766                          score: -2         nodes:2933       time: 3013µs
[00:00:50.195] (70000dbd2000) INFO   sequence: 4771157465111222122557                             score: -4         nodes:35644      time: 36190µs
[00:00:50.197] (70000dbd2000) INFO   sequence: 164637774171636644136                              score: -9         nodes:1735       time: 1818µs
[00:00:50.198] (70000dbd2000) INFO   sequence: 576735132233641141312615625                        score: 7          nodes:8          time: 182µs
[00:00:51.273] (70000dbd2000) INFO   sequence: 3735213121117373                                   score: 12         nodes:1027666    time: 1074677µs
[00:00:51.274] (70000dbd2000) INFO   sequence: 74174352211462671123544                            score: 9          nodes:10         time: 192µs
[00:00:51.275] (70000dbd2000) INFO   sequence: 471152212446413456166732422                        score: -3         nodes:675        time: 854µs
[00:00:51.285] (70000dbd2000) INFO   sequence: 672473313477471617134                              score: -4         nodes:8651       time: 8980µs
[00:00:51.286] (70000dbd2000) INFO   sequence: 5311255337611367334742767                          score: -7         nodes:14         time: 189µs
[00:00:51.286] (70000dbd2000) INFO   sequence: 5353262674334367                                   score: 12         nodes:27         time: 199µs
[00:00:51.288] (70000dbd2000) INFO   sequence: 56551242266771566625                               score: 6          nodes:587        time: 851µs
[00:00:51.291] (70000dbd2000) INFO   sequence: 5611761122133562247367317662                       score: 0          nodes:2114       time: 2343µs
[00:00:51.293] (70000dbd2000) INFO   sequence: 361716714137776256457612                           score: 7          nodes:1679       time: 1999µs
[00:00:51.294] (70000dbd2000) INFO   sequence: 271637325162741125576773                           score: 8          nodes:8          time: 182µs
[00:00:52.747] (70000dbd2000) INFO   sequence: 3152746426444471                                   score: 9          nodes:1397598    time: 1452242µs
[00:00:52.750] (70000dbd2000) INFO   sequence: 653374435673325657462521                           score: -3         nodes:1971       time: 2448µs
[00:00:52.752] (70000dbd2000) INFO   sequence: 154361241147764615124457                           score: 3          nodes:1731       time: 2015µs
[00:00:52.754] (70000dbd2000) INFO   sequence: 7766743612626774354641                             score: -4         nodes:586        time: 715µs
[00:00:52.754] (70000dbd2000) INFO   sequence: 316375567543424111633                              score: 9          nodes:23         time: 194µs
[00:00:52.757] (70000dbd2000) INFO   sequence: 6651344713664721127711436                          score: -7         nodes:1956       time: 2452µs
[00:00:52.758] (70000dbd2000) INFO   sequence: 62626776455432751522366                            score: 8          nodes:20         time: 196µs
[00:00:52.766] (70000dbd2000) INFO   sequence: 45444262544751513662162                            score: -4         nodes:6664       time: 6912µs
[00:00:52.768] (70000dbd2000) INFO   sequence: 7777272752336364133166                             score: -6         nodes:2035       time: 2225µs
[00:00:52.841] (70000dbd2000) INFO   sequence: 714113112326566                                    score: 10         nodes:66553      time: 71635µs
[00:00:52.842] (70000dbd2000) INFO   sequence: 341756577731526635547163374                        score: -6         nodes:14         time: 195µs
[00:00:52.842] (70000dbd2000) INFO   sequence: 77171776512252216335442132                         score: -7         nodes:13         time: 208µs
[00:00:52.925] (70000dbd2000) INFO   sequence: 11722576462266212                                  score: 7          nodes:80881      time: 81510µs
[00:00:52.940] (70000dbd2000) INFO   sequence: 767552421617771476216                              score: 5          nodes:13944      time: 14324µs
[00:00:52.940] (70000dbd2000) INFO   sequence: 5624757235427647663                                score: 11         nodes:11         time: 185µs
[00:00:52.942] (70000dbd2000) INFO   sequence: 644473543611775232651511                           score: -7         nodes:774        time: 934µs
[00:00:52.954] (70000dbd2000) INFO   sequence: 257173733247526434154567                           score: -7         nodes:10912      time: 11243µs
[00:00:52.955] (70000dbd2000) INFO   sequence: 67354634776576633332241647                         score: -2         nodes:789        time: 986µs
[00:00:52.956] (70000dbd2000) INFO   sequence: 532572154726556543121                              score: -9         nodes:14         time: 186µs
[00:00:52.958] (70000dbd2000) INFO   sequence: 35244633446634337725                               score: 10         nodes:1395       time: 1496µs
[00:00:52.959] (70000dbd2000) INFO   sequence: 5454413712571127337531167342                       score: 1          nodes:431        time: 695µs
[00:00:52.960] (70000dbd2000) INFO   sequence: 522215614743211756565472646                        score: -3         nodes:340        time: 594µs
[00:00:52.962] (70000dbd2000) INFO   sequence: 4732351755625162332423553                          score: 6          nodes:1076       time: 1267µs
[00:00:52.963] (70000dbd2000) INFO   sequence: 256633151676244167144                              score: 10         nodes:10         time: 247µs
[00:00:52.964] (70000dbd2000) INFO   sequence: 764554424414753251553326                           score: 5          nodes:873        time: 1108µs
[00:00:52.966] (70000dbd2000) INFO   sequence: 4226116661757364136155573733                       score: 3          nodes:454        time: 642µs
[00:00:52.966] (70000dbd2000) INFO   sequence: 7415574512365413643162664171                       score: -6         nodes:15         time: 188µs
[00:00:52.976] (70000dbd2000) INFO   sequence: 3177242763546343557456356                          score: 6          nodes:8807       time: 9304µs
[00:00:52.977] (70000dbd2000) INFO   sequence: 72167163255625775222515773                         score: -7         nodes:10         time: 183µs
[00:00:52.978] (70000dbd2000) INFO   sequence: 522774332373352444327215544                        score: -4         nodes:121        time: 306µs
[00:00:53.562] (70000dbd2000) INFO   sequence: 544231711647547                                    score: -11        nodes:555280     time: 583772µs
[00:00:53.579] (70000dbd2000) INFO   sequence: 247245751521276652235                              score: 10         nodes:15044      time: 16221µs
[00:00:53.597] (70000dbd2000) INFO   sequence: 1322337722672632644713                             score: 5          nodes:15555      time: 17207µs
[00:00:53.601] (70000dbd2000) INFO   sequence: 6576551771641561711664                             score: -7         nodes:3415       time: 3654µs
[00:00:53.616] (70000dbd2000) INFO   sequence: 65672142226216563                                  score: -9         nodes:12891      time: 14049µs
[00:00:53.653] (70000dbd2000) INFO   sequence: 5112717346132321                                   score: 9          nodes:31451      time: 36318µs
[00:00:53.654] (70000dbd2000) INFO   sequence: 5576756557216531177411466147                       score: 2          nodes:221        time: 467µs
[00:00:53.657] (70000dbd2000) INFO   sequence: 214347237517627556116725221                        score: -3         nodes:1388       time: 1931µs
[00:00:53.658] (70000dbd2000) INFO   sequence: 7135375113763627325137247522                       score: 4          nodes:585        time: 728µs
[00:00:53.659] (70000dbd2000) INFO   sequence: 51763673653326673                                  score: 12         nodes:9          time: 182µs
[00:00:53.659] (70000dbd2000) INFO   sequence: 54342553271755531116                               score: -10        nodes:14         time: 187µs
[00:00:53.660] (70000dbd2000) INFO   sequence: 57232172343423576361372                            score: 9          nodes:8          time: 182µs
[00:00:55.000] (70000dbd2000) INFO   sequence: 31546724122354155736                               score: -10        nodes:1204328    time: 1339151µs
[00:00:55.006] (70000dbd2000) INFO   sequence: 457244262442456377717                              score: 10         nodes:5861       time: 6018µs
[00:00:55.007] (70000dbd2000) INFO   sequence: 1613241156523624733121626632                       score: 5          nodes:23         time: 200µs
[00:00:55.008] (70000dbd2000) INFO   sequence: 21146623261347736262316521                         score: 5          nodes:81         time: 285µs
[00:00:55.010] (70000dbd2000) INFO   sequence: 663216754667364144727733                           score: 8          nodes:1773       time: 1909µs
[00:00:55.019] (70000dbd2000) INFO   sequence: 35764177225314742723                               score: 5          nodes:7315       time: 8261µs
[00:00:55.020] (70000dbd2000) INFO   sequence: 21762631757232176241251173                         score: -7         nodes:12         time: 244µs
[00:00:55.021] (70000dbd2000) INFO   sequence: 32726444675447122372436                            score: 8          nodes:119        time: 283µs
[00:00:55.022] (70000dbd2000) INFO   sequence: 512312223264253653513371756                        score: -2         nodes:600        time: 753µs
[00:00:55.023] (70000dbd2000) INFO   sequence: 5744111413176361726724462672                       score: -6         nodes:426        time: 584µs
[00:00:55.036] (70000dbd2000) INFO   sequence: 6461131311212576773663                             score: 8          nodes:11839      time: 12432µs
[00:00:55.062] (70000dbd2000) INFO   sequence: 32432146551413715126325                            score: -3         nodes:22515      time: 25325µs
[00:00:55.066] (70000dbd2000) INFO   sequence: 66713424111135136347554532                         score: -2         nodes:2477       time: 2883µs
[00:00:55.129] (70000dbd2000) INFO   sequence: 6742736217132733                                   score: 10         nodes:60551      time: 62683µs
[00:00:55.130] (70000dbd2000) INFO   sequence: 4215331623757645116617                             score: -9         nodes:16         time: 192µs
[00:00:55.178] (70000dbd2000) INFO   sequence: 17762261125547564324                               score: 8          nodes:45592      time: 47578µs
[00:00:55.180] (70000dbd2000) INFO   sequence: 7756225441377734752623655312                       score: -2         nodes:1601       time: 1904µs
[00:00:55.181] (70000dbd2000) INFO   sequence: 543311515517337352275236217                        score: -2         nodes:214        time: 400µs
[00:00:55.216] (70000dbd2000) INFO   sequence: 64261777527517311                                  score: 10         nodes:33609      time: 34404µs
[00:00:55.493] (70000dbd2000) INFO   sequence: 77213446511764261                                  score: 12         nodes:238343     time: 275702µs
[00:00:55.494] (70000dbd2000) INFO   sequence: 64266616555117511164775                            score: -4         nodes:730        time: 887µs
[00:00:55.495] (70000dbd2000) INFO   sequence: 553122252255366416672651617                        score: -2         nodes:196        time: 362µs
[00:00:55.496] (70000dbd2000) INFO   sequence: 66661515542276611112254557                         score: 2          nodes:182        time: 370µs
[00:00:55.500] (70000dbd2000) INFO   sequence: 331472764511463715455277515                        score: -5         nodes:3262       time: 3624µs
[00:00:55.501] (70000dbd2000) INFO   sequence: 5276266432336311                                   score: 12         nodes:9          time: 186µs
[00:00:55.503] (70000dbd2000) INFO   sequence: 3634777116631113471656222762                       score: -2         nodes:1363       time: 1553µs
[00:00:55.504] (70000dbd2000) INFO   sequence: 342437265337624534211662561                        score: 2          nodes:380        time: 589µs
[00:00:55.505] (70000dbd2000) INFO   sequence: 1122662611655247736                                score: 11         nodes:9          time: 193µs
[00:00:55.506] (70000dbd2000) INFO   sequence: 26136515766765424111523                            score: 9          nodes:9          time: 183µs
[00:00:55.506] (70000dbd2000) INFO   sequence: 17671356146161215227733537                         score: 7          nodes:8          time: 182µs
[00:00:55.514] (70000dbd2000) INFO   sequence: 4223111154732627716212                             score: 9          nodes:7254       time: 7584µs
[00:00:57.543] (70000dbd2000) INFO   sequence: 1552364512263757                                   score: 7          nodes:1913790    time: 2027494µs
[00:00:57.546] (70000dbd2000) INFO   sequence: 14336633766174161                                  score: 10         nodes:3136       time: 3289µs
[00:00:57.880] (70000dbd2000) INFO   sequence: 433437441334614                                    score: 8          nodes:352220     time: 333163µs
[00:00:57.881] (70000dbd2000) INFO   sequence: 317317561244255535722245                           score: 8          nodes:11         time: 195µs
[00:00:57.949] (70000dbd2000) INFO   sequence: 1477776334232375                                   score: -11        nodes:65893      time: 67533µs
[00:00:58.019] (70000dbd2000) INFO   sequence: 7572273223262531115                                score: 9          nodes:69502      time: 68972µs
[00:00:58.040] (70000dbd2000) INFO   sequence: 6111677345545555334                                score: -10        nodes:18556      time: 20260µs
[00:00:58.042] (70000dbd2000) INFO   sequence: 57375435352277175347523                            score: 6          nodes:1122       time: 1291µs
[00:00:58.173] (70000dbd2000) INFO   sequence: 7114325726256124166                                score: -6         nodes:105758     time: 131128µs
[00:00:58.179] (70000dbd2000) INFO   sequence: 72234371411633364462                               score: 6          nodes:3706       time: 4944µs
[00:00:58.180] (70000dbd2000) INFO   sequence: 13547143466133731665                               score: 10         nodes:9          time: 187µs
[00:00:58.327] (70000dbd2000) INFO   sequence: 217524776745435                                    score: -10        nodes:139173     time: 146456µs
[00:00:58.356] (70000dbd2000) INFO   sequence: 37615435621663361154357                            score: 4          nodes:29551      time: 28431µs
[00:00:58.365] (70000dbd2000) INFO   sequence: 6237474463262472731                                score: 8          nodes:7835       time: 8052µs
[00:00:58.429] (70000dbd2000) INFO   sequence: 5277261417355252211                                score: 10         nodes:60862      time: 63451µs
[00:01:00.174] (70000dbd2000) INFO   sequence: 3515265124717462                                   score: 11         nodes:1627911    time: 1744897µs
[00:01:00.182] (70000dbd2000) INFO   sequence: 5331277715432731667457664                          score: -3         nodes:6481       time: 6828µs
[00:01:00.184] (70000dbd2000) INFO   sequence: 1451667413611331645775                             score: -9         nodes:1124       time: 1282µs
[00:01:00.184] (70000dbd2000) INFO   sequence: 13265413456751323                                  score: -11        nodes:75         time: 238µs
[00:01:00.187] (70000dbd2000) INFO   sequence: 241133134334725213                                 score: -8         nodes:1734       time: 1836µs
[00:01:00.188] (70000dbd2000) INFO   sequence: 54325455317727725621562                            score: 8          nodes:75         time: 244µs
[00:01:00.188] (70000dbd2000) INFO   sequence: 3575153777526353227                                score: 10         nodes:62         time: 229µs
[00:01:00.189] (70000dbd2000) INFO   sequence: 143626614662216777553213134                        score: 7          nodes:8          time: 180µs
[00:01:00.190] (70000dbd2000) INFO   sequence: 571462614461771671477313646                        score: 2          nodes:195        time: 368µs
[00:01:00.191] (70000dbd2000) INFO   sequence: 364754114166311512427446566                        score: -2         nodes:573        time: 719µs
[00:01:00.211] (70000dbd2000) INFO   sequence: 73321467533166666137                               score: 10         nodes:18327      time: 19219µs
[00:01:00.212] (70000dbd2000) INFO   sequence: 2371466433575334551674436415                       score: -3         nodes:327        time: 515µs
[00:01:00.219] (70000dbd2000) INFO   sequence: 16422175612432135416                               score: -5         nodes:6033       time: 6180µs
[00:01:00.220] (70000dbd2000) INFO   sequence: 5276443736337666737437                             score: -9         nodes:12         time: 188µs
[00:01:00.220] (70000dbd2000) INFO   sequence: 6415732265663736331641                             score: 9          nodes:8          time: 182µs
[00:01:00.221] (70000dbd2000) INFO   sequence: 7264161461137441213767542                          score: -7         nodes:17         time: 262µs
[00:01:00.223] (70000dbd2000) INFO   sequence: 5623757255162766776425623513                       score: -3         nodes:784        time: 992µs
[00:01:00.225] (70000dbd2000) INFO   sequence: 1126375417175373756651144467                       score: -5         nodes:252        time: 819µs
[00:01:00.228] (70000dbd2000) INFO   sequence: 77211753742136577534631245                         score: -3         nodes:1769       time: 2568µs
[00:01:00.229] (70000dbd2000) INFO   sequence: 36771452773433127                                  score: 12         nodes:9          time: 185µs
[00:01:00.247] (70000dbd2000) INFO   sequence: 714345541261521311                                 score: 10         nodes:16605      time: 17036µs
[00:01:00.248] (70000dbd2000) INFO   sequence: 421362276243533114412311574                        score: 7          nodes:311        time: 504µs
[00:01:00.248] (70000dbd2000) INFO   sequence: 7113237433521353552456541116                       score: -6         nodes:193        time: 379µs
[00:01:00.250] (70000dbd2000) INFO   sequence: 4136775761671675515642271144                       score: 2          nodes:618        time: 806µs
[00:01:00.256] (70000dbd2000) INFO   sequence: 457377456737766126                                 score: 10         nodes:5952       time: 5965µs
[00:01:00.296] (70000dbd2000) INFO   sequence: 24555664444611472763                               score: 9          nodes:34655      time: 38924µs
[00:01:00.302] (70000dbd2000) INFO   sequence: 53257461522564167766157121                         score: -2         nodes:5555       time: 5313µs
[00:01:00.311] (70000dbd2000) INFO   sequence: 433764567315327323171114572                        score: -1         nodes:8901       time: 9212µs
[00:01:00.314] (70000dbd2000) INFO   sequence: 51267361661663277771574532                         score: -2         nodes:2093       time: 2294µs
[00:01:00.317] (70000dbd2000) INFO   sequence: 7551717627361611676352263                          score: 3          nodes:1654       time: 1749µs
[00:01:00.320] (70000dbd2000) INFO   sequence: 6541145115562446114635                             score: -4         nodes:2406       time: 2677µs
[00:01:00.320] (70000dbd2000) INFO   sequence: 1755211422257654226761774571                       score: 6          nodes:10         time: 182µs
[00:01:00.322] (70000dbd2000) INFO   sequence: 6421345224137146326472335742                       score: -2         nodes:658        time: 854µs
[00:01:00.323] (70000dbd2000) INFO   sequence: 1647114453755655641534                             score: -7         nodes:113        time: 282µs
[00:01:00.328] (70000dbd2000) INFO   sequence: 4756455314132152114766                             score: 7          nodes:4853       time: 4929µs
[00:01:00.329] (70000dbd2000) INFO   sequence: 6171232223263263647766433775                       score: -5         nodes:131        time: 302µs
[00:01:00.330] (70000dbd2000) INFO   sequence: 7742177173243762443335224351                       score: 2          nodes:593        time: 804µs
[00:01:00.348] (70000dbd2000) INFO   sequence: 7152534222742613271                                score: 8          nodes:16337      time: 16910µs
[00:01:00.349] (70000dbd2000) INFO   sequence: 561371411431773747752431533                        score: -2         nodes:211        time: 485µs
[00:01:00.412] (70000dbd2000) INFO   sequence: 1613336745457756                                   score: 11         nodes:59062      time: 62388µs
[00:01:00.960] (70000dbd2000) INFO   sequence: 376452474437762                                    score: -10        nodes:525162     time: 548002µs
[00:01:00.961] (70000dbd2000) INFO   sequence: 572476333125525377                                 score: -10        nodes:81         time: 253µs
[00:01:00.964] (70000dbd2000) INFO   sequence: 3564157743133353261257214                          score: 8          nodes:2099       time: 2340µs
[00:01:00.965] (70000dbd2000) INFO   sequence: 1664147135127321477764451272                       score: 6          nodes:8          time: 182µs
[00:01:00.966] (70000dbd2000) INFO   sequence: 75335564414236666211232                            score: 9          nodes:9          time: 182µs
[00:01:00.966] (70000dbd2000) INFO   sequence: 4211175776117615372373                             score: -9         nodes:24         time: 194µs
[00:01:00.967] (70000dbd2000) INFO   sequence: 77666566242644114474732                            score: -8         nodes:12         time: 185µs
[00:01:00.968] (70000dbd2000) INFO   sequence: 522653224431472571                                 score: 11         nodes:148        time: 298µs
[00:01:00.971] (70000dbd2000) INFO   sequence: 24735515347775173271                               score: -8         nodes:2658       time: 2936µs
[00:01:00.980] (70000dbd2000) INFO   sequence: 3546671777347132555762115                          score: -5         nodes:7666       time: 7710µs
[00:01:01.069] (70000dbd2000) INFO   sequence: 2456167667444441767                                score: -9         nodes:89234      time: 89000µs
[00:01:01.165] (70000dbd2000) INFO   sequence: 7424446141735466556                                score: 11         nodes:89686      time: 95277µs
[00:01:01.166] (70000dbd2000) INFO   sequence: 51762376556762723757163                            score: -8         nodes:14         time: 192µs
[00:01:01.167] (70000dbd2000) INFO   sequence: 272116367367375626713236544                        score: -6         nodes:13         time: 186µs
[00:01:01.169] (70000dbd2000) INFO   sequence: 517727725412156674511725                           score: -5         nodes:2083       time: 2145µs
[00:01:01.171] (70000dbd2000) INFO   sequence: 1663736455263715774243445376                       score: 5          nodes:429        time: 628µs
[00:01:01.172] (70000dbd2000) INFO   sequence: 5124561255535672776341                             score: -9         nodes:268        time: 456µs
[00:01:01.172] (70000dbd2000) INFO   sequence: 3754173252344523473261532172                       score: 6          nodes:7          time: 180µs
[00:01:01.174] (70000dbd2000) INFO   sequence: 2576372741222317334632                             score: -8         nodes:1184       time: 1403µs
[00:01:01.175] (70000dbd2000) INFO   sequence: 217377732134276251127132533                        score: -4         nodes:110        time: 276µs
[00:01:01.176] (70000dbd2000) INFO   sequence: 661161322773132515125225566                        score: 7          nodes:7          time: 185µs
[00:01:01.177] (70000dbd2000) INFO   sequence: 7531323267151453753355777462                       score: 3          nodes:167        time: 329µs
[00:01:01.180] (70000dbd2000) INFO   sequence: 66674351562312313766554                            score: -5         nodes:2893       time: 3176µs
[00:01:01.181] (70000dbd2000) INFO   sequence: 1256763536427165135112651377                       score: 2          nodes:451        time: 604µs
[00:01:01.182] (70000dbd2000) INFO   sequence: 152117431454445563245653333                        score: 2          nodes:258        time: 432µs
[00:01:01.251] (70000dbd2000) INFO   sequence: 146712465654377                                    score: 12         nodes:63536      time: 68460µs
[00:01:01.252] (70000dbd2000) INFO   sequence: 361254223235515273231131755                        score: 7          nodes:6          time: 191µs
[00:01:01.271] (70000dbd2000) INFO   sequence: 2577337355167475275                                score: 6          nodes:17670      time: 17840µs
[00:01:01.271] (70000dbd2000) INFO   sequence: 161713446625717245765135134                        score: -5         nodes:30         time: 206µs
[00:01:01.273] (70000dbd2000) INFO   sequence: 13443751134264653664731463                         score: 4          nodes:603        time: 750µs
[00:01:01.277] (70000dbd2000) INFO   sequence: 14327547272131721267655331                         score: 5          nodes:4113       time: 4346µs
[00:01:01.322] (70000dbd2000) INFO   sequence: 34773631712336641477                               score: -9         nodes:42252      time: 43603µs
[00:01:01.326] (70000dbd2000) INFO   sequence: 313273421166737347312517621                        score: 2          nodes:2976       time: 3215µs
[00:01:01.326] (70000dbd2000) INFO   sequence: 53766652752315521524333                            score: 9          nodes:8          time: 183µs
[00:01:01.348] (70000dbd2000) INFO   sequence: 54212234444632567373                               score: 9          nodes:20395      time: 20789µs
[00:01:01.350] (70000dbd2000) INFO   sequence: 52226415223772575574314411                         score: 2          nodes:1515       time: 1739µs
[00:01:01.351] (70000dbd2000) INFO   sequence: 411556523545533371111767                           score: 8          nodes:7          time: 181µs
[00:01:01.353] (70000dbd2000) INFO   sequence: 716556436314714221112544                           score: 3          nodes:2016       time: 2306µs
[00:01:01.355] (70000dbd2000) INFO   sequence: 3313523455575312474                                score: -9         nodes:538        time: 724µs
[00:01:01.356] (70000dbd2000) INFO   sequence: 327121732224331115642317375                        score: 3          nodes:214        time: 387µs
[00:01:01.356] (70000dbd2000) INFO   sequence: 36713761254416115374                               score: -10        nodes:16         time: 189µs
[00:01:01.375] (70000dbd2000) INFO   sequence: 52651674611142231145                               score: 7          nodes:15395      time: 18060µs
[00:01:01.377] (70000dbd2000) INFO   sequence: 376256261132251421617765761                        score: 7          nodes:7          time: 261µs
[00:01:01.392] (70000dbd2000) INFO   sequence: 521714634123273                                    score: -11        nodes:14410      time: 15311µs
[00:01:01.393] (70000dbd2000) INFO   sequence: 177722237473536662413763                           score: 8          nodes:8          time: 192µs
[00:01:01.454] (70000dbd2000) INFO   sequence: 273154336762351535                                 score: -10        nodes:55256      time: 60263µs
[00:01:01.455] (70000dbd2000) INFO   sequence: 72721732245155361665171                            score: -8         nodes:35         time: 268µs
[00:01:01.456] (70000dbd2000) INFO   sequence: 1163551237363473212                                score: -10        nodes:55         time: 315µs
[00:01:01.458] (70000dbd2000) INFO   sequence: 2233572322143744675323611166                       score: -4         nodes:763        time: 1176µs
[00:01:01.459] (70000dbd2000) INFO   sequence: 276541411372776625366                              score: -9         nodes:16         time: 292µs
[00:01:01.460] (70000dbd2000) INFO   sequence: 2233531575313362771                                score: 11         nodes:8          time: 214µs
[00:01:01.639] (70000dbd2000) INFO   sequence: 52665724323164162516                               score: -5         nodes:181890     time: 178511µs
[00:01:01.775] (70000dbd2000) INFO   sequence: 5225665336574671                                   score: 8          nodes:131317     time: 135589µs
[00:01:01.776] (70000dbd2000) INFO   sequence: 557335257742766324                                 score: -11        nodes:16         time: 198µs
[00:01:01.780] (70000dbd2000) INFO   sequence: 112366437245256517762462564                        score: -2         nodes:2739       time: 2785µs
[00:01:01.787] (70000dbd2000) INFO   sequence: 144642673121471624                                 score: 9          nodes:6690       time: 6676µs
[00:01:02.025] (70000dbd2000) INFO   sequence: 113566453263222                                    score: 11         nodes:242015     time: 237571µs
[00:01:02.026] (70000dbd2000) INFO   sequence: 4752664674771127654556761355                       score: 3          nodes:186        time: 363µs
[00:01:02.027] (70000dbd2000) INFO   sequence: 265446526447452154512137                           score: 6          nodes:59         time: 230µs
[00:01:02.039] (70000dbd2000) INFO   sequence: 5246172147526627                                   score: 10         nodes:12064      time: 11645µs
[00:01:02.136] (70000dbd2000) INFO   sequence: 336732217267712776                                 score: 11         nodes:92019      time: 96624µs
[00:01:02.139] (70000dbd2000) INFO   sequence: 1344344617745227224757755                          score: 6          nodes:1405       time: 1798µs
[00:01:02.325] (70000dbd2000) INFO   sequence: 413132371273463                                    score: -8         nodes:178692     time: 185614µs
[00:01:02.326] (70000dbd2000) INFO   sequence: 4545145444217321376122                             score: -9         nodes:14         time: 197µs
[00:01:02.335] (70000dbd2000) INFO   sequence: 3415321442446226722164                             score: 4          nodes:8498       time: 8845µs
[00:01:02.352] (70000dbd2000) INFO   sequence: 363373362732714                                    score: 9          nodes:15885      time: 15905µs
[00:01:02.359] (70000dbd2000) INFO   sequence: 7223711312463457742172                             score: -5         nodes:6909       time: 6894µs
[00:01:02.360] (70000dbd2000) INFO   sequence: 1673572253241546735775                             score: -9         nodes:16         time: 192µs
[00:01:02.695] (70000dbd2000) INFO   sequence: 5253754644476374                                   score: -12        nodes:309672     time: 334379µs
[00:01:02.696] (70000dbd2000) INFO   sequence: 173255714427275276324255754                        score: -4         nodes:60         time: 244µs
[00:01:02.697] (70000dbd2000) INFO   sequence: 3536522112241476625276676473                       score: 5          nodes:739        time: 912µs
[00:01:02.699] (70000dbd2000) INFO   sequence: 64114656363442233245116161                         score: -2         nodes:726        time: 967µs
[00:01:02.699] (70000dbd2000) INFO   sequence: 424176163735723327633527                           score: 8          nodes:8          time: 181µs
[00:01:02.704] (70000dbd2000) INFO   sequence: 3362743636612356225                                score: -9         nodes:4279       time: 4206µs
[00:01:02.705] (70000dbd2000) INFO   sequence: 5253234266522712654165                             score: 9          nodes:8          time: 181µs
[00:01:02.706] (70000dbd2000) INFO   sequence: 755532512535461132632226763                        score: 2          nodes:972        time: 1200µs
[00:01:02.707] (70000dbd2000) INFO   sequence: 751743516414567611332265137                        score: 6          nodes:20         time: 192µs
[00:01:02.715] (70000dbd2000) INFO   sequence: 477653366263777434761512                           score: 5          nodes:7337       time: 7628µs
[00:01:02.848] (70000dbd2000) INFO   sequence: 24354567531125445477                               score: 10         nodes:123632     time: 131677µs
[00:01:02.855] (70000dbd2000) INFO   sequence: 154466555666554263777                              score: -5         nodes:6290       time: 6353µs
[00:01:02.855] (70000dbd2000) INFO   sequence: 57421352523331332557157476                         score: 6          nodes:28         time: 203µs
[00:01:02.858] (70000dbd2000) INFO   sequence: 672166346712134635114                              score: -9         nodes:1973       time: 2104µs
[00:01:03.255] (70000dbd2000) INFO   sequence: 664111771115734446237                              score: 6          nodes:398551     time: 396684µs
[00:01:03.260] (70000dbd2000) INFO   sequence: 226534721531414177532225                           score: -6         nodes:4142       time: 4601µs
[00:01:03.293] (70000dbd2000) INFO   sequence: 775173265766431722361                              score: 8          nodes:32763      time: 31754µs
[00:01:03.294] (70000dbd2000) INFO   sequence: 345171275732157157573322563                        score: -2         nodes:566        time: 715µs
[00:01:03.302] (70000dbd2000) INFO   sequence: 3251242415571254711272                             score: -4         nodes:6912       time: 7146µs
[00:01:03.302] (70000dbd2000) INFO   sequence: 547547271651712377362                              score: -9         nodes:14         time: 188µs
[00:01:03.305] (70000dbd2000) INFO   sequence: 616663112446444747                                 score: 7          nodes:2311       time: 2478µs
[00:01:03.311] (70000dbd2000) INFO   sequence: 577227455155173356147441                           score: -3         nodes:4628       time: 5269µs
[00:01:03.313] (70000dbd2000) INFO   sequence: 345251445445513233731635164                        score: 4          nodes:59         time: 354µs
[00:01:03.314] (70000dbd2000) INFO   sequence: 75222132555374626                                  score: 12         nodes:9          time: 344µs
[00:01:03.316] (70000dbd2000) INFO   sequence: 22557137771115142135                               score: -8         nodes:1821       time: 1969µs
[00:01:03.376] (70000dbd2000) INFO   sequence: 13177667515623611132                               score: 8          nodes:55872      time: 58453µs
[00:01:03.383] (70000dbd2000) INFO   sequence: 14522765622144274457                               score: -7         nodes:6574       time: 6640µs
[00:01:03.384] (70000dbd2000) INFO   sequence: 67625426656342444254571371                         score: 7          nodes:13         time: 189µs
[00:01:03.515] (70000dbd2000) INFO   sequence: 624713312775721637                                 score: 11         nodes:130876     time: 131133µs
[00:01:03.517] (70000dbd2000) INFO   sequence: 734333456723144234465215115                        score: 3          nodes:843        time: 1039µs
[00:01:03.523] (70000dbd2000) INFO   sequence: 77642771625636641471                               score: -10        nodes:5901       time: 5923µs
[00:01:03.535] (70000dbd2000) INFO   sequence: 217347332642415271341                              score: -4         nodes:10858      time: 11015µs
[00:01:03.538] (70000dbd2000) INFO   sequence: 7772455251222341                                   score: 10         nodes:2088       time: 2093µs
[00:01:03.539] (70000dbd2000) INFO   sequence: 33664613453264446172142161                         score: 2          nodes:516        time: 747µs
[00:01:03.540] (70000dbd2000) INFO   sequence: 3373573667612315662134622212                       score: 0          nodes:184        time: 374µs
[00:01:03.542] (70000dbd2000) INFO   sequence: 1566542376673667757257213                          score: -2         nodes:1679       time: 1819µs
[00:01:03.543] (70000dbd2000) INFO   sequence: 2676635557525246757177662212                       score: 2          nodes:55         time: 227µs
[00:01:03.544] (70000dbd2000) INFO   sequence: 623677332537431673                                 score: 11         nodes:8          time: 181µs
[00:01:03.667] (70000dbd2000) INFO   sequence: 2671516611342135                                   score: 10         nodes:118944     time: 122384µs
[00:01:03.671] (70000dbd2000) INFO   sequence: 2147134334617577453356                             score: 8          nodes:3273       time: 3510µs
[00:01:03.678] (70000dbd2000) INFO   sequence: 7313245346756533254712557                          score: 3          nodes:6104       time: 6571µs
[00:01:03.680] (70000dbd2000) INFO   sequence: 5557417272115455114727                             score: 9          nodes:1479       time: 1576µs
[00:01:03.681] (70000dbd2000) INFO   sequence: 13711735217413157357376665                         score: -4         nodes:171        time: 362µs
[00:01:03.682] (70000dbd2000) INFO   sequence: 26226166136627433115144772                         score: 7          nodes:325        time: 496µs
[00:01:03.684] (70000dbd2000) INFO   sequence: 6637642476564146317                                score: -9         nodes:1916       time: 1990µs
[00:01:03.685] (70000dbd2000) INFO   sequence: 62153625114652421661517273                         score: -7         nodes:13         time: 185µs
[00:01:09.517] (70000dbd2000) INFO   sequence: 7354412111344263                                   score: 12         nodes:5522095    time: 5831273µs
[00:01:09.518] (70000dbd2000) INFO   sequence: 722546467567573521513                              score: -9         nodes:17         time: 199µs
[00:01:11.025] (70000dbd2000) INFO   sequence: 4661157527162453                                   score: 11         nodes:1417472    time: 1507098µs
[00:01:11.026] (70000dbd2000) INFO   sequence: 22262653716767525527167731                         score: 7          nodes:7          time: 191µs
[00:01:11.521] (70000dbd2000) INFO   sequence: 341264564424372                                    score: 13         nodes:469857     time: 493855µs
[00:01:22.508] (70000dbd2000) INFO   sequence: 7124356714137472554                                score: 11         nodes:9734018    time: 10986326µs
[00:01:22.561] (70000dbd2000) INFO   sequence: 13551113316167677436                               score: 8          nodes:48789      time: 52319µs
[00:01:22.562] (70000dbd2000) INFO   sequence: 123575222522564511457477767                        score: 7          nodes:7          time: 190µs
[00:01:22.563] (70000dbd2000) INFO   sequence: 4161341713167472314367264532                       score: -6         nodes:144        time: 324µs
[00:01:22.564] (70000dbd2000) INFO   sequence: 554231264461461                                    score: 12         nodes:289        time: 429µs
