[00:00:00.005] (7f1c729f0700) INFO   sequence: 5554224333234511764415115                          score: 4          nodes:2561       time: 4416µs
[00:00:00.007] (7f1c729f0700) INFO   sequence: 52753311433677442422121                            score: 8          nodes:196        time: 384µs
[00:00:00.015] (7f1c729f0700) INFO   sequence: 1233722555341451114725221333                       score: -1         nodes:6294       time: 5907µs
[00:00:00.017] (7f1c729f0700) INFO   sequence: 271713432331713132                                 score: -11        nodes:13         time: 217µs
[00:00:00.021] (7f1c729f0700) INFO   sequence: 6672375354252731116762237724                       score: -2         nodes:1795       time: 1582µs
[00:00:00.023] (7f1c729f0700) INFO   sequence: 763452543756455357732314                           score: -8         nodes:13         time: 243µs
[00:00:00.024] (7f1c729f0700) INFO   sequence: 662222576343651642712157                           score: 8          nodes:8          time: 211µs
[00:00:00.025] (7f1c729f0700) INFO   sequence: 3455565261655364217                                score: -10        nodes:14         time: 213µs
[00:00:00.028] (7f1c729f0700) INFO   sequence: 4661237137541742643224                             score: 8          nodes:2030       time: 1769µs
[00:00:00.031] (7f1c729f0700) INFO   sequence: 21253774536432517717274325                         score: 2          nodes:1929       time: 2184µs
[00:00:00.048] (7f1c729f0700) INFO   sequence: 715371563635542612576371                           score: 3          nodes:21556      time: 16638µs
[00:00:00.051] (7f1c729f0700) INFO   sequence: 4435612735531457155143                             score: -5         nodes:1803       time: 1617µs
[00:00:00.052] (7f1c729f0700) INFO   sequence: 3457741246677474572223453551                       score: 5          nodes:17         time: 210µs
[00:00:00.053] (7f1c729f0700) INFO   sequence: 754732466173162124726115261                        score: 7          nodes:10         time: 204µs
[00:00:00.054] (7f1c729f0700) INFO   sequence: 64115442265757253615                               score: 10         nodes:10         time: 216µs
[00:00:00.055] (7f1c729f0700) INFO   sequence: 34651743747475571565                               score: -9         nodes:87         time: 273µs
[00:00:00.057] (7f1c729f0700) INFO   sequence: 36127316172165452675422251                         score: 7          nodes:8          time: 228µs
[00:00:00.058] (7f1c729f0700) INFO   sequence: 4235245615377275211512                             score: -7         nodes:108        time: 289µs
[00:00:00.059] (7f1c729f0700) INFO   sequence: 122435527534575161761                              score: 10         nodes:9          time: 212µs
[00:00:00.077] (7f1c729f0700) INFO   sequence: 473175162213611457122724                           score: -7         nodes:19127      time: 16786µs
[00:00:00.079] (7f1c729f0700) INFO   sequence: 5533212164224336233241461                          score: 3          nodes:410        time: 675µs
[00:00:00.080] (7f1c729f0700) INFO   sequence: 1231426213112346726266353                          score: -7         nodes:32         time: 237µs
[00:00:00.083] (7f1c729f0700) INFO   sequence: 45277231624411643516213                            score: 8          nodes:1472       time: 1436µs
[00:00:00.089] (7f1c729f0700) INFO   sequence: 1667675535724753771415352132                       score: 1          nodes:5674       time: 4943µs
[00:00:00.147] (7f1c729f0700) INFO   sequence: 41416453222527221644                               score: 10         nodes:66668      time: 57291µs
[00:00:00.148] (7f1c729f0700) INFO   sequence: 1715764132212113656454                             score: -9         nodes:15         time: 237µs
[00:00:00.150] (7f1c729f0700) INFO   sequence: 651142666562345525716135112                        score: 2          nodes:437        time: 542µs
[00:00:00.159] (7f1c729f0700) INFO   sequence: 7532455277545526                                   score: -10        nodes:9739       time: 7879µs
[00:00:00.162] (7f1c729f0700) INFO   sequence: 2737772244262123677516643354                       score: 0          nodes:2538       time: 2325µs
[00:00:00.163] (7f1c729f0700) INFO   sequence: 5746741223753516274755                             score: 8          nodes:23         time: 272µs
[00:00:00.165] (7f1c729f0700) INFO   sequence: 736655673445166272447546                           score: -7         nodes:917        time: 1032µs
[00:00:00.166] (7f1c729f0700) INFO   sequence: 5237261635627332664143376                          score: 8          nodes:8          time: 214µs
[00:00:00.172] (7f1c729f0700) INFO   sequence: 5617131757733341415                                score: -8         nodes:6264       time: 5222µs
[00:00:00.179] (7f1c729f0700) INFO   sequence: 6561461362133747245312317267                       score: 0          nodes:6095       time: 5302µs
[00:00:00.181] (7f1c729f0700) INFO   sequence: 3111642212167362762555645527                       score: -2         nodes:1047       time: 1146µs
[00:00:00.182] (7f1c729f0700) INFO   sequence: 46212622667241121631756                            score: -8         nodes:12         time: 212µs
[00:00:00.183] (7f1c729f0700) INFO   sequence: 47611556754127222                                  score: 12         nodes:9          time: 208µs
[00:00:01.173] (7f1c729f0700) INFO   sequence: 3262221111647466                                   score: -12        nodes:1128128    time: 988710µs
[00:00:01.174] (7f1c729f0700) INFO   sequence: 7722654117336331661371176                          score: 7          nodes:20         time: 238µs
[00:00:01.183] (7f1c729f0700) INFO   sequence: 3237735666151513515634                             score: -7         nodes:9365       time: 7884µs
[00:00:01.210] (7f1c729f0700) INFO   sequence: 71521736623715176174362                            score: -8         nodes:33526      time: 25830µs
[00:00:01.324] (7f1c729f0700) INFO   sequence: 544111732146347                                    score: -9         nodes:148308     time: 113145µs
[00:00:01.328] (7f1c729f0700) INFO   sequence: 47724652442416755146                               score: 8          nodes:2833       time: 2497µs
[00:00:01.329] (7f1c729f0700) INFO   sequence: 54527613337336351111622                            score: 9          nodes:8          time: 365µs
[00:00:01.424] (7f1c729f0700) INFO   sequence: 35531254275547623                                  score: -9         nodes:111952     time: 93320µs
[00:00:01.428] (7f1c729f0700) INFO   sequence: 16773414341241421774376322                         score: -5         nodes:3488       time: 2981µs
[00:00:01.429] (7f1c729f0700) INFO   sequence: 175617344365477255                                 score: 11         nodes:29         time: 380µs
[00:00:01.431] (7f1c729f0700) INFO   sequence: 411717625255115123554                              score: -9         nodes:12         time: 223µs
[00:00:01.471] (7f1c729f0700) INFO   sequence: 13227167421566572721                               score: -9         nodes:46257      time: 39624µs
[00:00:01.472] (7f1c729f0700) INFO   sequence: 1456346777667336372                                score: 11         nodes:30         time: 224µs
[00:00:01.474] (7f1c729f0700) INFO   sequence: 3464123621337153667644637227                       score: 2          nodes:461        time: 623µs
[00:00:01.477] (7f1c729f0700) INFO   sequence: 31266511114762722166672                            score: -3         nodes:2624       time: 2216µs
[00:00:01.482] (7f1c729f0700) INFO   sequence: 137616613112365341                                 score: 6          nodes:5501       time: 4703µs
[00:00:01.535] (7f1c729f0700) INFO   sequence: 6237377156733264225773                             score: 8          nodes:60210      time: 51644µs
[00:00:01.537] (7f1c729f0700) INFO   sequence: 55371476331451637535                               score: 10         nodes:9          time: 242µs
[00:00:01.538] (7f1c729f0700) INFO   sequence: 615475226615213226217557                           score: -8         nodes:14         time: 213µs
[00:00:01.539] (7f1c729f0700) INFO   sequence: 5127773675347376151                                score: 10         nodes:180        time: 334µs
[00:00:01.553] (7f1c729f0700) INFO   sequence: 7717464322265274226441151                          score: 3          nodes:15580      time: 12647µs
[00:00:01.559] (7f1c729f0700) INFO   sequence: 55772343111646575236                               score: 5          nodes:6483       time: 5507µs
[00:00:01.576] (7f1c729f0700) INFO   sequence: 72276133256716235275764                            score: 7          nodes:19452      time: 15878µs
[00:00:01.577] (7f1c729f0700) INFO   sequence: 65452257612667655615271112                         score: -4         nodes:303        time: 431µs
[00:00:01.578] (7f1c729f0700) INFO   sequence: 2577525532532441626                                score: -9         nodes:98         time: 270µs
[00:00:01.586] (7f1c729f0700) INFO   sequence: 35653272262316437167672                            score: -3         nodes:7561       time: 5997µs
[00:00:01.587] (7f1c729f0700) INFO   sequence: 1243234332773245342572475767                       score: 5          nodes:50         time: 243µs
[00:00:01.588] (7f1c729f0700) INFO   sequence: 7535125153114313                                   score: -11        nodes:37         time: 227µs
[00:00:01.758] (7f1c729f0700) INFO   sequence: 253527614166761447574                              score: -6         nodes:214851     time: 168713µs
[00:00:01.760] (7f1c729f0700) INFO   sequence: 245715112455274665623715716                        score: -2         nodes:1124       time: 1126µs
[00:00:01.761] (7f1c729f0700) INFO   sequence: 56222765165254226556673774                         score: 7          nodes:7          time: 209µs
[00:00:01.765] (7f1c729f0700) INFO   sequence: 77426557613323765616122535                         score: 2          nodes:2823       time: 2688µs
[00:00:01.767] (7f1c729f0700) INFO   sequence: 4644613266742167756722771541                       score: -4         nodes:929        time: 981µs
[00:00:01.768] (7f1c729f0700) INFO   sequence: 452631744441223222647115                           score: 6          nodes:292        time: 451µs
[00:00:01.788] (7f1c729f0700) INFO   sequence: 6462662734332655671542313                          score: 8          nodes:21787      time: 19059µs
[00:00:01.789] (7f1c729f0700) INFO   sequence: 4373163754466323                                   score: -12        nodes:18         time: 216µs
[00:00:01.790] (7f1c729f0700) INFO   sequence: 45542744735462742                                  score: -11        nodes:37         time: 223µs
[00:00:01.791] (7f1c729f0700) INFO   sequence: 52225553533233247312617                            score: -7         nodes:56         time: 235µs
[00:00:02.114] (7f1c729f0700) INFO   sequence: 3246237456535345371512                             score: 9          nodes:310463     time: 321104µs
[00:00:02.749] (7f1c729f0700) INFO   sequence: 212532617775164141                                 score: 10         nodes:768206     time: 634241µs
[00:00:02.751] (7f1c729f0700) INFO   sequence: 67421253275551744225213                            score: 8          nodes:20         time: 283µs
[00:00:02.752] (7f1c729f0700) INFO   sequence: 33313546767235271352                               score: 7          nodes:115        time: 295µs
[00:00:02.754] (7f1c729f0700) INFO   sequence: 411364471753646417433177755                        score: 3          nodes:624        time: 749µs
[00:00:02.756] (7f1c729f0700) INFO   sequence: 1224277247774721613545115                          score: -6         nodes:1392       time: 1337µs
[00:00:02.760] (7f1c729f0700) INFO   sequence: 76543123446324223431432127                         score: -2         nodes:3653       time: 3274µs
[00:00:02.801] (7f1c729f0700) INFO   sequence: 5165132157277276134227475                          score: 8          nodes:48336      time: 40627µs
[00:00:02.804] (7f1c729f0700) INFO   sequence: 7646171641443471716532164                          score: -2         nodes:1021       time: 1063µs
[00:00:02.805] (7f1c729f0700) INFO   sequence: 27625643743643521753111                            score: 8          nodes:426        time: 585µs
[00:00:03.315] (7f1c729f0700) INFO   sequence: 522264452736756                                    score: 12         nodes:651460     time: 508613µs
[00:00:03.326] (7f1c729f0700) INFO   sequence: 57553212327714336423676622                         score: -2         nodes:12593      time: 10405µs
[00:00:03.327] (7f1c729f0700) INFO   sequence: 553332366276267756111555776                        score: 7          nodes:7          time: 215µs
[00:00:03.328] (7f1c729f0700) INFO   sequence: 7725135517613477                                   score: 12         nodes:9          time: 217µs
[00:00:03.330] (7f1c729f0700) INFO   sequence: 7555726532567141222715416466                       score: -6         nodes:14         time: 273µs
[00:00:03.331] (7f1c729f0700) INFO   sequence: 734476631737161177341324354                        score: 7          nodes:457        time: 596µs
[00:00:03.333] (7f1c729f0700) INFO   sequence: 62623724435526761122431133                         score: -2         nodes:1217       time: 1263µs
[00:00:03.338] (7f1c729f0700) INFO   sequence: 271411161457254361726                              score: -7         nodes:4299       time: 3703µs
[00:00:03.339] (7f1c729f0700) INFO   sequence: 7617657562173664715555                             score: 9          nodes:8          time: 288µs
[00:00:03.349] (7f1c729f0700) INFO   sequence: 777322726313643756152546                           score: -3         nodes:9908       time: 8847µs
[00:00:03.777] (7f1c729f0700) INFO   sequence: 16445643742326746657                               score: 9          nodes:502595     time: 426746µs
[00:00:03.788] (7f1c729f0700) INFO   sequence: 3612577271337526673343274                          score: -4         nodes:12049      time: 10135µs
[00:00:03.789] (7f1c729f0700) INFO   sequence: 7125417577721225375266556                          score: 7          nodes:21         time: 215µs
[00:00:03.790] (7f1c729f0700) INFO   sequence: 65644113777615216373313743                         score: 7          nodes:8          time: 203µs
[00:00:03.792] (7f1c729f0700) INFO   sequence: 546167317562564251256237162                        score: -5         nodes:502        time: 609µs
[00:00:04.302] (7f1c729f0700) INFO   sequence: 6673377312746732                                   score: -10        nodes:596382     time: 509340µs
[00:00:04.304] (7f1c729f0700) INFO   sequence: 4641133162345542                                   score: 11         nodes:23         time: 257µs
[00:00:04.305] (7f1c729f0700) INFO   sequence: 5365373625572524614352316                          score: 8          nodes:8          time: 222µs
[00:00:04.307] (7f1c729f0700) INFO   sequence: 657341635416555625471                              score: 9          nodes:722        time: 782µs
[00:00:04.309] (7f1c729f0700) INFO   sequence: 6747357277725656364415                             score: -8         nodes:1996       time: 1834µs
[00:00:04.351] (7f1c729f0700) INFO   sequence: 757154666551751363272                              score: 8          nodes:51144      time: 40320µs
[00:00:04.355] (7f1c729f0700) INFO   sequence: 6132623667546521255623127                          score: -2         nodes:4817       time: 3776µs
[00:00:04.361] (7f1c729f0700) INFO   sequence: 315225171236276777666271                           score: 6          nodes:5328       time: 4295µs
[00:00:04.362] (7f1c729f0700) INFO   sequence: 113422122167672244746117367                        score: 2          nodes:328        time: 474µs
[00:00:04.363] (7f1c729f0700) INFO   sequence: 5347374145757771622512325                          score: 8          nodes:8          time: 214µs
[00:00:04.374] (7f1c729f0700) INFO   sequence: 31124166611476652461                               score: -7         nodes:11799      time: 9442µs
[00:00:04.411] (7f1c729f0700) INFO   sequence: 62523333557451566631264                            score: -6         nodes:41504      time: 36226µs
[00:00:04.412] (7f1c729f0700) INFO   sequence: 713311533551231314755                              score: 10         nodes:7          time: 209µs
[00:00:04.417] (7f1c729f0700) INFO   sequence: 51137351146565342411                               score: -10        nodes:4956       time: 4185µs
[00:00:04.426] (7f1c729f0700) INFO   sequence: 3543166713733245231117                             score: -4         nodes:9457       time: 7684µs
[00:00:04.436] (7f1c729f0700) INFO   sequence: 3217735763522667143373                             score: 8          nodes:10126      time: 8928µs
[00:00:04.442] (7f1c729f0700) INFO   sequence: 6442147133575712244172                             score: -8         nodes:6001       time: 4502µs
[00:00:04.444] (7f1c729f0700) INFO   sequence: 22756642677321336736612773                         score: 2          nodes:1126       time: 1089µs
[00:00:04.445] (7f1c729f0700) INFO   sequence: 67647316672176756255331                            score: -8         nodes:14         time: 213µs
[00:00:04.446] (7f1c729f0700) INFO   sequence: 625162614337765                                    score: -11        nodes:30         time: 400µs
[00:00:06.697] (7f1c729f0700) INFO   sequence: 47254525565152712                                  score: 8          nodes:2868759    time: 2249275µs
[00:00:06.700] (7f1c729f0700) INFO   sequence: 446755524273322124445127                           score: 3          nodes:1873       time: 1875µs
[00:00:06.703] (7f1c729f0700) INFO   sequence: 53337315253236517157261411                         score: 2          nodes:3184       time: 2600µs
[00:00:06.704] (7f1c729f0700) INFO   sequence: 52126366244377536726                               score: -10        nodes:16         time: 243µs
[00:00:07.457] (7f1c729f0700) INFO   sequence: 5266416344462647                                   score: 12         nodes:941802     time: 752025µs
[00:00:09.479] (7f1c729f0700) INFO   sequence: 7112154467341431                                   score: -10        nodes:2408596    time: 2020223µs
[00:00:09.572] (7f1c729f0700) INFO   sequence: 676524651176255741                                 score: 7          nodes:118621     time: 91896µs
[00:00:09.574] (7f1c729f0700) INFO   sequence: 15721313466562712137                               score: 7          nodes:129        time: 309µs
[00:00:09.786] (7f1c729f0700) INFO   sequence: 71114661511246636                                  score: -6         nodes:266465     time: 211418µs
[00:00:09.789] (7f1c729f0700) INFO   sequence: 5641274173637715675655753                          score: -3         nodes:1503       time: 1438µs
[00:00:09.794] (7f1c729f0700) INFO   sequence: 65145566762633644215                               score: 9          nodes:5224       time: 4351µs
[00:00:09.795] (7f1c729f0700) INFO   sequence: 117315167545341124                                 score: -10        nodes:190        time: 338µs
[00:00:09.797] (7f1c729f0700) INFO   sequence: 72572533563327373216                               score: -10        nodes:14         time: 282µs
[00:00:09.800] (7f1c729f0700) INFO   sequence: 1216176353566455625361277537                       score: 1          nodes:3189       time: 2586µs
[00:00:09.801] (7f1c729f0700) INFO   sequence: 513635225523631475657331                           score: 8          nodes:15         time: 293µs
[00:00:09.803] (7f1c729f0700) INFO   sequence: 5226731653116776772711142                          score: -6         nodes:67         time: 253µs
[00:00:09.814] (7f1c729f0700) INFO   sequence: 2556551746465373772733636                          score: -3         nodes:12218      time: 10454µs
[00:00:09.861] (7f1c729f0700) INFO   sequence: 166676351322113324621                              score: 10         nodes:60375      time: 45628µs
[00:00:09.862] (7f1c729f0700) INFO   sequence: 234331235273567223257514116                        score: 5          nodes:169        time: 350µs
[00:00:10.347] (7f1c729f0700) INFO   sequence: 6464223476161123                                   score: -10        nodes:602822     time: 483697µs
[00:00:10.349] (7f1c729f0700) INFO   sequence: 744756377222471165                                 score: 11         nodes:9          time: 241µs
[00:00:10.357] (7f1c729f0700) INFO   sequence: 3374372732172176214213256                          score: -3         nodes:9033       time: 7384µs
[00:00:10.359] (7f1c729f0700) INFO   sequence: 37327525173143631662325662                         score: 2          nodes:1022       time: 984µs
[00:00:10.371] (7f1c729f0700) INFO   sequence: 5516724631166275312523525677                       score: -2         nodes:13485      time: 11208µs
[00:00:10.372] (7f1c729f0700) INFO   sequence: 1225772337767151                                   score: 12         nodes:9          time: 208µs
[00:00:10.412] (7f1c729f0700) INFO   sequence: 37542511245635225762                               score: 10         nodes:44720      time: 39129µs
[00:00:10.414] (7f1c729f0700) INFO   sequence: 65313213177411167266555                            score: 8          nodes:42         time: 545µs
[00:00:10.420] (7f1c729f0700) INFO   sequence: 62214763523662142136564                            score: -7         nodes:5856       time: 5129µs
[00:00:10.425] (7f1c729f0700) INFO   sequence: 1462571636416267177611                             score: 4          nodes:4673       time: 3715µs
[00:00:10.440] (7f1c729f0700) INFO   sequence: 317332211766171563334                              score: -4         nodes:18047      time: 14625µs
[00:00:10.443] (7f1c729f0700) INFO   sequence: 7236227623622346474116546144                       score: 0          nodes:2506       time: 2224µs
[00:00:10.444] (7f1c729f0700) INFO   sequence: 35674332132366762241632                            score: -8         nodes:14         time: 208µs
[00:00:10.448] (7f1c729f0700) INFO   sequence: 6531112231141276724767552                          score: 8          nodes:2535       time: 2506µs
[00:00:10.454] (7f1c729f0700) INFO   sequence: 761471225521321                                    score: 11         nodes:6964       time: 5512µs
[00:00:10.461] (7f1c729f0700) INFO   sequence: 136215442375624672646433                           score: -4         nodes:7425       time: 6106µs
[00:00:10.463] (7f1c729f0700) INFO   sequence: 552435552666617514721116                           score: -8         nodes:14         time: 209µs
[00:00:10.464] (7f1c729f0700) INFO   sequence: 253377617377674512                                 score: -10        nodes:39         time: 228µs
[00:00:10.672] (7f1c729f0700) INFO   sequence: 1257676743157613416644                             score: 8          nodes:254140     time: 207032µs
[00:00:10.674] (7f1c729f0700) INFO   sequence: 76515463143736654125112267                         score: 6          nodes:1026       time: 1150µs
[00:00:12.672] (7f1c729f0700) INFO   sequence: 225626516711326624                                 score: 11         nodes:2433931    time: 1996779µs
[00:00:12.674] (7f1c729f0700) INFO   sequence: 1463662446336421315265524145                       score: -2         nodes:418        time: 633µs
[00:00:12.676] (7f1c729f0700) INFO   sequence: 31761163116675571675647534                         score: -5         nodes:770        time: 930µs
[00:00:12.682] (7f1c729f0700) INFO   sequence: 5722272622565513454114                             score: 9          nodes:6043       time: 5541µs
[00:00:18.568] (7f1c729f0700) INFO   sequence: 67774712211136444                                  score: -11        nodes:6976810    time: 5884537µs
[00:00:19.153] (7f1c729f0700) INFO   sequence: 673777363513616553                                 score: 11         nodes:771819     time: 583210µs
[00:00:19.154] (7f1c729f0700) INFO   sequence: 76351242633547775                                  score: -10        nodes:94         time: 366µs
[00:00:19.156] (7f1c729f0700) INFO   sequence: 1441417214663341566431667                          score: -4         nodes:680        time: 787µs
[00:00:19.177] (7f1c729f0700) INFO   sequence: 415514133627224473362753153                        score: 2          nodes:23021      time: 20717µs
[00:00:19.180] (7f1c729f0700) INFO   sequence: 635476135716273141133365                           score: -7         nodes:1571       time: 1670µs
[00:00:19.208] (7f1c729f0700) INFO   sequence: 477144126313426127461                              score: -8         nodes:33870      time: 26760µs
[00:00:19.210] (7f1c729f0700) INFO   sequence: 34334747765464734726763                            score: 4          nodes:1093       time: 1033µs
[00:00:19.382] (7f1c729f0700) INFO   sequence: 346747427467645                                    score: -12        nodes:216121     time: 170965µs
[00:00:20.469] (7f1c729f0700) INFO   sequence: 175475114216753                                    score: 10         nodes:1287755    time: 1085647µs
[00:00:20.470] (7f1c729f0700) INFO   sequence: 4666145433446767141256217                          score: 8          nodes:7          time: 233µs
[00:00:20.472] (7f1c729f0700) INFO   sequence: 217432442211554112765154263                        score: 6          nodes:178        time: 338µs
[00:00:20.766] (7f1c729f0700) INFO   sequence: 624115772263235661114                              score: 10         nodes:355721     time: 293550µs
[00:00:20.768] (7f1c729f0700) INFO   sequence: 64241512462236624761276154                         score: 3          nodes:246        time: 458µs
[00:00:20.769] (7f1c729f0700) INFO   sequence: 52211255312133125634616                            score: -4         nodes:586        time: 692µs
[00:00:20.771] (7f1c729f0700) INFO   sequence: 66771426326433735127                               score: -10        nodes:16         time: 217µs
[00:00:20.772] (7f1c729f0700) INFO   sequence: 33532452223727716571436                            score: 9          nodes:9          time: 214µs
[00:00:20.773] (7f1c729f0700) INFO   sequence: 27347561567762333731456                            score: 9          nodes:9          time: 202µs
[00:00:20.785] (7f1c729f0700) INFO   sequence: 21133461363327566                                  score: -10        nodes:14618      time: 11515µs
[00:00:20.786] (7f1c729f0700) INFO   sequence: 46252526616224145                                  score: 12         nodes:80         time: 255µs
[00:00:20.787] (7f1c729f0700) INFO   sequence: 153313313355666662264221772                        score: -4         nodes:149        time: 314µs
[00:00:20.789] (7f1c729f0700) INFO   sequence: 67152543366667234631                               score: 9          nodes:30         time: 220µs
[00:00:20.795] (7f1c729f0700) INFO   sequence: 4266771537147151161265456                          score: 4          nodes:6600       time: 5373µs
[00:00:20.797] (7f1c729f0700) INFO   sequence: 3672655672677311226162515375                       score: -3         nodes:348        time: 789µs
[00:00:20.798] (7f1c729f0700) INFO   sequence: 214562532727125124366                              score: -9         nodes:14         time: 244µs
[00:00:20.801] (7f1c729f0700) INFO   sequence: 654242261241325277656                              score: -8         nodes:2750       time: 2340µs
