[00:00:00.465] (7f775bbf0700) INFO   sequence: 2252576253462244111563365343671351441              score: -1         nodes:5          time: 2366µs
[00:00:00.467] (7f775bbf0700) INFO   sequence: 7422341735647741166133573473242566                 score: 1          nodes:32         time: 261µs
[00:00:00.469] (7f775bbf0700) INFO   sequence: 23163416124767223154467471272416755633             score: 0          nodes:5          time: 215µs
[00:00:00.471] (7f775bbf0700) INFO   sequence: 71255763773133525731261364622167124446454          score: 0          nodes:2          time: 199µs
[00:00:00.472] (7f775bbf0700) INFO   sequence: 65214673556155731566316327373221417                score: -1         nodes:23         time: 218µs
[00:00:00.477] (7f775bbf0700) INFO   sequence: 52677675164321472411331752454                      score: 0          nodes:2834       time: 3021µs
[00:00:00.478] (7f775bbf0700) INFO   sequence: 3135151421347443544172316522225776773566           score: 0          nodes:2          time: 215µs
[00:00:00.479] (7f775bbf0700) INFO   sequence: 562154564361751726662253737734213275114            score: 0          nodes:4          time: 211µs
[00:00:00.480] (7f775bbf0700) INFO   sequence: 233377345754465174223731671122611552               score: 1          nodes:14         time: 218µs
[00:00:00.481] (7f775bbf0700) INFO   sequence: 6763525635134453444361412671365712                 score: -1         nodes:52         time: 402µs
[00:00:00.482] (7f775bbf0700) INFO   sequence: 211376455663355325112113664364524722               score: 0          nodes:8          time: 215µs
[00:00:00.484] (7f775bbf0700) INFO   sequence: 3146762114467714356347741621375222                 score: -1         nodes:128        time: 335µs
[00:00:00.486] (7f775bbf0700) INFO   sequence: 67152117737262713366376314254                      score: 6          nodes:1373       time: 1537µs
[00:00:00.487] (7f775bbf0700) INFO   sequence: 2762751722231276466633475674533                    score: 5          nodes:6          time: 201µs
[00:00:00.488] (7f775bbf0700) INFO   sequence: 3642756176227637211322113551637574556              score: 2          nodes:4          time: 200µs
[00:00:00.489] (7f775bbf0700) INFO   sequence: 22647455554314246733661634615122372377511          score: 0          nodes:2          time: 198µs
[00:00:00.490] (7f775bbf0700) INFO   sequence: 427566236745127177115664464254                     score: 2          nodes:439        time: 609µs
[00:00:00.491] (7f775bbf0700) INFO   sequence: 7172212567451542223676134464437761515              score: 0          nodes:21         time: 217µs
[00:00:00.492] (7f775bbf0700) INFO   sequence: 641154574541323641152467137655232232366            score: 0          nodes:3          time: 200µs
[00:00:00.493] (7f775bbf0700) INFO   sequence: 5775265212657176476365522624313714333              score: 2          nodes:4          time: 294µs
[00:00:00.494] (7f775bbf0700) INFO   sequence: 3575316255751336464276636772271112                 score: -3         nodes:26         time: 231µs
[00:00:00.495] (7f775bbf0700) INFO   sequence: 75662564375666511575212332122171447733             score: 1          nodes:4          time: 206µs
[00:00:00.496] (7f775bbf0700) INFO   sequence: 3576127617575661522124647446257235344113           score: 0          nodes:2          time: 203µs
[00:00:00.498] (7f775bbf0700) INFO   sequence: 655651721435342216255374674123                     score: 4          nodes:229        time: 575µs
[00:00:00.499] (7f775bbf0700) INFO   sequence: 335413424327172446337172625415575517               score: 1          nodes:14         time: 220µs
[00:00:00.500] (7f775bbf0700) INFO   sequence: 12156756715535615116237724723                      score: -2         nodes:430        time: 615µs
[00:00:00.501] (7f775bbf0700) INFO   sequence: 4744236462134233111155374771566655522              score: -1         nodes:9          time: 206µs
[00:00:00.502] (7f775bbf0700) INFO   sequence: 144324431445513573673777361765615215226            score: 0          nodes:4          time: 201µs
[00:00:00.504] (7f775bbf0700) INFO   sequence: 466337133772221726726511133452571                  score: 0          nodes:171        time: 374µs
[00:00:00.505] (7f775bbf0700) INFO   sequence: 5577777735365512235162362241426611                 score: -3         nodes:10         time: 240µs
[00:00:00.506] (7f775bbf0700) INFO   sequence: 6274476136716665132411555412333345                 score: 0          nodes:73         time: 298µs
[00:00:00.507] (7f775bbf0700) INFO   sequence: 2166166176633734115273317322475724                 score: -2         nodes:25         time: 242µs
[00:00:00.508] (7f775bbf0700) INFO   sequence: 3432357517256661231652672362571175                 score: 3          nodes:6          time: 221µs
[00:00:00.509] (7f775bbf0700) INFO   sequence: 26512741647245111351472255277                      score: -5         nodes:12         time: 238µs
[00:00:00.511] (7f775bbf0700) INFO   sequence: 3414355576455177144321543311672273                 score: -2         nodes:18         time: 241µs
[00:00:00.512] (7f775bbf0700) INFO   sequence: 112471523663662675764743257544335112741            score: 0          nodes:7          time: 251µs
[00:00:00.513] (7f775bbf0700) INFO   sequence: 24555313265147651622632244317534477                score: 3          nodes:9          time: 231µs
[00:00:00.514] (7f775bbf0700) INFO   sequence: 5512371662253342337574526766763245                 score: 3          nodes:5          time: 218µs
[00:00:00.515] (7f775bbf0700) INFO   sequence: 27573772361321663724362213661574                   score: 2          nodes:31         time: 237µs
[00:00:00.516] (7f775bbf0700) INFO   sequence: 3336513263356226156221176142517577574              score: 2          nodes:7          time: 209µs
[00:00:00.517] (7f775bbf0700) INFO   sequence: 6216633712715125334265163163777225                 score: -3         nodes:8          time: 209µs
[00:00:00.518] (7f775bbf0700) INFO   sequence: 735425274762537661575175136212214614443            score: 1          nodes:4          time: 201µs
[00:00:00.519] (7f775bbf0700) INFO   sequence: 67652627754667711122263741251355513444433          score: 0          nodes:2          time: 285µs
[00:00:00.520] (7f775bbf0700) INFO   sequence: 3324524346452572767551333257727114                 score: 0          nodes:40         time: 261µs
[00:00:00.521] (7f775bbf0700) INFO   sequence: 47344144255311355215566613617433267622277          score: 0          nodes:2          time: 210µs
[00:00:00.522] (7f775bbf0700) INFO   sequence: 5711457417462173563673656226153335724441           score: 0          nodes:2          time: 209µs
[00:00:00.523] (7f775bbf0700) INFO   sequence: 7174362564676726631735257252323                    score: -4         nodes:9          time: 223µs
[00:00:00.525] (7f775bbf0700) INFO   sequence: 6213724444421524673215767767233                    score: -2         nodes:345        time: 566µs
