[00:00:00.349] (7f32efff0700) INFO   sequence: 5554224333234511764415115                          score: 4          nodes:2745       time: 5529µs
[00:00:00.351] (7f32efff0700) INFO   sequence: 52753311433677442422121                            score: 8          nodes:196        time: 421µs
[00:00:00.361] (7f32efff0700) INFO   sequence: 1233722555341451114725221333                       score: -1         nodes:6416       time: 7995µs
[00:00:00.363] (7f32efff0700) INFO   sequence: 271713432331713132                                 score: -11        nodes:13         time: 240µs
[00:00:00.368] (7f32efff0700) INFO   sequence: 6672375354252731116762237724                       score: -2         nodes:1799       time: 2075µs
[00:00:00.369] (7f32efff0700) INFO   sequence: 763452543756455357732314                           score: -8         nodes:13         time: 237µs
[00:00:00.370] (7f32efff0700) INFO   sequence: 662222576343651642712157                           score: 8          nodes:8          time: 220µs
[00:00:00.371] (7f32efff0700) INFO   sequence: 3455565261655364217                                score: -10        nodes:14         time: 251µs
[00:00:00.375] (7f32efff0700) INFO   sequence: 4661237137541742643224                             score: 8          nodes:2097       time: 2296µs
[00:00:00.378] (7f32efff0700) INFO   sequence: 21253774536432517717274325                         score: 2          nodes:1929       time: 2267µs
[00:00:00.401] (7f32efff0700) INFO   sequence: 715371563635542612576371                           score: 3          nodes:21698      time: 21386µs
[00:00:00.404] (7f32efff0700) INFO   sequence: 4435612735531457155143                             score: -5         nodes:1808       time: 2046µs
[00:00:00.405] (7f32efff0700) INFO   sequence: 3457741246677474572223453551                       score: 5          nodes:17         time: 231µs
[00:00:00.406] (7f32efff0700) INFO   sequence: 754732466173162124726115261                        score: 7          nodes:10         time: 220µs
[00:00:00.407] (7f32efff0700) INFO   sequence: 64115442265757253615                               score: 10         nodes:10         time: 220µs
[00:00:00.408] (7f32efff0700) INFO   sequence: 34651743747475571565                               score: -9         nodes:87         time: 396µs
[00:00:00.409] (7f32efff0700) INFO   sequence: 36127316172165452675422251                         score: 7          nodes:8          time: 222µs
[00:00:00.411] (7f32efff0700) INFO   sequence: 4235245615377275211512                             score: -7         nodes:108        time: 324µs
[00:00:00.412] (7f32efff0700) INFO   sequence: 122435527534575161761                              score: 10         nodes:9          time: 384µs
[00:00:00.433] (7f32efff0700) INFO   sequence: 473175162213611457122724                           score: -7         nodes:19416      time: 20322µs
[00:00:00.435] (7f32efff0700) INFO   sequence: 5533212164224336233241461                          score: 3          nodes:410        time: 912µs
[00:00:00.436] (7f32efff0700) INFO   sequence: 1231426213112346726266353                          score: -7         nodes:32         time: 271µs
[00:00:00.439] (7f32efff0700) INFO   sequence: 45277231624411643516213                            score: 8          nodes:1682       time: 1977µs
[00:00:00.447] (7f32efff0700) INFO   sequence: 1667675535724753771415352132                       score: 1          nodes:6234       time: 6548µs
[00:00:00.551] (7f32efff0700) INFO   sequence: 41416453222527221644                               score: 10         nodes:97345      time: 102695µs
[00:00:00.552] (7f32efff0700) INFO   sequence: 1715764132212113656454                             score: -9         nodes:15         time: 312µs
[00:00:00.554] (7f32efff0700) INFO   sequence: 651142666562345525716135112                        score: 2          nodes:437        time: 689µs
[00:00:00.565] (7f32efff0700) INFO   sequence: 7532455277545526                                   score: -10        nodes:9769       time: 10249µs
[00:00:00.569] (7f32efff0700) INFO   sequence: 2737772244262123677516643354                       score: 0          nodes:2551       time: 3030µs
[00:00:00.570] (7f32efff0700) INFO   sequence: 5746741223753516274755                             score: 8          nodes:23         time: 245µs
[00:00:00.572] (7f32efff0700) INFO   sequence: 736655673445166272447546                           score: -7         nodes:937        time: 1153µs
[00:00:00.573] (7f32efff0700) INFO   sequence: 5237261635627332664143376                          score: 8          nodes:8          time: 230µs
[00:00:00.582] (7f32efff0700) INFO   sequence: 5617131757733341415                                score: -8         nodes:6372       time: 7210µs
[00:00:00.589] (7f32efff0700) INFO   sequence: 6561461362133747245312317267                       score: 0          nodes:6131       time: 6651µs
[00:00:00.592] (7f32efff0700) INFO   sequence: 3111642212167362762555645527                       score: -2         nodes:1221       time: 1587µs
[00:00:00.593] (7f32efff0700) INFO   sequence: 46212622667241121631756                            score: -8         nodes:12         time: 221µs
[00:00:00.594] (7f32efff0700) INFO   sequence: 47611556754127222                                  score: 12         nodes:9          time: 243µs
[00:00:01.901] (7f32efff0700) INFO   sequence: 3262221111647466                                   score: -12        nodes:1227135    time: 1305533µs
[00:00:01.902] (7f32efff0700) INFO   sequence: 7722654117336331661371176                          score: 7          nodes:20         time: 253µs
[00:00:01.913] (7f32efff0700) INFO   sequence: 3237735666151513515634                             score: -7         nodes:9824       time: 9822µs
[00:00:01.946] (7f32efff0700) INFO   sequence: 71521736623715176174362                            score: -8         nodes:33526      time: 31987µs
[00:00:02.086] (7f32efff0700) INFO   sequence: 544111732146347                                    score: -9         nodes:149587     time: 138416µs
[00:00:02.091] (7f32efff0700) INFO   sequence: 47724652442416755146                               score: 8          nodes:2957       time: 3267µs
[00:00:02.092] (7f32efff0700) INFO   sequence: 54527613337336351111622                            score: 9          nodes:8          time: 229µs
[00:00:02.207] (7f32efff0700) INFO   sequence: 35531254275547623                                  score: -9         nodes:113373     time: 113799µs
[00:00:02.212] (7f32efff0700) INFO   sequence: 16773414341241421774376322                         score: -5         nodes:3515       time: 3674µs
[00:00:02.213] (7f32efff0700) INFO   sequence: 175617344365477255                                 score: 11         nodes:29         time: 228µs
[00:00:02.214] (7f32efff0700) INFO   sequence: 411717625255115123554                              score: -9         nodes:12         time: 216µs
[00:00:02.264] (7f32efff0700) INFO   sequence: 13227167421566572721                               score: -9         nodes:46459      time: 48537µs
[00:00:02.265] (7f32efff0700) INFO   sequence: 1456346777667336372                                score: 11         nodes:30         time: 232µs
[00:00:02.266] (7f32efff0700) INFO   sequence: 3464123621337153667644637227                       score: 2          nodes:461        time: 667µs
[00:00:02.270] (7f32efff0700) INFO   sequence: 31266511114762722166672                            score: -3         nodes:2675       time: 2701µs
[00:00:02.277] (7f32efff0700) INFO   sequence: 137616613112365341                                 score: 6          nodes:5669       time: 5836µs
[00:00:02.342] (7f32efff0700) INFO   sequence: 6237377156733264225773                             score: 8          nodes:61003      time: 64297µs
[00:00:02.344] (7f32efff0700) INFO   sequence: 55371476331451637535                               score: 10         nodes:9          time: 532µs
[00:00:02.345] (7f32efff0700) INFO   sequence: 615475226615213226217557                           score: -8         nodes:14         time: 245µs
[00:00:02.347] (7f32efff0700) INFO   sequence: 5127773675347376151                                score: 10         nodes:180        time: 393µs
[00:00:02.365] (7f32efff0700) INFO   sequence: 7717464322265274226441151                          score: 3          nodes:16548      time: 17393µs
[00:00:02.375] (7f32efff0700) INFO   sequence: 55772343111646575236                               score: 5          nodes:8477       time: 9187µs
[00:00:02.396] (7f32efff0700) INFO   sequence: 72276133256716235275764                            score: 7          nodes:19838      time: 19520µs
[00:00:02.397] (7f32efff0700) INFO   sequence: 65452257612667655615271112                         score: -4         nodes:303        time: 484µs
[00:00:02.398] (7f32efff0700) INFO   sequence: 2577525532532441626                                score: -9         nodes:98         time: 297µs
[00:00:02.407] (7f32efff0700) INFO   sequence: 35653272262316437167672                            score: -3         nodes:7677       time: 7619µs
[00:00:02.408] (7f32efff0700) INFO   sequence: 1243234332773245342572475767                       score: 5          nodes:50         time: 333µs
[00:00:02.409] (7f32efff0700) INFO   sequence: 7535125153114313                                   score: -11        nodes:37         time: 261µs
[00:00:02.679] (7f32efff0700) INFO   sequence: 253527614166761447574                              score: -6         nodes:269841     time: 268341µs
[00:00:02.681] (7f32efff0700) INFO   sequence: 245715112455274665623715716                        score: -2         nodes:1124       time: 1330µs
[00:00:02.682] (7f32efff0700) INFO   sequence: 56222765165254226556673774                         score: 7          nodes:7          time: 211µs
[00:00:02.686] (7f32efff0700) INFO   sequence: 77426557613323765616122535                         score: 2          nodes:2823       time: 2840µs
[00:00:02.688] (7f32efff0700) INFO   sequence: 4644613266742167756722771541                       score: -4         nodes:929        time: 1121µs
[00:00:02.689] (7f32efff0700) INFO   sequence: 452631744441223222647115                           score: 6          nodes:292        time: 495µs
[00:00:02.714] (7f32efff0700) INFO   sequence: 6462662734332655671542313                          score: 8          nodes:22132      time: 23413µs
[00:00:02.715] (7f32efff0700) INFO   sequence: 4373163754466323                                   score: -12        nodes:18         time: 221µs
[00:00:02.716] (7f32efff0700) INFO   sequence: 45542744735462742                                  score: -11        nodes:37         time: 233µs
[00:00:02.717] (7f32efff0700) INFO   sequence: 52225553533233247312617                            score: -7         nodes:56         time: 250µs
[00:00:03.064] (7f32efff0700) INFO   sequence: 3246237456535345371512                             score: 9          nodes:333217     time: 345358µs
[00:00:03.889] (7f32efff0700) INFO   sequence: 212532617775164141                                 score: 10         nodes:806066     time: 823788µs
[00:00:03.890] (7f32efff0700) INFO   sequence: 67421253275551744225213                            score: 8          nodes:20         time: 268µs
[00:00:03.892] (7f32efff0700) INFO   sequence: 33313546767235271352                               score: 7          nodes:115        time: 329µs
[00:00:03.893] (7f32efff0700) INFO   sequence: 411364471753646417433177755                        score: 3          nodes:624        time: 898µs
[00:00:03.896] (7f32efff0700) INFO   sequence: 1224277247774721613545115                          score: -6         nodes:1548       time: 1825µs
[00:00:03.901] (7f32efff0700) INFO   sequence: 76543123446324223431432127                         score: -2         nodes:3767       time: 4092µs
[00:00:03.951] (7f32efff0700) INFO   sequence: 5165132157277276134227475                          score: 8          nodes:48336      time: 49366µs
[00:00:03.954] (7f32efff0700) INFO   sequence: 7646171641443471716532164                          score: -2         nodes:1057       time: 1270µs
[00:00:03.955] (7f32efff0700) INFO   sequence: 27625643743643521753111                            score: 8          nodes:426        time: 586µs
[00:00:04.607] (7f32efff0700) INFO   sequence: 522264452736756                                    score: 12         nodes:693669     time: 650658µs
[00:00:04.623] (7f32efff0700) INFO   sequence: 57553212327714336423676622                         score: -2         nodes:14489      time: 14803µs
[00:00:04.624] (7f32efff0700) INFO   sequence: 553332366276267756111555776                        score: 7          nodes:7          time: 208µs
[00:00:04.625] (7f32efff0700) INFO   sequence: 7725135517613477                                   score: 12         nodes:9          time: 291µs
[00:00:04.627] (7f32efff0700) INFO   sequence: 7555726532567141222715416466                       score: -6         nodes:14         time: 221µs
[00:00:04.628] (7f32efff0700) INFO   sequence: 734476631737161177341324354                        score: 7          nodes:481        time: 727µs
[00:00:04.631] (7f32efff0700) INFO   sequence: 62623724435526761122431133                         score: -2         nodes:1217       time: 1709µs
[00:00:04.637] (7f32efff0700) INFO   sequence: 271411161457254361726                              score: -7         nodes:4894       time: 5176µs
[00:00:04.638] (7f32efff0700) INFO   sequence: 7617657562173664715555                             score: 9          nodes:8          time: 213µs
[00:00:04.650] (7f32efff0700) INFO   sequence: 777322726313643756152546                           score: -3         nodes:10729      time: 11200µs
[00:00:05.363] (7f32efff0700) INFO   sequence: 16445643742326746657                               score: 9          nodes:691970     time: 711752µs
[00:00:05.378] (7f32efff0700) INFO   sequence: 3612577271337526673343274                          score: -4         nodes:12099      time: 13129µs
[00:00:05.379] (7f32efff0700) INFO   sequence: 7125417577721225375266556                          score: 7          nodes:21         time: 240µs
[00:00:05.380] (7f32efff0700) INFO   sequence: 65644113777615216373313743                         score: 7          nodes:8          time: 218µs
[00:00:05.382] (7f32efff0700) INFO   sequence: 546167317562564251256237162                        score: -5         nodes:552        time: 827µs
[00:00:06.058] (7f32efff0700) INFO   sequence: 6673377312746732                                   score: -10        nodes:662220     time: 675113µs
[00:00:06.059] (7f32efff0700) INFO   sequence: 4641133162345542                                   score: 11         nodes:23         time: 269µs
[00:00:06.061] (7f32efff0700) INFO   sequence: 5365373625572524614352316                          score: 8          nodes:8          time: 221µs
[00:00:06.062] (7f32efff0700) INFO   sequence: 657341635416555625471                              score: 9          nodes:722        time: 940µs
[00:00:06.066] (7f32efff0700) INFO   sequence: 6747357277725656364415                             score: -8         nodes:2424       time: 2683µs
[00:00:06.118] (7f32efff0700) INFO   sequence: 757154666551751363272                              score: 8          nodes:52691      time: 51222µs
[00:00:06.124] (7f32efff0700) INFO   sequence: 6132623667546521255623127                          score: -2         nodes:4817       time: 4701µs
[00:00:06.131] (7f32efff0700) INFO   sequence: 315225171236276777666271                           score: 6          nodes:5425       time: 6348µs
[00:00:06.133] (7f32efff0700) INFO   sequence: 113422122167672244746117367                        score: 2          nodes:328        time: 537µs
[00:00:06.134] (7f32efff0700) INFO   sequence: 5347374145757771622512325                          score: 8          nodes:8          time: 207µs
[00:00:06.148] (7f32efff0700) INFO   sequence: 31124166611476652461                               score: -7         nodes:12745      time: 13296µs
[00:00:06.196] (7f32efff0700) INFO   sequence: 62523333557451566631264                            score: -6         nodes:45272      time: 46877µs
[00:00:06.198] (7f32efff0700) INFO   sequence: 713311533551231314755                              score: 10         nodes:7          time: 236µs
[00:00:06.204] (7f32efff0700) INFO   sequence: 51137351146565342411                               score: -10        nodes:4979       time: 5264µs
[00:00:06.215] (7f32efff0700) INFO   sequence: 3543166713733245231117                             score: -4         nodes:9738       time: 10404µs
[00:00:06.227] (7f32efff0700) INFO   sequence: 3217735763522667143373                             score: 8          nodes:10262      time: 11026µs
[00:00:06.234] (7f32efff0700) INFO   sequence: 6442147133575712244172                             score: -8         nodes:6001       time: 6351µs
[00:00:06.237] (7f32efff0700) INFO   sequence: 22756642677321336736612773                         score: 2          nodes:1126       time: 1335µs
[00:00:06.238] (7f32efff0700) INFO   sequence: 67647316672176756255331                            score: -8         nodes:14         time: 230µs
[00:00:06.239] (7f32efff0700) INFO   sequence: 625162614337765                                    score: -11        nodes:30         time: 258µs
[00:00:09.029] (7f32efff0700) INFO   sequence: 47254525565152712                                  score: 8          nodes:2960921    time: 2788787µs
[00:00:09.033] (7f32efff0700) INFO   sequence: 446755524273322124445127                           score: 3          nodes:2105       time: 2454µs
[00:00:09.037] (7f32efff0700) INFO   sequence: 53337315253236517157261411                         score: 2          nodes:3184       time: 3233µs
[00:00:09.038] (7f32efff0700) INFO   sequence: 52126366244377536726                               score: -10        nodes:16         time: 216µs
[00:00:09.971] (7f32efff0700) INFO   sequence: 5266416344462647                                   score: 12         nodes:966298     time: 931531µs
[00:00:12.774] (7f32efff0700) INFO   sequence: 7112154467341431                                   score: -10        nodes:2769675    time: 2802179µs
[00:00:12.900] (7f32efff0700) INFO   sequence: 676524651176255741                                 score: 7          nodes:131903     time: 124378µs
[00:00:12.902] (7f32efff0700) INFO   sequence: 15721313466562712137                               score: 7          nodes:129        time: 347µs
[00:00:13.217] (7f32efff0700) INFO   sequence: 71114661511246636                                  score: -6         nodes:320302     time: 314271µs
[00:00:13.220] (7f32efff0700) INFO   sequence: 5641274173637715675655753                          score: -3         nodes:1579       time: 1862µs
[00:00:13.227] (7f32efff0700) INFO   sequence: 65145566762633644215                               score: 9          nodes:5246       time: 5537µs
[00:00:13.228] (7f32efff0700) INFO   sequence: 117315167545341124                                 score: -10        nodes:190        time: 397µs
[00:00:13.229] (7f32efff0700) INFO   sequence: 72572533563327373216                               score: -10        nodes:14         time: 219µs
[00:00:13.233] (7f32efff0700) INFO   sequence: 1216176353566455625361277537                       score: 1          nodes:3189       time: 3156µs
[00:00:13.234] (7f32efff0700) INFO   sequence: 513635225523631475657331                           score: 8          nodes:15         time: 213µs
[00:00:13.235] (7f32efff0700) INFO   sequence: 5226731653116776772711142                          score: -6         nodes:67         time: 270µs
[00:00:13.249] (7f32efff0700) INFO   sequence: 2556551746465373772733636                          score: -3         nodes:12470      time: 12804µs
[00:00:13.312] (7f32efff0700) INFO   sequence: 166676351322113324621                              score: 10         nodes:65319      time: 61934µs
[00:00:13.313] (7f32efff0700) INFO   sequence: 234331235273567223257514116                        score: 5          nodes:169        time: 408µs
[00:00:14.010] (7f32efff0700) INFO   sequence: 6464223476161123                                   score: -10        nodes:707388     time: 695195µs
[00:00:14.011] (7f32efff0700) INFO   sequence: 744756377222471165                                 score: 11         nodes:9          time: 236µs
[00:00:14.022] (7f32efff0700) INFO   sequence: 3374372732172176214213256                          score: -3         nodes:9831       time: 9667µs
[00:00:14.024] (7f32efff0700) INFO   sequence: 37327525173143631662325662                         score: 2          nodes:1022       time: 1157µs
[00:00:14.039] (7f32efff0700) INFO   sequence: 5516724631166275312523525677                       score: -2         nodes:13824      time: 14272µs
[00:00:14.040] (7f32efff0700) INFO   sequence: 1225772337767151                                   score: 12         nodes:9          time: 212µs
[00:00:14.091] (7f32efff0700) INFO   sequence: 37542511245635225762                               score: 10         nodes:45704      time: 49297µs
[00:00:14.092] (7f32efff0700) INFO   sequence: 65313213177411167266555                            score: 8          nodes:42         time: 280µs
[00:00:14.100] (7f32efff0700) INFO   sequence: 62214763523662142136564                            score: -7         nodes:6779       time: 7349µs
[00:00:14.106] (7f32efff0700) INFO   sequence: 1462571636416267177611                             score: 4          nodes:4760       time: 4764µs
[00:00:14.129] (7f32efff0700) INFO   sequence: 317332211766171563334                              score: -4         nodes:20318      time: 21437µs
[00:00:14.132] (7f32efff0700) INFO   sequence: 7236227623622346474116546144                       score: 0          nodes:2506       time: 2797µs
[00:00:14.133] (7f32efff0700) INFO   sequence: 35674332132366762241632                            score: -8         nodes:14         time: 220µs
[00:00:14.137] (7f32efff0700) INFO   sequence: 6531112231141276724767552                          score: 8          nodes:2578       time: 2840µs
[00:00:14.145] (7f32efff0700) INFO   sequence: 761471225521321                                    score: 11         nodes:7042       time: 7155µs
[00:00:14.156] (7f32efff0700) INFO   sequence: 136215442375624672646433                           score: -4         nodes:9225       time: 9369µs
[00:00:14.157] (7f32efff0700) INFO   sequence: 552435552666617514721116                           score: -8         nodes:14         time: 218µs
[00:00:14.158] (7f32efff0700) INFO   sequence: 253377617377674512                                 score: -10        nodes:39         time: 576µs
[00:00:14.420] (7f32efff0700) INFO   sequence: 1257676743157613416644                             score: 8          nodes:260150     time: 260196µs
[00:00:14.422] (7f32efff0700) INFO   sequence: 76515463143736654125112267                         score: 6          nodes:1026       time: 1330µs
[00:00:17.255] (7f32efff0700) INFO   sequence: 225626516711326624                                 score: 11         nodes:2813885    time: 2831115µs
[00:00:17.256] (7f32efff0700) INFO   sequence: 1463662446336421315265524145                       score: -2         nodes:418        time: 696µs
[00:00:17.258] (7f32efff0700) INFO   sequence: 31761163116675571675647534                         score: -5         nodes:786        time: 1155µs
[00:00:17.267] (7f32efff0700) INFO   sequence: 5722272622565513454114                             score: 9          nodes:6535       time: 7243µs
[00:00:24.859] (7f32efff0700) INFO   sequence: 67774712211136444                                  score: -11        nodes:7463372    time: 7591127µs
[00:00:25.586] (7f32efff0700) INFO   sequence: 673777363513616553                                 score: 11         nodes:781076     time: 725845µs
[00:00:25.588] (7f32efff0700) INFO   sequence: 76351242633547775                                  score: -10        nodes:94         time: 334µs
[00:00:25.590] (7f32efff0700) INFO   sequence: 1441417214663341566431667                          score: -4         nodes:865        time: 1168µs
[00:00:25.617] (7f32efff0700) INFO   sequence: 415514133627224473362753153                        score: 2          nodes:23965      time: 26137µs
[00:00:25.619] (7f32efff0700) INFO   sequence: 635476135716273141133365                           score: -7         nodes:1571       time: 1753µs
[00:00:25.654] (7f32efff0700) INFO   sequence: 477144126313426127461                              score: -8         nodes:34469      time: 33766µs
[00:00:25.657] (7f32efff0700) INFO   sequence: 34334747765464734726763                            score: 4          nodes:1093       time: 1297µs
[00:00:25.897] (7f32efff0700) INFO   sequence: 346747427467645                                    score: -12        nodes:246837     time: 239187µs
[00:00:27.890] (7f32efff0700) INFO   sequence: 175475114216753                                    score: 10         nodes:1932164    time: 1991827µs
[00:00:27.892] (7f32efff0700) INFO   sequence: 4666145433446767141256217                          score: 8          nodes:7          time: 330µs
[00:00:27.893] (7f32efff0700) INFO   sequence: 217432442211554112765154263                        score: 6          nodes:178        time: 390µs
[00:00:28.485] (7f32efff0700) INFO   sequence: 624115772263235661114                              score: 10         nodes:577191     time: 590649µs
[00:00:28.487] (7f32efff0700) INFO   sequence: 64241512462236624761276154                         score: 3          nodes:246        time: 473µs
[00:00:28.488] (7f32efff0700) INFO   sequence: 52211255312133125634616                            score: -4         nodes:586        time: 816µs
[00:00:28.489] (7f32efff0700) INFO   sequence: 66771426326433735127                               score: -10        nodes:16         time: 223µs
[00:00:28.490] (7f32efff0700) INFO   sequence: 33532452223727716571436                            score: 9          nodes:9          time: 216µs
[00:00:28.492] (7f32efff0700) INFO   sequence: 27347561567762333731456                            score: 9          nodes:9          time: 206µs
[00:00:28.507] (7f32efff0700) INFO   sequence: 21133461363327566                                  score: -10        nodes:14736      time: 14250µs
[00:00:28.508] (7f32efff0700) INFO   sequence: 46252526616224145                                  score: 12         nodes:80         time: 277µs
[00:00:28.510] (7f32efff0700) INFO   sequence: 153313313355666662264221772                        score: -4         nodes:149        time: 354µs
[00:00:28.511] (7f32efff0700) INFO   sequence: 67152543366667234631                               score: 9          nodes:30         time: 237µs
[00:00:28.520] (7f32efff0700) INFO   sequence: 4266771537147151161265456                          score: 4          nodes:8003       time: 7851µs
[00:00:28.521] (7f32efff0700) INFO   sequence: 3672655672677311226162515375                       score: -3         nodes:348        time: 528µs
[00:00:28.522] (7f32efff0700) INFO   sequence: 214562532727125124366                              score: -9         nodes:14         time: 213µs
[00:00:28.526] (7f32efff0700) INFO   sequence: 654242261241325277656                              score: -8         nodes:2801       time: 3067µs
[00:02:11.255] (7f32efff0700) INFO   sequence: 274571537133166                                    score: -12        nodes:99889015   time: 102727558µs
[00:02:11.256] (7f32efff0700) INFO   sequence: 2335622656544266                                   score: 12         nodes:9          time: 294µs
[00:02:37.030] (7f32efff0700) INFO   sequence: 47657616177335617                                  score: 11         nodes:25777055   time: 25772632µs
[00:02:37.053] (7f32efff0700) INFO   sequence: 66277372515612415714326526                         score: -2         nodes:21948      time: 22026µs
[00:02:37.376] (7f32efff0700) INFO   sequence: 65447631746633432                                  score: 9          nodes:328258     time: 321000µs
[00:02:37.380] (7f32efff0700) INFO   sequence: 61256717161231633364541264                         score: -7         nodes:2929       time: 3142µs
[00:02:37.381] (7f32efff0700) INFO   sequence: 751524275367233                                    score: -12        nodes:16         time: 221µs
[00:02:37.382] (7f32efff0700) INFO   sequence: 27537226473133277457                               score: 10         nodes:8          time: 207µs
[00:02:37.383] (7f32efff0700) INFO   sequence: 3764775353221216617727                             score: -8         nodes:132        time: 324µs
[00:02:38.194] (7f32efff0700) INFO   sequence: 615754153753116622225                              score: 9          nodes:893213     time: 809618µs
[00:02:38.196] (7f32efff0700) INFO   sequence: 33753425365763223715716                            score: -7         nodes:82         time: 304µs
[00:02:38.197] (7f32efff0700) INFO   sequence: 1727575555222572716342                             score: 9          nodes:7          time: 212µs
[00:02:38.198] (7f32efff0700) INFO   sequence: 74421257271711522275457156                         score: 6          nodes:325        time: 523µs
[00:02:38.199] (7f32efff0700) INFO   sequence: 3737766255453523326317                             score: -8         nodes:36         time: 240µs
[00:02:38.204] (7f32efff0700) INFO   sequence: 557457743533472512474                              score: -4         nodes:3409       time: 3623µs
[00:02:40.039] (7f32efff0700) INFO   sequence: 455376753644775                                    score: 13         nodes:1807995    time: 1834026µs
[00:02:40.041] (7f32efff0700) INFO   sequence: 326157266422225711166176537                        score: -2         nodes:613        time: 846µs
[00:05:40.279] (7f32efff0700) INFO   sequence: 576313346257217                                    score: -9         nodes:193961867  time: 180236291µs
[00:05:40.294] (7f32efff0700) INFO   sequence: 1276412177742154542342                             score: -6         nodes:13594      time: 14003µs
[00:05:40.297] (7f32efff0700) INFO   sequence: 41355575561436112543372                            score: 8          nodes:1628       time: 2317µs
[00:05:40.298] (7f32efff0700) INFO   sequence: 4351173431662212533161                             score: 9          nodes:8          time: 220µs
[00:05:40.299] (7f32efff0700) INFO   sequence: 153231773415115653317                              score: 10         nodes:8          time: 218µs
[00:05:40.300] (7f32efff0700) INFO   sequence: 5375431675567753127241                             score: -9         nodes:16         time: 233µs
[00:05:40.302] (7f32efff0700) INFO   sequence: 55236624772647775765656242                         score: 4          nodes:568        time: 775µs
[00:05:40.303] (7f32efff0700) INFO   sequence: 4337114775151356511763                             score: 9          nodes:8          time: 206µs
[00:05:40.305] (7f32efff0700) INFO   sequence: 241345732332751277612343                           score: -7         nodes:780        time: 989µs
[00:05:40.306] (7f32efff0700) INFO   sequence: 5631251443233752566666522                          score: -3         nodes:273        time: 500µs
[00:05:40.310] (7f32efff0700) INFO   sequence: 35177261325521462321147                            score: -8         nodes:2279       time: 2554µs
[00:05:40.311] (7f32efff0700) INFO   sequence: 314533115511644325172                              score: 7          nodes:329        time: 542µs
[00:05:40.312] (7f32efff0700) INFO   sequence: 44623334362541474756531277                         score: 7          nodes:9          time: 259µs
[00:05:40.314] (7f32efff0700) INFO   sequence: 1236157641351167                                   score: 12         nodes:9          time: 216µs
[00:05:40.315] (7f32efff0700) INFO   sequence: 77767742653371146122163                            score: -8         nodes:16         time: 221µs
[00:05:40.354] (7f32efff0700) INFO   sequence: 32167663733423531                                  score: 10         nodes:37990      time: 37942µs
[00:05:40.356] (7f32efff0700) INFO   sequence: 33112517243762366323                               score: 7          nodes:381        time: 569µs
[00:05:40.359] (7f32efff0700) INFO   sequence: 123614533465354124576755477                        score: -2         nodes:1831       time: 2102µs
[00:05:40.362] (7f32efff0700) INFO   sequence: 62577765264662464354222415                         score: 2          nodes:1518       time: 2003µs
[00:05:40.363] (7f32efff0700) INFO   sequence: 716525344326724636641464                           score: -7         nodes:151        time: 375µs
[00:05:41.147] (7f32efff0700) INFO   sequence: 3463711275455153263                                score: 11         nodes:779693     time: 783248µs
[00:05:42.051] (7f32efff0700) INFO   sequence: 76171237167365516                                  score: -9         nodes:956842     time: 902098µs
[00:05:43.087] (7f32efff0700) INFO   sequence: 13517676612754272                                  score: -9         nodes:1059121    time: 1034998µs
[00:05:43.089] (7f32efff0700) INFO   sequence: 3121656677155256652245727                          score: 8          nodes:8          time: 238µs
[00:05:47.868] (7f32efff0700) INFO   sequence: 6671342317463724221341                             score: -8         nodes:4998690    time: 4778265µs
[00:05:59.543] (7f32efff0700) INFO   sequence: 74722511513475576                                  score: 10         nodes:12373145   time: 11673228µs
[00:05:59.544] (7f32efff0700) INFO   sequence: 76767233646257435427223                            score: -8         nodes:18         time: 256µs
[00:05:59.549] (7f32efff0700) INFO   sequence: 3152434513377673741721437                          score: 8          nodes:3253       time: 3709µs
[00:05:59.564] (7f32efff0700) INFO   sequence: 651625624217441371222                              score: 10         nodes:13370      time: 13652µs
[00:05:59.565] (7f32efff0700) INFO   sequence: 1572647636344162125363                             score: -8         nodes:203        time: 404µs
[00:05:59.569] (7f32efff0700) INFO   sequence: 777536627266251665425543323                        score: -1         nodes:2885       time: 2994µs
[00:05:59.570] (7f32efff0700) INFO   sequence: 174561754244242722567345616                        score: -6         nodes:14         time: 218µs
[00:05:59.580] (7f32efff0700) INFO   sequence: 4545162252112372421456411                          score: -7         nodes:8646       time: 9560µs
[00:05:59.581] (7f32efff0700) INFO   sequence: 62511774563162573                                  score: -10        nodes:37         time: 256µs
[00:05:59.755] (7f32efff0700) INFO   sequence: 5563232617432661324324                             score: -6         nodes:169149     time: 172593µs
[00:05:59.756] (7f32efff0700) INFO   sequence: 671211264625112535127342                           score: -8         nodes:12         time: 253µs
[00:05:59.758] (7f32efff0700) INFO   sequence: 131775326121155635                                 score: 10         nodes:23         time: 230µs
[00:05:59.945] (7f32efff0700) INFO   sequence: 6122736774334466                                   score: 11         nodes:206891     time: 186487µs
[00:05:59.948] (7f32efff0700) INFO   sequence: 1745422156421455562753734                          score: -5         nodes:962        time: 1295µs
[00:05:59.949] (7f32efff0700) INFO   sequence: 6325253222325117635317                             score: 9          nodes:8          time: 219µs
[00:05:59.956] (7f32efff0700) INFO   sequence: 231316746655153                                    score: 11         nodes:5586       time: 5914µs
[00:06:00.007] (7f32efff0700) INFO   sequence: 43565412612611137127                               score: 10         nodes:49805      time: 50458µs
[00:06:00.086] (7f32efff0700) INFO   sequence: 6631316467572263762112                             score: 4          nodes:78826      time: 77158µs
[00:06:00.091] (7f32efff0700) INFO   sequence: 1672663733642175625624                             score: 5          nodes:4488       time: 4649µs
[00:06:00.098] (7f32efff0700) INFO   sequence: 527546732264211663334217                           score: 7          nodes:4663       time: 5297µs
[00:06:00.099] (7f32efff0700) INFO   sequence: 65524411571346773642                               score: 10         nodes:24         time: 232µs
[00:06:00.100] (7f32efff0700) INFO   sequence: 352271473763224126765                              score: 10         nodes:9          time: 207µs
[00:06:00.101] (7f32efff0700) INFO   sequence: 56116666615751757224342522                         score: -7         nodes:14         time: 212µs
[00:06:00.102] (7f32efff0700) INFO   sequence: 671757717572516436431112455                        score: -6         nodes:13         time: 223µs
[00:06:00.107] (7f32efff0700) INFO   sequence: 257427522661715735471611166                        score: 2          nodes:4057       time: 4020µs
[00:06:00.109] (7f32efff0700) INFO   sequence: 672542462314425227566655116                        score: -6         nodes:586        time: 777µs
[00:06:00.114] (7f32efff0700) INFO   sequence: 63445725523511317471114443                         score: -3         nodes:3372       time: 4020µs
[00:06:00.115] (7f32efff0700) INFO   sequence: 1674425127642611563                                score: -10        nodes:16         time: 222µs
[00:06:00.120] (7f32efff0700) INFO   sequence: 7264124177352645445455511                          score: 8          nodes:3651       time: 3827µs
[00:06:00.121] (7f32efff0700) INFO   sequence: 717136557165661421163724427                        score: 7          nodes:10         time: 208µs
[00:06:00.122] (7f32efff0700) INFO   sequence: 5751147111313655522373756734                       score: 6          nodes:7          time: 205µs
[00:06:00.123] (7f32efff0700) INFO   sequence: 62166143351551165412                               score: 10         nodes:8          time: 206µs
[00:06:05.746] (7f32efff0700) INFO   sequence: 2541731227572364                                   score: 10         nodes:5488933    time: 5622214µs
[00:06:05.749] (7f32efff0700) INFO   sequence: 7715267571675451                                   score: 8          nodes:1249       time: 1373µs
[00:06:54.725] (7f32efff0700) INFO   sequence: 2116712115322236                                   score: 8          nodes:48683624   time: 48975317µs
[00:06:54.728] (7f32efff0700) INFO   sequence: 132163523461151135474272234                        score: 2          nodes:1336       time: 1677µs
[00:06:54.729] (7f32efff0700) INFO   sequence: 566751176213355261352621                           score: 8          nodes:9          time: 245µs
[00:06:54.946] (7f32efff0700) INFO   sequence: 1454766773217323                                   score: -11        nodes:224697     time: 215023µs
[00:06:58.481] (7f32efff0700) INFO   sequence: 737567457626375167                                 score: 10         nodes:3537320    time: 3533684µs
[00:06:58.809] (7f32efff0700) INFO   sequence: 272132777317137311                                 score: -8         nodes:339254     time: 326397µs
[00:06:58.812] (7f32efff0700) INFO   sequence: 5471473127636265766153651                          score: 8          nodes:2471       time: 2595µs
[00:06:58.827] (7f32efff0700) INFO   sequence: 43235141376556763511126                            score: -3         nodes:13280      time: 13791µs
[00:06:58.828] (7f32efff0700) INFO   sequence: 7761255235627741651                                score: 9          nodes:141        time: 325µs
[00:06:58.830] (7f32efff0700) INFO   sequence: 3166375423263261                                   score: 12         nodes:9          time: 281µs
[00:06:58.835] (7f32efff0700) INFO   sequence: 76461761567743317522656                            score: 7          nodes:4271       time: 4685µs
[00:06:58.836] (7f32efff0700) INFO   sequence: 7271123127671772122566466                          score: -5         nodes:60         time: 275µs
[00:06:58.841] (7f32efff0700) INFO   sequence: 427225323232646753334                              score: -7         nodes:2992       time: 3290µs
[00:06:58.847] (7f32efff0700) INFO   sequence: 35772754135363337166246715                         score: -3         nodes:5132       time: 5317µs
[00:06:58.854] (7f32efff0700) INFO   sequence: 5442261561712445513215216                          score: -5         nodes:5739       time: 6166µs
[00:06:58.855] (7f32efff0700) INFO   sequence: 56377543127623374272                               score: 9          nodes:31         time: 237µs
[00:06:59.014] (7f32efff0700) INFO   sequence: 64632371333542212166                               score: 8          nodes:156516     time: 157545µs
[00:06:59.015] (7f32efff0700) INFO   sequence: 274163712467424663152275                           score: 6          nodes:282        time: 506µs
[00:06:59.016] (7f32efff0700) INFO   sequence: 41115254224427567343271245                         score: 6          nodes:25         time: 239µs
[00:07:00.093] (7f32efff0700) INFO   sequence: 631572522675564                                    score: 13         nodes:1077211    time: 1075548µs
[00:07:00.128] (7f32efff0700) INFO   sequence: 214374234352367335546255                           score: 8          nodes:31249      time: 33140µs
[00:07:00.791] (7f32efff0700) INFO   sequence: 2345313466774477                                   score: 11         nodes:659205     time: 662047µs
[00:07:00.792] (7f32efff0700) INFO   sequence: 7562345526246522155126716336                       score: 6          nodes:6          time: 232µs
[00:07:00.797] (7f32efff0700) INFO   sequence: 451351361757547                                    score: -9         nodes:3145       time: 3534µs
[00:07:00.802] (7f32efff0700) INFO   sequence: 657446631716224611445                              score: -7         nodes:4353       time: 4373µs
[00:07:00.808] (7f32efff0700) INFO   sequence: 642637516112414536232672                           score: 7          nodes:4820       time: 5029µs
[00:07:00.809] (7f32efff0700) INFO   sequence: 6746621145113653                                   score: 11         nodes:31         time: 229µs
[00:07:00.818] (7f32efff0700) INFO   sequence: 117565132725373332367257                           score: -7         nodes:8124       time: 8187µs
[00:07:00.823] (7f32efff0700) INFO   sequence: 53565173153713361122316574                         score: 3          nodes:3306       time: 3387µs
[00:07:00.828] (7f32efff0700) INFO   sequence: 6237211342355372677176635764                       score: -1         nodes:4753       time: 4635µs
[00:07:03.007] (7f32efff0700) INFO   sequence: 26527763177622757                                  score: 9          nodes:2323113    time: 2177083µs
[00:07:03.008] (7f32efff0700) INFO   sequence: 3521652224746227137556                             score: -9         nodes:14         time: 237µs
[00:07:03.035] (7f32efff0700) INFO   sequence: 32212455567361153575                               score: 10         nodes:26794      time: 25897µs
[00:07:03.037] (7f32efff0700) INFO   sequence: 571723733142554614255144743                        score: -2         nodes:780        time: 1002µs
[00:07:03.106] (7f32efff0700) INFO   sequence: 1761774337227612344154                             score: 9          nodes:67675      time: 67960µs
[00:07:03.107] (7f32efff0700) INFO   sequence: 22631275776731721667                               score: -8         nodes:120        time: 356µs
[00:07:03.109] (7f32efff0700) INFO   sequence: 3764661236564541716555245331                       score: -5         nodes:29         time: 237µs
[00:07:03.120] (7f32efff0700) INFO   sequence: 43656176526175176754774                            score: -6         nodes:10418      time: 10750µs
[00:07:03.139] (7f32efff0700) INFO   sequence: 75775566566233246715634143                         score: -2         nodes:16760      time: 17936µs
[00:07:03.140] (7f32efff0700) INFO   sequence: 516725531135142133346376125                        score: 4          nodes:285        time: 486µs
[00:07:03.990] (7f32efff0700) INFO   sequence: 5461515637256422331                                score: 10         nodes:835609     time: 848799µs
[00:07:04.528] (7f32efff0700) INFO   sequence: 243676453345127761                                 score: 11         nodes:533109     time: 536106µs
[00:07:04.530] (7f32efff0700) INFO   sequence: 552272253621317                                    score: -12        nodes:26         time: 259µs
[00:07:04.537] (7f32efff0700) INFO   sequence: 12717372666736667153145                            score: 8          nodes:6827       time: 6742µs
[00:07:04.661] (7f32efff0700) INFO   sequence: 52466553571112435                                  score: -10        nodes:117205     time: 122233µs
[00:07:04.665] (7f32efff0700) INFO   sequence: 33712472456621324462674                            score: -7         nodes:2898       time: 3125µs
[00:07:04.680] (7f32efff0700) INFO   sequence: 452366522526751765546672                           score: -4         nodes:13768      time: 14169µs
[00:07:04.681] (7f32efff0700) INFO   sequence: 15311751773333543561                               score: 10         nodes:8          time: 222µs
[00:07:04.682] (7f32efff0700) INFO   sequence: 15365171721131575625                               score: 10         nodes:8          time: 219µs
[00:07:04.684] (7f32efff0700) INFO   sequence: 5367372637237146                                   score: 12         nodes:9          time: 220µs
[00:07:04.685] (7f32efff0700) INFO   sequence: 27566561137332123                                  score: 12         nodes:9          time: 207µs
[00:07:04.686] (7f32efff0700) INFO   sequence: 76763344647137153316                               score: -10        nodes:16         time: 214µs
[00:07:05.539] (7f32efff0700) INFO   sequence: 236472222161726                                    score: -8         nodes:902580     time: 851829µs
[00:07:05.540] (7f32efff0700) INFO   sequence: 5276653435665725461165222724                       score: -4         nodes:108        time: 334µs
[00:07:05.542] (7f32efff0700) INFO   sequence: 35526131747533355654136767                         score: 5          nodes:188        time: 400µs
[00:07:05.545] (7f32efff0700) INFO   sequence: 1251211227266116753723435                          score: 4          nodes:2028       time: 2218µs
[00:07:05.546] (7f32efff0700) INFO   sequence: 656466147711311636134335                           score: 8          nodes:39         time: 275µs
[00:07:05.547] (7f32efff0700) INFO   sequence: 13526754177255415625                               score: 9          nodes:26         time: 237µs
[00:07:05.652] (7f32efff0700) INFO   sequence: 64164156564361224776731                            score: -7         nodes:98296      time: 104053µs
[00:07:05.654] (7f32efff0700) INFO   sequence: 34526374776374375371                               score: -10        nodes:16         time: 286µs
[00:07:05.655] (7f32efff0700) INFO   sequence: 71537134226736252                                  score: -11        nodes:16         time: 227µs
[00:07:05.657] (7f32efff0700) INFO   sequence: 554614441171777213253413745                        score: 4          nodes:493        time: 749µs
[00:07:05.867] (7f32efff0700) INFO   sequence: 61155524541272735                                  score: 11         nodes:206826     time: 208540µs
[00:07:05.883] (7f32efff0700) INFO   sequence: 64625444154736261165562                            score: -7         nodes:14089      time: 15320µs
[00:07:05.886] (7f32efff0700) INFO   sequence: 143344155574773553                                 score: -8         nodes:2093       time: 2293µs
[00:07:06.118] (7f32efff0700) INFO   sequence: 422146117344532457                                 score: 11         nodes:225918     time: 230824µs
[00:07:06.279] (7f32efff0700) INFO   sequence: 576373335611556162765                              score: 8          nodes:173405     time: 159578µs
[00:07:06.281] (7f32efff0700) INFO   sequence: 12151643562152353534775                            score: -8         nodes:14         time: 245µs
[00:07:22.787] (7f32efff0700) INFO   sequence: 111664475267424                                    score: -9         nodes:16545511   time: 16505526µs
[00:07:22.789] (7f32efff0700) INFO   sequence: 7545616214254652367537357376                       score: -6         nodes:13         time: 231µs
[00:07:28.030] (7f32efff0700) INFO   sequence: 71627112343522227                                  score: -8         nodes:5212771    time: 5240020µs
[00:07:28.315] (7f32efff0700) INFO   sequence: 13633551437347572                                  score: -6         nodes:296258     time: 283293µs
[00:07:28.316] (7f32efff0700) INFO   sequence: 4515725625414474654771615772                       score: 2          nodes:208        time: 454µs
[00:07:28.317] (7f32efff0700) INFO   sequence: 542134767774477236233554221                        score: -5         nodes:185        time: 416µs
[00:07:28.320] (7f32efff0700) INFO   sequence: 653374454445376151457752                           score: 4          nodes:1480       time: 1739µs
[00:07:28.323] (7f32efff0700) INFO   sequence: 44422224541125425667733615                         score: -4         nodes:1372       time: 1655µs
[00:07:28.324] (7f32efff0700) INFO   sequence: 2513553227135527335262                             score: 7          nodes:126        time: 323µs
[00:07:28.325] (7f32efff0700) INFO   sequence: 725736672563533666244152                           score: 6          nodes:130        time: 325µs
[00:07:28.326] (7f32efff0700) INFO   sequence: 673533555541161752762                              score: 10         nodes:8          time: 217µs
[00:07:28.327] (7f32efff0700) INFO   sequence: 714613617427757763363                              score: 10         nodes:10         time: 229µs
[00:07:28.348] (7f32efff0700) INFO   sequence: 41355523374151355373                               score: 6          nodes:19294      time: 20127µs
[00:07:29.487] (7f32efff0700) INFO   sequence: 2776735234471321                                   score: 7          nodes:1204422    time: 1137269µs
[00:07:29.502] (7f32efff0700) INFO   sequence: 1163366775762751364213557                          score: -2         nodes:13968      time: 13569µs
[00:07:29.504] (7f32efff0700) INFO   sequence: 7714331351165441454612735457                       score: -2         nodes:996        time: 1291µs
[00:07:29.505] (7f32efff0700) INFO   sequence: 6172754557553152174422226                          score: -7         nodes:12         time: 223µs
[00:07:29.508] (7f32efff0700) INFO   sequence: 2576672462527627721117                             score: -5         nodes:1861       time: 2141µs
[00:07:29.509] (7f32efff0700) INFO   sequence: 72352462655576515266236                            score: 9          nodes:7          time: 252µs
[00:07:29.510] (7f32efff0700) INFO   sequence: 7423547216653427                                   score: -12        nodes:18         time: 235µs
[00:07:29.520] (7f32efff0700) INFO   sequence: 552422714576314453236724                           score: -5         nodes:6902       time: 8254µs
[00:07:29.522] (7f32efff0700) INFO   sequence: 55575442314521147652717741                         score: 6          nodes:1443       time: 1660µs
[00:07:29.525] (7f32efff0700) INFO   sequence: 4614725646672422715321763                          score: 4          nodes:1747       time: 1891µs
[00:07:29.581] (7f32efff0700) INFO   sequence: 1264537524755243                                   score: -8         nodes:53300      time: 54657µs
[00:07:29.582] (7f32efff0700) INFO   sequence: 521741772613537115                                 score: 11         nodes:9          time: 236µs
[00:07:29.584] (7f32efff0700) INFO   sequence: 47537477126734163711636413                         score: -6         nodes:1048       time: 1254µs
[00:07:29.586] (7f32efff0700) INFO   sequence: 231135572561656671761237762                        score: 3          nodes:1193       time: 1387µs
[00:07:29.587] (7f32efff0700) INFO   sequence: 13547614515777224                                  score: -11        nodes:16         time: 235µs
[00:07:29.600] (7f32efff0700) INFO   sequence: 13224213425733743767451124                         score: 7          nodes:10273      time: 11168µs
[00:07:29.601] (7f32efff0700) INFO   sequence: 174471432567412474675                              score: -9         nodes:14         time: 215µs
[00:07:29.604] (7f32efff0700) INFO   sequence: 6363361177611667737171332522                       score: 0          nodes:2356       time: 2500µs
[00:07:29.607] (7f32efff0700) INFO   sequence: 637337257725337225324711                           score: -4         nodes:1216       time: 1428µs
[00:07:29.611] (7f32efff0700) INFO   sequence: 4561722226547731671546735125                       score: 3          nodes:3593       time: 3574µs
[00:07:29.618] (7f32efff0700) INFO   sequence: 164757716154412622631765                           score: 7          nodes:5497       time: 5712µs
[00:07:30.746] (7f32efff0700) INFO   sequence: 4571341457274476                                   score: 12         nodes:1147435    time: 1127058µs
[00:07:30.748] (7f32efff0700) INFO   sequence: 215551541524426475231361147                        score: 4          nodes:316        time: 575µs
[00:07:30.750] (7f32efff0700) INFO   sequence: 354151577524576533141147463                        score: -5         nodes:925        time: 1169µs
[00:07:30.751] (7f32efff0700) INFO   sequence: 765745224471131366346676                           score: -6         nodes:184        time: 378µs
[00:07:30.752] (7f32efff0700) INFO   sequence: 366623531131151274                                 score: -11        nodes:16         time: 213µs
[00:07:30.756] (7f32efff0700) INFO   sequence: 452261517614267754556                              score: 9          nodes:3068       time: 3089µs
[00:07:30.757] (7f32efff0700) INFO   sequence: 65115542742611761521556664                         score: -5         nodes:44         time: 243µs
[00:07:30.977] (7f32efff0700) INFO   sequence: 5717773334742522                                   score: -11        nodes:226914     time: 218640µs
[00:07:30.978] (7f32efff0700) INFO   sequence: 711523176631346657                                 score: 10         nodes:31         time: 267µs
[00:07:30.985] (7f32efff0700) INFO   sequence: 2167131211375646716755766                          score: -2         nodes:5568       time: 5576µs
[00:07:31.196] (7f32efff0700) INFO   sequence: 4771157465111222122557                             score: -4         nodes:213490     time: 209252µs
[00:07:31.202] (7f32efff0700) INFO   sequence: 164637774171636644136                              score: -9         nodes:5351       time: 5192µs
[00:07:31.203] (7f32efff0700) INFO   sequence: 576735132233641141312615625                        score: 7          nodes:8          time: 206µs
[00:07:45.308] (7f32efff0700) INFO   sequence: 3735213121117373                                   score: 12         nodes:13887507   time: 14104242µs
[00:07:45.310] (7f32efff0700) INFO   sequence: 74174352211462671123544                            score: 9          nodes:10         time: 230µs
[00:07:45.312] (7f32efff0700) INFO   sequence: 471152212446413456166732422                        score: -3         nodes:921        time: 1182µs
[00:07:45.333] (7f32efff0700) INFO   sequence: 672473313477471617134                              score: -4         nodes:20041      time: 19974µs
[00:07:45.334] (7f32efff0700) INFO   sequence: 5311255337611367334742767                          score: -7         nodes:14         time: 216µs
[00:07:45.335] (7f32efff0700) INFO   sequence: 5353262674334367                                   score: 12         nodes:27         time: 224µs
[00:07:45.337] (7f32efff0700) INFO   sequence: 56551242266771566625                               score: 6          nodes:770        time: 1219µs
[00:07:45.343] (7f32efff0700) INFO   sequence: 5611761122133562247367317662                       score: 0          nodes:4731       time: 5127µs
[00:07:45.352] (7f32efff0700) INFO   sequence: 361716714137776256457612                           score: 7          nodes:7321       time: 8084µs
[00:07:45.353] (7f32efff0700) INFO   sequence: 271637325162741125576773                           score: 8          nodes:8          time: 218µs
[00:08:23.501] (7f32efff0700) INFO   sequence: 3152746426444471                                   score: 9          nodes:37869697   time: 38145888µs
[00:08:23.507] (7f32efff0700) INFO   sequence: 653374435673325657462521                           score: -3         nodes:5224       time: 5702µs
[00:08:23.511] (7f32efff0700) INFO   sequence: 154361241147764615124457                           score: 3          nodes:2905       time: 3163µs
[00:08:23.514] (7f32efff0700) INFO   sequence: 7766743612626774354641                             score: -4         nodes:898        time: 1293µs
[00:08:23.515] (7f32efff0700) INFO   sequence: 316375567543424111633                              score: 9          nodes:23         time: 237µs
[00:08:23.520] (7f32efff0700) INFO   sequence: 6651344713664721127711436                          score: -7         nodes:3194       time: 3773µs
[00:08:23.521] (7f32efff0700) INFO   sequence: 62626776455432751522366                            score: 8          nodes:20         time: 228µs
[00:08:23.539] (7f32efff0700) INFO   sequence: 45444262544751513662162                            score: -4         nodes:17899      time: 17355µs
[00:08:23.544] (7f32efff0700) INFO   sequence: 7777272752336364133166                             score: -6         nodes:4081       time: 4110µs
[00:08:24.070] (7f32efff0700) INFO   sequence: 714113112326566                                    score: 10         nodes:522303     time: 525215µs
[00:08:24.072] (7f32efff0700) INFO   sequence: 341756577731526635547163374                        score: -6         nodes:14         time: 269µs
[00:08:24.073] (7f32efff0700) INFO   sequence: 77171776512252216335442132                         score: -7         nodes:13         time: 224µs
[00:08:24.638] (7f32efff0700) INFO   sequence: 11722576462266212                                  score: 7          nodes:601998     time: 563857µs
[00:08:24.680] (7f32efff0700) INFO   sequence: 767552421617771476216                              score: 5          nodes:39648      time: 40979µs
[00:08:24.681] (7f32efff0700) INFO   sequence: 5624757235427647663                                score: 11         nodes:11         time: 220µs
[00:08:24.683] (7f32efff0700) INFO   sequence: 644473543611775232651511                           score: -7         nodes:1078       time: 1263µs
[00:08:24.731] (7f32efff0700) INFO   sequence: 257173733247526434154567                           score: -7         nodes:47161      time: 46445µs
[00:08:24.734] (7f32efff0700) INFO   sequence: 67354634776576633332241647                         score: -2         nodes:1747       time: 1987µs
[00:08:24.735] (7f32efff0700) INFO   sequence: 532572154726556543121                              score: -9         nodes:14         time: 220µs
[00:08:24.739] (7f32efff0700) INFO   sequence: 35244633446634337725                               score: 10         nodes:3471       time: 3568µs
[00:08:24.741] (7f32efff0700) INFO   sequence: 5454413712571127337531167342                       score: 1          nodes:584        time: 827µs
[00:08:24.743] (7f32efff0700) INFO   sequence: 522215614743211756565472646                        score: -3         nodes:556        time: 726µs
[00:08:24.746] (7f32efff0700) INFO   sequence: 4732351755625162332423553                          score: 6          nodes:1886       time: 2147µs
[00:08:24.747] (7f32efff0700) INFO   sequence: 256633151676244167144                              score: 10         nodes:10         time: 256µs
[00:08:24.751] (7f32efff0700) INFO   sequence: 764554424414753251553326                           score: 5          nodes:2234       time: 2642µs
[00:08:24.752] (7f32efff0700) INFO   sequence: 4226116661757364136155573733                       score: 3          nodes:644        time: 869µs
[00:08:24.753] (7f32efff0700) INFO   sequence: 7415574512365413643162664171                       score: -6         nodes:15         time: 218µs
[00:08:24.778] (7f32efff0700) INFO   sequence: 3177242763546343557456356                          score: 6          nodes:22818      time: 23204µs
[00:08:24.779] (7f32efff0700) INFO   sequence: 72167163255625775222515773                         score: -7         nodes:10         time: 213µs
[00:08:24.780] (7f32efff0700) INFO   sequence: 522774332373352444327215544                        score: -4         nodes:154        time: 481µs
[00:08:36.987] (7f32efff0700) INFO   sequence: 544231711647547                                    score: -11        nodes:12655636   time: 12205688µs
[00:08:37.043] (7f32efff0700) INFO   sequence: 247245751521276652235                              score: 10         nodes:55564      time: 55331µs
[00:08:37.132] (7f32efff0700) INFO   sequence: 1322337722672632644713                             score: 5          nodes:86815      time: 87514µs
[00:08:37.142] (7f32efff0700) INFO   sequence: 6576551771641561711664                             score: -7         nodes:8591       time: 8604µs
[00:08:37.179] (7f32efff0700) INFO   sequence: 65672142226216563                                  score: -9         nodes:35728      time: 36276µs
[00:08:37.492] (7f32efff0700) INFO   sequence: 5112717346132321                                   score: 9          nodes:303767     time: 311439µs
[00:08:37.494] (7f32efff0700) INFO   sequence: 5576756557216531177411466147                       score: 2          nodes:246        time: 500µs
[00:08:37.497] (7f32efff0700) INFO   sequence: 214347237517627556116725221                        score: -3         nodes:2275       time: 2750µs
[00:08:37.499] (7f32efff0700) INFO   sequence: 7135375113763627325137247522                       score: 4          nodes:750        time: 1001µs
[00:08:37.500] (7f32efff0700) INFO   sequence: 51763673653326673                                  score: 12         nodes:9          time: 224µs
[00:08:37.501] (7f32efff0700) INFO   sequence: 54342553271755531116                               score: -10        nodes:14         time: 224µs
[00:08:37.503] (7f32efff0700) INFO   sequence: 57232172343423576361372                            score: 9          nodes:8          time: 212µs
[00:08:58.619] (7f32efff0700) INFO   sequence: 31546724122354155736                               score: -10        nodes:20097157   time: 21115133µs
[00:08:58.646] (7f32efff0700) INFO   sequence: 457244262442456377717                              score: 10         nodes:26771      time: 25945µs
[00:08:58.647] (7f32efff0700) INFO   sequence: 1613241156523624733121626632                       score: 5          nodes:23         time: 249µs
[00:08:58.648] (7f32efff0700) INFO   sequence: 21146623261347736262316521                         score: 5          nodes:81         time: 328µs
[00:08:58.654] (7f32efff0700) INFO   sequence: 663216754667364144727733                           score: 8          nodes:4795       time: 4814µs
[00:08:58.704] (7f32efff0700) INFO   sequence: 35764177225314742723                               score: 5          nodes:48978      time: 48723µs
[00:08:58.705] (7f32efff0700) INFO   sequence: 21762631757232176241251173                         score: -7         nodes:12         time: 237µs
[00:08:58.706] (7f32efff0700) INFO   sequence: 32726444675447122372436                            score: 8          nodes:132        time: 335µs
[00:08:58.708] (7f32efff0700) INFO   sequence: 512312223264253653513371756                        score: -2         nodes:955        time: 1128µs
[00:08:58.710] (7f32efff0700) INFO   sequence: 5744111413176361726724462672                       score: -6         nodes:639        time: 843µs
[00:08:58.748] (7f32efff0700) INFO   sequence: 6461131311212576773663                             score: 8          nodes:37676      time: 37267µs
[00:08:58.923] (7f32efff0700) INFO   sequence: 32432146551413715126325                            score: -3         nodes:168976     time: 173587µs
[00:08:58.933] (7f32efff0700) INFO   sequence: 66713424111135136347554532                         score: -2         nodes:8058       time: 9194µs
[00:09:01.542] (7f32efff0700) INFO   sequence: 6742736217132733                                   score: 10         nodes:2634103    time: 2607545µs
[00:09:01.543] (7f32efff0700) INFO   sequence: 4215331623757645116617                             score: -9         nodes:16         time: 246µs
[00:09:02.236] (7f32efff0700) INFO   sequence: 17762261125547564324                               score: 8          nodes:677988     time: 691172µs
[00:09:02.241] (7f32efff0700) INFO   sequence: 7756225441377734752623655312                       score: -2         nodes:3362       time: 3779µs
[00:09:02.242] (7f32efff0700) INFO   sequence: 543311515517337352275236217                        score: -2         nodes:235        time: 463µs
[00:09:02.395] (7f32efff0700) INFO   sequence: 64261777527517311                                  score: 10         nodes:155018     time: 151725µs
[00:09:04.986] (7f32efff0700) INFO   sequence: 77213446511764261                                  score: 12         nodes:2709389    time: 2589556µs
[00:09:04.988] (7f32efff0700) INFO   sequence: 64266616555117511164775                            score: -4         nodes:964        time: 1210µs
[00:09:04.990] (7f32efff0700) INFO   sequence: 553122252255366416672651617                        score: -2         nodes:444        time: 634µs
[00:09:04.991] (7f32efff0700) INFO   sequence: 66661515542276611112254557                         score: 2          nodes:213        time: 437µs
[00:09:05.002] (7f32efff0700) INFO   sequence: 331472764511463715455277515                        score: -5         nodes:8972       time: 9832µs
[00:09:05.003] (7f32efff0700) INFO   sequence: 5276266432336311                                   score: 12         nodes:9          time: 224µs
[00:09:05.006] (7f32efff0700) INFO   sequence: 3634777116631113471656222762                       score: -2         nodes:2141       time: 2317µs
[00:09:05.008] (7f32efff0700) INFO   sequence: 342437265337624534211662561                        score: 2          nodes:603        time: 913µs
[00:09:05.009] (7f32efff0700) INFO   sequence: 1122662611655247736                                score: 11         nodes:9          time: 212µs
[00:09:05.010] (7f32efff0700) INFO   sequence: 26136515766765424111523                            score: 9          nodes:9          time: 208µs
[00:09:05.011] (7f32efff0700) INFO   sequence: 17671356146161215227733537                         score: 7          nodes:8          time: 207µs
[00:09:05.034] (7f32efff0700) INFO   sequence: 4223111154732627716212                             score: 9          nodes:21368      time: 21858µs
[00:11:28.771] (7f32efff0700) INFO   sequence: 1552364512263757                                   score: 7          nodes:133708356  time: 143735135µs
[00:11:28.783] (7f32efff0700) INFO   sequence: 14336633766174161                                  score: 10         nodes:9440       time: 10633µs
