[00:00:00.073] (70000f031000) INFO   position: 225257625346224411156336534367135144167, score: 1
[00:00:00.074] (70000f031000) INFO   position: 22525762534622441115633653436713514416, score: -1
[00:00:00.074] (70000f031000) INFO   sequence: 2252576253462244111563365343671351441              score: -1         nodes:4          time: 977µs
[00:00:00.074] (70000f031000) INFO   position: 74223417356477411661335734732425662261, score: 1
[00:00:00.074] (70000f031000) INFO   position: 7422341735647741166133573473242566226, score: -1
[00:00:00.075] (70000f031000) INFO   position: 742234173564774116613357347324256622, score: 1
[00:00:00.075] (70000f031000) INFO   position: 74223417356477411661335734732425662, score: -1
[00:00:00.075] (70000f031000) INFO   position: 742234173564774116613357347324256622, score: -2
[00:00:00.075] (70000f031000) INFO   position: 74223417356477411661335734732425662, score: 2
[00:00:00.075] (70000f031000) INFO   position: 742234173564774116613357347324256662, score: -2
[00:00:00.075] (70000f031000) INFO   position: 74223417356477411661335734732425666, score: 2
[00:00:00.075] (70000f031000) INFO   position: 742234173564774116613357347324256615, score: -2
[00:00:00.075] (70000f031000) INFO   position: 74223417356477411661335734732425661, score: 2
[00:00:00.076] (70000f031000) INFO   position: 74223417356477411661335734732425662261, score: -1
[00:00:00.076] (70000f031000) INFO   position: 7422341735647741166133573473242566226, score: 1
[00:00:00.076] (70000f031000) INFO   position: 742234173564774116613357347324256622, score: -1
[00:00:00.076] (70000f031000) INFO   position: 74223417356477411661335734732425662, score: 1
[00:00:00.076] (70000f031000) INFO   position: 74223417356477411661335734732425666221, score: -1
[00:00:00.076] (70000f031000) INFO   position: 7422341735647741166133573473242566622, score: 1
[00:00:00.076] (70000f031000) INFO   position: 742234173564774116613357347324256662, score: -1
[00:00:00.076] (70000f031000) INFO   position: 74223417356477411661335734732425666, score: 1
[00:00:00.076] (70000f031000) INFO   position: 74223417356477411661335734732425661556, score: -1
[00:00:00.077] (70000f031000) INFO   position: 7422341735647741166133573473242566155, score: 1
[00:00:00.077] (70000f031000) INFO   position: 742234173564774116613357347324256615, score: -1
[00:00:00.077] (70000f031000) INFO   position: 74223417356477411661335734732425661, score: 1
[00:00:00.077] (70000f031000) INFO   position: 742234173564774116613357347324256622611, score: 1
[00:00:00.077] (70000f031000) INFO   position: 74223417356477411661335734732425662261, score: -1
[00:00:00.077] (70000f031000) INFO   position: 7422341735647741166133573473242566226, score: 1
[00:00:00.077] (70000f031000) INFO   position: 742234173564774116613357347324256622, score: -1
[00:00:00.077] (70000f031000) INFO   position: 74223417356477411661335734732425662, score: 1
[00:00:00.078] (70000f031000) INFO   sequence: 7422341735647741166133573473242566                 score: 1          nodes:35         time: 3259µs
[00:00:00.078] (70000f031000) INFO   position: 2316341612476722315446747127241675563335, score: 0
[00:00:00.078] (70000f031000) INFO   position: 231634161247672231544674712724167556333, score: 0
[00:00:00.078] (70000f031000) INFO   position: 2316341612476722315446747127241675563335, score: 0
[00:00:00.078] (70000f031000) INFO   position: 231634161247672231544674712724167556333, score: 0
[00:00:00.078] (70000f031000) INFO   sequence: 23163416124767223154467471272416755633             score: 0          nodes:42         time: 485µs
[00:00:00.079] (70000f031000) INFO   sequence: 71255763773133525731261364622167124446454          score: 0          nodes:43         time: 12µs
[00:00:00.079] (70000f031000) INFO   position: 652146735561557315663163273732214174227, score: 1
[00:00:00.079] (70000f031000) INFO   position: 65214673556155731566316327373221417422, score: -1
[00:00:00.079] (70000f031000) INFO   position: 652146735561557315663163273732214174272, score: 1
[00:00:00.079] (70000f031000) INFO   position: 65214673556155731566316327373221417427, score: -1
[00:00:00.079] (70000f031000) INFO   position: 6521467355615573156631632737322141742, score: 1
[00:00:00.080] (70000f031000) INFO   position: 652146735561557315663163273732214174, score: -1
[00:00:00.080] (70000f031000) INFO   position: 6521467355615573156631632737322141724, score: 2
[00:00:00.080] (70000f031000) INFO   position: 652146735561557315663163273732214172, score: -2
[00:00:00.080] (70000f031000) INFO   position: 6521467355615573156631632737322141774, score: 2
[00:00:00.080] (70000f031000) INFO   position: 652146735561557315663163273732214177, score: -2
[00:00:00.080] (70000f031000) INFO   position: 6521467355615573156631632737322141742, score: 1
[00:00:00.080] (70000f031000) INFO   position: 652146735561557315663163273732214174, score: -1
[00:00:00.080] (70000f031000) INFO   sequence: 65214673556155731566316327373221417                score: -1         nodes:57         time: 1468µs
[00:00:00.081] (70000f031000) INFO   position: 52677675164321472411331752454433325, score: 2
[00:00:00.081] (70000f031000) INFO   position: 5267767516432147241133175245443332, score: -2
[00:00:00.081] (70000f031000) INFO   position: 526776751643214724113317524544333, score: 2
[00:00:00.081] (70000f031000) INFO   position: 52677675164321472411331752454433, score: -2
[00:00:00.081] (70000f031000) INFO   position: 5267767516432147241133175245443, score: 2
[00:00:00.081] (70000f031000) INFO   position: 526776751643214724113317524544, score: -2
[00:00:00.081] (70000f031000) INFO   position: 52677675164321472411331752454433325, score: -3
[00:00:00.081] (70000f031000) INFO   position: 5267767516432147241133175245443332, score: 3
[00:00:00.082] (70000f031000) INFO   position: 52677675164321472411331752454433366, score: -3
[00:00:00.082] (70000f031000) INFO   position: 5267767516432147241133175245443336, score: 3
[00:00:00.082] (70000f031000) INFO   position: 52677675164321472411331752454433315, score: -3
[00:00:00.082] (70000f031000) INFO   position: 5267767516432147241133175245443331, score: 3
[00:00:00.082] (70000f031000) INFO   position: 52677675164321472411331752454433375, score: -3
[00:00:00.082] (70000f031000) INFO   position: 5267767516432147241133175245443337, score: 3
[00:00:00.082] (70000f031000) INFO   position: 526776751643214724113317524544333, score: -3
[00:00:00.082] (70000f031000) INFO   position: 52677675164321472411331752454433, score: 3
[00:00:00.083] (70000f031000) INFO   position: 52677675164321472411331752454432323, score: -3
[00:00:00.083] (70000f031000) INFO   position: 5267767516432147241133175245443232, score: 3
[00:00:00.083] (70000f031000) INFO   position: 526776751643214724113317524544323, score: -3
[00:00:00.083] (70000f031000) INFO   position: 52677675164321472411331752454432, score: 3
[00:00:00.083] (70000f031000) INFO   position: 52677675164321472411331752454436633, score: -3
[00:00:00.083] (70000f031000) INFO   position: 5267767516432147241133175245443663, score: 3
[00:00:00.083] (70000f031000) INFO   position: 52677675164321472411331752454436623, score: 3
[00:00:00.083] (70000f031000) INFO   position: 5267767516432147241133175245443662, score: -3
[00:00:00.084] (70000f031000) INFO   position: 52677675164321472411331752454436663, score: 3
[00:00:00.084] (70000f031000) INFO   position: 5267767516432147241133175245443666, score: -3
[00:00:00.084] (70000f031000) INFO   position: 52677675164321472411331752454436613, score: 3
[00:00:00.084] (70000f031000) INFO   position: 5267767516432147241133175245443661, score: -3
[00:00:00.084] (70000f031000) INFO   position: 52677675164321472411331752454436673, score: 3
[00:00:00.084] (70000f031000) INFO   position: 5267767516432147241133175245443667, score: -3
[00:00:00.084] (70000f031000) INFO   position: 526776751643214724113317524544366, score: -3
[00:00:00.084] (70000f031000) INFO   position: 52677675164321472411331752454436, score: 3
[00:00:00.084] (70000f031000) INFO   position: 526776751643214724113317524544313, score: 4
[00:00:00.085] (70000f031000) INFO   position: 52677675164321472411331752454431, score: -4
[00:00:00.085] (70000f031000) INFO   position: 526776751643214724113317524544373, score: 4
[00:00:00.085] (70000f031000) INFO   position: 52677675164321472411331752454437, score: -4
[00:00:00.085] (70000f031000) INFO   position: 5267767516432147241133175245443, score: -3
[00:00:00.085] (70000f031000) INFO   position: 526776751643214724113317524544, score: 3
[00:00:00.086] (70000f031000) INFO   position: 52677675164321472411331752454323345, score: -3
[00:00:00.086] (70000f031000) INFO   position: 5267767516432147241133175245432334, score: 3
[00:00:00.086] (70000f031000) INFO   position: 52677675164321472411331752454323354, score: -3
[00:00:00.086] (70000f031000) INFO   position: 5267767516432147241133175245432335, score: 3
[00:00:00.086] (70000f031000) INFO   position: 52677675164321472411331752454323324, score: -3
[00:00:00.086] (70000f031000) INFO   position: 5267767516432147241133175245432332, score: 3
[00:00:00.086] (70000f031000) INFO   position: 52677675164321472411331752454323366, score: -3
[00:00:00.086] (70000f031000) INFO   position: 5267767516432147241133175245432336, score: 3
[00:00:00.086] (70000f031000) INFO   position: 52677675164321472411331752454323314, score: -3
[00:00:00.086] (70000f031000) INFO   position: 5267767516432147241133175245432331, score: 3
[00:00:00.087] (70000f031000) INFO   position: 52677675164321472411331752454323374, score: -3
[00:00:00.087] (70000f031000) INFO   position: 5267767516432147241133175245432337, score: 3
[00:00:00.087] (70000f031000) INFO   position: 526776751643214724113317524543233, score: -3
[00:00:00.087] (70000f031000) INFO   position: 52677675164321472411331752454323, score: 3
[00:00:00.087] (70000f031000) INFO   position: 5267767516432147241133175245432, score: -3
[00:00:00.087] (70000f031000) INFO   position: 526776751643214724113317524543, score: 3
[00:00:00.087] (70000f031000) INFO   position: 52677675164321472411331752454543233, score: -3
[00:00:00.087] (70000f031000) INFO   position: 5267767516432147241133175245454323, score: 3
[00:00:00.087] (70000f031000) INFO   position: 526776751643214724113317524545432, score: -3
[00:00:00.088] (70000f031000) INFO   position: 52677675164321472411331752454543, score: 3
[00:00:00.088] (70000f031000) INFO   position: 52677675164321472411331752454545333, score: -3
[00:00:00.088] (70000f031000) INFO   position: 5267767516432147241133175245454533, score: 3
[00:00:00.088] (70000f031000) INFO   position: 52677675164321472411331752454545323, score: -3
[00:00:00.088] (70000f031000) INFO   position: 5267767516432147241133175245454532, score: 3
[00:00:00.088] (70000f031000) INFO   position: 52677675164321472411331752454545366, score: -3
[00:00:00.088] (70000f031000) INFO   position: 5267767516432147241133175245454536, score: 3
[00:00:00.088] (70000f031000) INFO   position: 52677675164321472411331752454545313, score: 3
[00:00:00.088] (70000f031000) INFO   position: 5267767516432147241133175245454531, score: -3
[00:00:00.088] (70000f031000) INFO   position: 52677675164321472411331752454545373, score: 3
[00:00:00.089] (70000f031000) INFO   position: 5267767516432147241133175245454537, score: -3
[00:00:00.089] (70000f031000) INFO   position: 526776751643214724113317524545453, score: -3
[00:00:00.089] (70000f031000) INFO   position: 52677675164321472411331752454545, score: 3
[00:00:00.089] (70000f031000) INFO   position: 52677675164321472411331752454542353, score: -3
[00:00:00.089] (70000f031000) INFO   position: 5267767516432147241133175245454235, score: 3
[00:00:00.089] (70000f031000) INFO   position: 526776751643214724113317524545423, score: -3
[00:00:00.089] (70000f031000) INFO   position: 52677675164321472411331752454542, score: 3
[00:00:00.089] (70000f031000) INFO   position: 52677675164321472411331752454546632, score: -3
[00:00:00.089] (70000f031000) INFO   position: 5267767516432147241133175245454663, score: 3
[00:00:00.090] (70000f031000) INFO   position: 52677675164321472411331752454546653, score: -3
[00:00:00.090] (70000f031000) INFO   position: 5267767516432147241133175245454665, score: 3
[00:00:00.090] (70000f031000) INFO   position: 52677675164321472411331752454546623, score: -3
[00:00:00.090] (70000f031000) INFO   position: 5267767516432147241133175245454662, score: 3
[00:00:00.090] (70000f031000) INFO   position: 52677675164321472411331752454546663, score: -3
[00:00:00.090] (70000f031000) INFO   position: 5267767516432147241133175245454666, score: 3
[00:00:00.090] (70000f031000) INFO   position: 52677675164321472411331752454546613, score: -3
[00:00:00.090] (70000f031000) INFO   position: 5267767516432147241133175245454661, score: 3
[00:00:00.090] (70000f031000) INFO   position: 52677675164321472411331752454546673, score: -3
[00:00:00.091] (70000f031000) INFO   position: 5267767516432147241133175245454667, score: 3
[00:00:00.091] (70000f031000) INFO   position: 526776751643214724113317524545466, score: -3
[00:00:00.091] (70000f031000) INFO   position: 52677675164321472411331752454546, score: 3
[00:00:00.091] (70000f031000) INFO   position: 52677675164321472411331752454541353, score: 3
[00:00:00.091] (70000f031000) INFO   position: 5267767516432147241133175245454135, score: -3
[00:00:00.091] (70000f031000) INFO   position: 526776751643214724113317524545413, score: -3
[00:00:00.091] (70000f031000) INFO   position: 52677675164321472411331752454541, score: 3
[00:00:00.091] (70000f031000) INFO   position: 52677675164321472411331752454547353, score: 3
[00:00:00.091] (70000f031000) INFO   position: 5267767516432147241133175245454735, score: -3
[00:00:00.091] (70000f031000) INFO   position: 526776751643214724113317524545473, score: -3
[00:00:00.092] (70000f031000) INFO   position: 52677675164321472411331752454547, score: 3
[00:00:00.092] (70000f031000) INFO   position: 5267767516432147241133175245454, score: -3
[00:00:00.092] (70000f031000) INFO   position: 526776751643214724113317524545, score: 3
[00:00:00.092] (70000f031000) INFO   position: 526776751643214724113317524542343, score: -3
[00:00:00.092] (70000f031000) INFO   position: 52677675164321472411331752454234, score: 3
[00:00:00.092] (70000f031000) INFO   position: 52677675164321472411331752454233435, score: 3
[00:00:00.092] (70000f031000) INFO   position: 5267767516432147241133175245423343, score: -3
[00:00:00.092] (70000f031000) INFO   position: 52677675164321472411331752454233423, score: -3
[00:00:00.093] (70000f031000) INFO   position: 5267767516432147241133175245423342, score: 3
[00:00:00.093] (70000f031000) INFO   position: 52677675164321472411331752454233466, score: -3
[00:00:00.093] (70000f031000) INFO   position: 5267767516432147241133175245423346, score: 3
[00:00:00.093] (70000f031000) INFO   position: 52677675164321472411331752454233413, score: -3
[00:00:00.093] (70000f031000) INFO   position: 5267767516432147241133175245423341, score: 3
[00:00:00.093] (70000f031000) INFO   position: 52677675164321472411331752454233473, score: -3
[00:00:00.093] (70000f031000) INFO   position: 5267767516432147241133175245423347, score: 3
[00:00:00.094] (70000f031000) INFO   position: 526776751643214724113317524542334, score: -3
[00:00:00.094] (70000f031000) INFO   position: 52677675164321472411331752454233, score: 3
[00:00:00.094] (70000f031000) INFO   position: 52677675164321472411331752454232433, score: -3
[00:00:00.094] (70000f031000) INFO   position: 5267767516432147241133175245423243, score: 3
[00:00:00.094] (70000f031000) INFO   position: 52677675164321472411331752454232466, score: -3
[00:00:00.094] (70000f031000) INFO   position: 5267767516432147241133175245423246, score: 3
[00:00:00.094] (70000f031000) INFO   position: 52677675164321472411331752454232413, score: -3
[00:00:00.095] (70000f031000) INFO   position: 5267767516432147241133175245423241, score: 3
[00:00:00.095] (70000f031000) INFO   position: 52677675164321472411331752454232473, score: -3
[00:00:00.095] (70000f031000) INFO   position: 5267767516432147241133175245423247, score: 3
[00:00:00.095] (70000f031000) INFO   position: 526776751643214724113317524542324, score: -3
[00:00:00.095] (70000f031000) INFO   position: 52677675164321472411331752454232, score: 3
[00:00:00.095] (70000f031000) INFO   position: 52677675164321472411331752454236643, score: 3
[00:00:00.095] (70000f031000) INFO   position: 5267767516432147241133175245423664, score: -3
[00:00:00.095] (70000f031000) INFO   position: 52677675164321472411331752454236634, score: -3
[00:00:00.095] (70000f031000) INFO   position: 5267767516432147241133175245423663, score: 3
[00:00:00.095] (70000f031000) INFO   position: 52677675164321472411331752454236624, score: -3
[00:00:00.096] (70000f031000) INFO   position: 5267767516432147241133175245423662, score: 3
[00:00:00.096] (70000f031000) INFO   position: 52677675164321472411331752454236664, score: -3
[00:00:00.096] (70000f031000) INFO   position: 5267767516432147241133175245423666, score: 3
[00:00:00.096] (70000f031000) INFO   position: 52677675164321472411331752454236614, score: -3
[00:00:00.096] (70000f031000) INFO   position: 5267767516432147241133175245423661, score: 3
[00:00:00.096] (70000f031000) INFO   position: 52677675164321472411331752454236674, score: -3
[00:00:00.096] (70000f031000) INFO   position: 5267767516432147241133175245423667, score: 3
[00:00:00.096] (70000f031000) INFO   position: 526776751643214724113317524542366, score: -3
[00:00:00.096] (70000f031000) INFO   position: 52677675164321472411331752454236, score: 3
[00:00:00.096] (70000f031000) INFO   position: 52677675164321472411331752454231433, score: -3
[00:00:00.097] (70000f031000) INFO   position: 5267767516432147241133175245423143, score: 3
[00:00:00.097] (70000f031000) INFO   position: 52677675164321472411331752454231423, score: -3
[00:00:00.097] (70000f031000) INFO   position: 5267767516432147241133175245423142, score: 3
[00:00:00.097] (70000f031000) INFO   position: 52677675164321472411331752454231466, score: -3
[00:00:00.097] (70000f031000) INFO   position: 5267767516432147241133175245423146, score: 3
[00:00:00.097] (70000f031000) INFO   position: 52677675164321472411331752454231473, score: -3
[00:00:00.097] (70000f031000) INFO   position: 5267767516432147241133175245423147, score: 3
[00:00:00.097] (70000f031000) INFO   position: 526776751643214724113317524542314, score: -3
[00:00:00.097] (70000f031000) INFO   position: 52677675164321472411331752454231, score: 3
[00:00:00.098] (70000f031000) INFO   position: 52677675164321472411331752454237433, score: -3
[00:00:00.098] (70000f031000) INFO   position: 5267767516432147241133175245423743, score: 3
[00:00:00.098] (70000f031000) INFO   position: 52677675164321472411331752454237423, score: -3
[00:00:00.098] (70000f031000) INFO   position: 5267767516432147241133175245423742, score: 3
[00:00:00.098] (70000f031000) INFO   position: 52677675164321472411331752454237466, score: -3
[00:00:00.098] (70000f031000) INFO   position: 5267767516432147241133175245423746, score: 3
[00:00:00.098] (70000f031000) INFO   position: 52677675164321472411331752454237413, score: -3
[00:00:00.098] (70000f031000) INFO   position: 5267767516432147241133175245423741, score: 3
[00:00:00.099] (70000f031000) INFO   position: 526776751643214724113317524542374, score: -3
[00:00:00.099] (70000f031000) INFO   position: 52677675164321472411331752454237, score: 3
[00:00:00.099] (70000f031000) INFO   position: 5267767516432147241133175245423, score: -3
[00:00:00.099] (70000f031000) INFO   position: 526776751643214724113317524542, score: 3
[00:00:00.099] (70000f031000) INFO   position: 526776751643214724113317524546643, score: -3
[00:00:00.099] (70000f031000) INFO   position: 52677675164321472411331752454664, score: 3
[00:00:00.099] (70000f031000) INFO   position: 52677675164321472411331752454663233, score: -3
[00:00:00.099] (70000f031000) INFO   position: 5267767516432147241133175245466323, score: 3
[00:00:00.099] (70000f031000) INFO   position: 526776751643214724113317524546632, score: -3
[00:00:00.099] (70000f031000) INFO   position: 52677675164321472411331752454663, score: 3
[00:00:00.100] (70000f031000) INFO   position: 526776751643214724113317524546654, score: -3
[00:00:00.100] (70000f031000) INFO   position: 52677675164321472411331752454665, score: 3
[00:00:00.100] (70000f031000) INFO   position: 526776751643214724113317524546623, score: -3
[00:00:00.100] (70000f031000) INFO   position: 52677675164321472411331752454662, score: 3
[00:00:00.100] (70000f031000) INFO   position: 52677675164321472411331752454666432, score: -3
[00:00:00.100] (70000f031000) INFO   position: 5267767516432147241133175245466643, score: 3
[00:00:00.100] (70000f031000) INFO   position: 52677675164321472411331752454666453, score: -3
[00:00:00.100] (70000f031000) INFO   position: 5267767516432147241133175245466645, score: 3
[00:00:00.100] (70000f031000) INFO   position: 52677675164321472411331752454666423, score: -3
[00:00:00.100] (70000f031000) INFO   position: 5267767516432147241133175245466642, score: 3
[00:00:00.101] (70000f031000) INFO   position: 52677675164321472411331752454666413, score: -3
[00:00:00.101] (70000f031000) INFO   position: 5267767516432147241133175245466641, score: 3
[00:00:00.101] (70000f031000) INFO   position: 52677675164321472411331752454666473, score: -3
[00:00:00.101] (70000f031000) INFO   position: 5267767516432147241133175245466647, score: 3
[00:00:00.101] (70000f031000) INFO   position: 526776751643214724113317524546664, score: -3
[00:00:00.101] (70000f031000) INFO   position: 52677675164321472411331752454666, score: 3
[00:00:00.101] (70000f031000) INFO   position: 52677675164321472411331752454661432, score: -3
[00:00:00.101] (70000f031000) INFO   position: 5267767516432147241133175245466143, score: 3
[00:00:00.101] (70000f031000) INFO   position: 52677675164321472411331752454661453, score: -3
[00:00:00.101] (70000f031000) INFO   position: 5267767516432147241133175245466145, score: 3
[00:00:00.102] (70000f031000) INFO   position: 52677675164321472411331752454661423, score: -3
[00:00:00.102] (70000f031000) INFO   position: 5267767516432147241133175245466142, score: 3
[00:00:00.102] (70000f031000) INFO   position: 52677675164321472411331752454661463, score: -3
[00:00:00.102] (70000f031000) INFO   position: 5267767516432147241133175245466146, score: 3
[00:00:00.102] (70000f031000) INFO   position: 52677675164321472411331752454661473, score: -3
[00:00:00.102] (70000f031000) INFO   position: 5267767516432147241133175245466147, score: 3
[00:00:00.102] (70000f031000) INFO   position: 526776751643214724113317524546614, score: -3
[00:00:00.102] (70000f031000) INFO   position: 52677675164321472411331752454661, score: 3
[00:00:00.102] (70000f031000) INFO   position: 52677675164321472411331752454667432, score: -3
[00:00:00.103] (70000f031000) INFO   position: 5267767516432147241133175245466743, score: 3
[00:00:00.103] (70000f031000) INFO   position: 52677675164321472411331752454667453, score: -3
[00:00:00.103] (70000f031000) INFO   position: 5267767516432147241133175245466745, score: 3
[00:00:00.103] (70000f031000) INFO   position: 52677675164321472411331752454667423, score: -3
[00:00:00.103] (70000f031000) INFO   position: 5267767516432147241133175245466742, score: 3
[00:00:00.103] (70000f031000) INFO   position: 52677675164321472411331752454667463, score: -3
[00:00:00.104] (70000f031000) INFO   position: 5267767516432147241133175245466746, score: 3
[00:00:00.104] (70000f031000) INFO   position: 52677675164321472411331752454667413, score: -3
[00:00:00.104] (70000f031000) INFO   position: 5267767516432147241133175245466741, score: 3
[00:00:00.104] (70000f031000) INFO   position: 526776751643214724113317524546674, score: -3
[00:00:00.104] (70000f031000) INFO   position: 52677675164321472411331752454667, score: 3
[00:00:00.104] (70000f031000) INFO   position: 5267767516432147241133175245466, score: -3
[00:00:00.104] (70000f031000) INFO   position: 526776751643214724113317524546, score: 3
[00:00:00.105] (70000f031000) INFO   position: 52677675164321472411331752454143233, score: -3
[00:00:00.105] (70000f031000) INFO   position: 5267767516432147241133175245414323, score: 3
[00:00:00.105] (70000f031000) INFO   position: 526776751643214724113317524541432, score: -3
[00:00:00.105] (70000f031000) INFO   position: 52677675164321472411331752454143, score: 3
[00:00:00.105] (70000f031000) INFO   position: 526776751643214724113317524541453, score: -3
[00:00:00.106] (70000f031000) INFO   position: 52677675164321472411331752454145, score: 3
[00:00:00.106] (70000f031000) INFO   position: 526776751643214724113317524541423, score: -3
[00:00:00.106] (70000f031000) INFO   position: 52677675164321472411331752454142, score: 3
[00:00:00.106] (70000f031000) INFO   position: 526776751643214724113317524541466, score: -3
[00:00:00.106] (70000f031000) INFO   position: 52677675164321472411331752454146, score: 3
[00:00:00.106] (70000f031000) INFO   position: 52677675164321472411331752454147333, score: -3
[00:00:00.106] (70000f031000) INFO   position: 5267767516432147241133175245414733, score: 3
[00:00:00.106] (70000f031000) INFO   position: 52677675164321472411331752454147323, score: -3
[00:00:00.107] (70000f031000) INFO   position: 5267767516432147241133175245414732, score: 3
[00:00:00.107] (70000f031000) INFO   position: 52677675164321472411331752454147366, score: -3
[00:00:00.107] (70000f031000) INFO   position: 5267767516432147241133175245414736, score: 3
[00:00:00.107] (70000f031000) INFO   position: 526776751643214724113317524541473, score: -3
[00:00:00.107] (70000f031000) INFO   position: 52677675164321472411331752454147, score: 3
[00:00:00.107] (70000f031000) INFO   position: 5267767516432147241133175245414, score: -3
[00:00:00.107] (70000f031000) INFO   position: 526776751643214724113317524541, score: 3
[00:00:00.107] (70000f031000) INFO   position: 52677675164321472411331752454743233, score: -3
[00:00:00.107] (70000f031000) INFO   position: 5267767516432147241133175245474323, score: 3
[00:00:00.108] (70000f031000) INFO   position: 526776751643214724113317524547432, score: -3
[00:00:00.108] (70000f031000) INFO   position: 52677675164321472411331752454743, score: 3
[00:00:00.108] (70000f031000) INFO   position: 526776751643214724113317524547453, score: -3
[00:00:00.108] (70000f031000) INFO   position: 52677675164321472411331752454745, score: 3
[00:00:00.108] (70000f031000) INFO   position: 526776751643214724113317524547423, score: -3
[00:00:00.108] (70000f031000) INFO   position: 52677675164321472411331752454742, score: 3
[00:00:00.108] (70000f031000) INFO   position: 526776751643214724113317524547466, score: -3
[00:00:00.108] (70000f031000) INFO   position: 52677675164321472411331752454746, score: 3
[00:00:00.109] (70000f031000) INFO   position: 526776751643214724113317524547413, score: -3
[00:00:00.109] (70000f031000) INFO   position: 52677675164321472411331752454741, score: 3
[00:00:00.109] (70000f031000) INFO   position: 5267767516432147241133175245474, score: -3
[00:00:00.109] (70000f031000) INFO   position: 526776751643214724113317524547, score: 3
[00:00:00.109] (70000f031000) INFO   position: 526776751643214724113317524544333255266, score: 0
[00:00:00.109] (70000f031000) INFO   position: 52677675164321472411331752454433325526, score: 0
[00:00:00.109] (70000f031000) INFO   position: 5267767516432147241133175245443332552, score: 0
[00:00:00.109] (70000f031000) INFO   position: 526776751643214724113317524544333255, score: 0
[00:00:00.110] (70000f031000) INFO   position: 52677675164321472411331752454433325, score: 0
[00:00:00.110] (70000f031000) INFO   position: 5267767516432147241133175245443332, score: 0
[00:00:00.110] (70000f031000) INFO   position: 526776751643214724113317524544333, score: 0
[00:00:00.110] (70000f031000) INFO   position: 52677675164321472411331752454433, score: 0
[00:00:00.110] (70000f031000) INFO   position: 5267767516432147241133175245443, score: 0
[00:00:00.110] (70000f031000) INFO   position: 526776751643214724113317524544, score: 0
[00:00:00.110] (70000f031000) INFO   position: 526776751643214724113317524544333255266, score: -1
[00:00:00.110] (70000f031000) INFO   position: 52677675164321472411331752454433325526, score: 1
[00:00:00.111] (70000f031000) INFO   position: 526776751643214724113317524544333255216, score: -1
[00:00:00.111] (70000f031000) INFO   position: 52677675164321472411331752454433325521, score: 1
[00:00:00.111] (70000f031000) INFO   position: 526776751643214724113317524544333255271, score: -1
[00:00:00.111] (70000f031000) INFO   position: 52677675164321472411331752454433325527, score: 1
[00:00:00.111] (70000f031000) INFO   position: 5267767516432147241133175245443332552, score: -1
[00:00:00.111] (70000f031000) INFO   position: 526776751643214724113317524544333255, score: 1
[00:00:00.111] (70000f031000) INFO   position: 52677675164321472411331752454433325, score: -1
[00:00:00.111] (70000f031000) INFO   position: 5267767516432147241133175245443332, score: 1
[00:00:00.111] (70000f031000) INFO   position: 526776751643214724113317524544333662552, score: -1
[00:00:00.111] (70000f031000) INFO   position: 52677675164321472411331752454433366255, score: 1
[00:00:00.112] (70000f031000) INFO   position: 5267767516432147241133175245443336625, score: -1
[00:00:00.112] (70000f031000) INFO   position: 526776751643214724113317524544333662, score: 1
[00:00:00.112] (70000f031000) INFO   position: 526776751643214724113317524544333666557, score: -1
[00:00:00.112] (70000f031000) INFO   position: 52677675164321472411331752454433366655, score: 1
[00:00:00.112] (70000f031000) INFO   position: 5267767516432147241133175245443336665, score: -1
[00:00:00.112] (70000f031000) INFO   position: 526776751643214724113317524544333666, score: 1
[00:00:00.112] (70000f031000) INFO   position: 526776751643214724113317524544333661552, score: -1
[00:00:00.112] (70000f031000) INFO   position: 52677675164321472411331752454433366155, score: 1
[00:00:00.112] (70000f031000) INFO   position: 5267767516432147241133175245443336615, score: -1
[00:00:00.112] (70000f031000) INFO   position: 526776751643214724113317524544333661, score: 1
[00:00:00.113] (70000f031000) INFO   position: 526776751643214724113317524544333667556, score: -1
[00:00:00.113] (70000f031000) INFO   position: 52677675164321472411331752454433366755, score: 1
[00:00:00.113] (70000f031000) INFO   position: 5267767516432147241133175245443336675, score: -1
[00:00:00.113] (70000f031000) INFO   position: 526776751643214724113317524544333667, score: 1
[00:00:00.113] (70000f031000) INFO   position: 52677675164321472411331752454433366, score: -1
[00:00:00.113] (70000f031000) INFO   position: 5267767516432147241133175245443336, score: 1
[00:00:00.113] (70000f031000) INFO   position: 526776751643214724113317524544333155226, score: -1
[00:00:00.113] (70000f031000) INFO   position: 52677675164321472411331752454433315522, score: 1
[00:00:00.113] (70000f031000) INFO   position: 526776751643214724113317524544333155266, score: -1
[00:00:00.113] (70000f031000) INFO   position: 52677675164321472411331752454433315526, score: 1
[00:00:00.114] (70000f031000) INFO   position: 526776751643214724113317524544333155272, score: -1
[00:00:00.114] (70000f031000) INFO   position: 52677675164321472411331752454433315527, score: 1
[00:00:00.114] (70000f031000) INFO   position: 5267767516432147241133175245443331552, score: -1
[00:00:00.114] (70000f031000) INFO   position: 526776751643214724113317524544333155, score: 1
[00:00:00.114] (70000f031000) INFO   position: 52677675164321472411331752454433315, score: -1
[00:00:00.114] (70000f031000) INFO   position: 5267767516432147241133175245443331, score: 1
[00:00:00.114] (70000f031000) INFO   position: 526776751643214724113317524544333755221, score: -1
[00:00:00.114] (70000f031000) INFO   position: 52677675164321472411331752454433375522, score: 1
[00:00:00.114] (70000f031000) INFO   position: 52677675164321472411331752454433375526, score: 2
[00:00:00.115] (70000f031000) INFO   position: 5267767516432147241133175245443337552, score: -2
[00:00:00.115] (70000f031000) INFO   position: 526776751643214724113317524544333755, score: 2
[00:00:00.115] (70000f031000) INFO   position: 52677675164321472411331752454433375, score: -2
[00:00:00.115] (70000f031000) INFO   position: 5267767516432147241133175245443337, score: 2
[00:00:00.115] (70000f031000) INFO   position: 526776751643214724113317524544333, score: -2
[00:00:00.115] (70000f031000) INFO   position: 52677675164321472411331752454433, score: 2
[00:00:00.115] (70000f031000) INFO   position: 5267767516432147241133175245443, score: -2
[00:00:00.115] (70000f031000) INFO   position: 526776751643214724113317524544, score: 2
[00:00:00.115] (70000f031000) INFO   position: 52677675164321472411331752454433325, score: -1
[00:00:00.115] (70000f031000) INFO   position: 5267767516432147241133175245443332, score: 1
[00:00:00.116] (70000f031000) INFO   position: 52677675164321472411331752454433366, score: -1
[00:00:00.116] (70000f031000) INFO   position: 5267767516432147241133175245443336, score: 1
[00:00:00.116] (70000f031000) INFO   position: 52677675164321472411331752454433315, score: -1
[00:00:00.116] (70000f031000) INFO   position: 5267767516432147241133175245443331, score: 1
[00:00:00.116] (70000f031000) INFO   position: 5267767516432147241133175245443337552, score: -2
[00:00:00.116] (70000f031000) INFO   position: 526776751643214724113317524544333755, score: 2
[00:00:00.116] (70000f031000) INFO   position: 52677675164321472411331752454433375, score: -2
[00:00:00.116] (70000f031000) INFO   position: 5267767516432147241133175245443337, score: 2
[00:00:00.116] (70000f031000) INFO   position: 526776751643214724113317524544333, score: -2
[00:00:00.117] (70000f031000) INFO   position: 52677675164321472411331752454433, score: 2
[00:00:00.117] (70000f031000) INFO   position: 5267767516432147241133175245443232366, score: 2
[00:00:00.117] (70000f031000) INFO   position: 526776751643214724113317524544323236, score: -2
[00:00:00.117] (70000f031000) INFO   position: 5267767516432147241133175245443232315, score: -2
[00:00:00.117] (70000f031000) INFO   position: 526776751643214724113317524544323231, score: 2
[00:00:00.117] (70000f031000) INFO   position: 5267767516432147241133175245443232375, score: -2
[00:00:00.117] (70000f031000) INFO   position: 526776751643214724113317524544323237, score: 2
[00:00:00.118] (70000f031000) INFO   position: 52677675164321472411331752454432323, score: -2
[00:00:00.118] (70000f031000) INFO   position: 5267767516432147241133175245443232, score: 2
[00:00:00.118] (70000f031000) INFO   position: 526776751643214724113317524544323, score: -2
[00:00:00.118] (70000f031000) INFO   position: 52677675164321472411331752454432, score: 2
[00:00:00.118] (70000f031000) INFO   position: 52677675164321472411331752454436633, score: -1
[00:00:00.118] (70000f031000) INFO   position: 5267767516432147241133175245443663, score: 1
[00:00:00.118] (70000f031000) INFO   position: 52677675164321472411331752454436623, score: 3
[00:00:00.118] (70000f031000) INFO   position: 5267767516432147241133175245443662, score: -3
[00:00:00.118] (70000f031000) INFO   position: 52677675164321472411331752454436663, score: 3
[00:00:00.118] (70000f031000) INFO   position: 5267767516432147241133175245443666, score: -3
[00:00:00.119] (70000f031000) INFO   position: 52677675164321472411331752454436613, score: 3
[00:00:00.119] (70000f031000) INFO   position: 5267767516432147241133175245443661, score: -3
[00:00:00.119] (70000f031000) INFO   position: 52677675164321472411331752454436673, score: 3
[00:00:00.119] (70000f031000) INFO   position: 5267767516432147241133175245443667, score: -3
[00:00:00.119] (70000f031000) INFO   position: 526776751643214724113317524544366, score: -2
[00:00:00.119] (70000f031000) INFO   position: 52677675164321472411331752454436, score: 2
[00:00:00.119] (70000f031000) INFO   position: 526776751643214724113317524544313, score: 4
[00:00:00.119] (70000f031000) INFO   position: 52677675164321472411331752454431, score: -4
[00:00:00.119] (70000f031000) INFO   position: 526776751643214724113317524544373, score: 4
[00:00:00.120] (70000f031000) INFO   position: 52677675164321472411331752454437, score: -4
[00:00:00.120] (70000f031000) INFO   position: 5267767516432147241133175245443, score: -2
[00:00:00.120] (70000f031000) INFO   position: 526776751643214724113317524544, score: 2
[00:00:00.120] (70000f031000) INFO   position: 5267767516432147241133175245432334552, score: -2
[00:00:00.120] (70000f031000) INFO   position: 526776751643214724113317524543233455, score: 2
[00:00:00.120] (70000f031000) INFO   position: 5267767516432147241133175245432334525, score: -2
[00:00:00.120] (70000f031000) INFO   position: 526776751643214724113317524543233452, score: 2
[00:00:00.120] (70000f031000) INFO   position: 5267767516432147241133175245432334566, score: -2
[00:00:00.120] (70000f031000) INFO   position: 526776751643214724113317524543233456, score: 2
[00:00:00.121] (70000f031000) INFO   position: 5267767516432147241133175245432334515, score: -2
[00:00:00.121] (70000f031000) INFO   position: 526776751643214724113317524543233451, score: 2
[00:00:00.121] (70000f031000) INFO   position: 5267767516432147241133175245432334575, score: -2
[00:00:00.121] (70000f031000) INFO   position: 526776751643214724113317524543233457, score: 2
[00:00:00.121] (70000f031000) INFO   position: 52677675164321472411331752454323345, score: -2
[00:00:00.121] (70000f031000) INFO   position: 5267767516432147241133175245432334, score: 2
[00:00:00.121] (70000f031000) INFO   position: 5267767516432147241133175245432335452, score: -2
[00:00:00.121] (70000f031000) INFO   position: 526776751643214724113317524543233545, score: 2
[00:00:00.122] (70000f031000) INFO   position: 5267767516432147241133175245432335425, score: -2
[00:00:00.122] (70000f031000) INFO   position: 526776751643214724113317524543233542, score: 2
[00:00:00.122] (70000f031000) INFO   position: 5267767516432147241133175245432335466, score: -2
[00:00:00.122] (70000f031000) INFO   position: 526776751643214724113317524543233546, score: 2
[00:00:00.122] (70000f031000) INFO   position: 5267767516432147241133175245432335415, score: -2
[00:00:00.122] (70000f031000) INFO   position: 526776751643214724113317524543233541, score: 2
[00:00:00.122] (70000f031000) INFO   position: 5267767516432147241133175245432335475, score: -2
[00:00:00.122] (70000f031000) INFO   position: 526776751643214724113317524543233547, score: 2
[00:00:00.122] (70000f031000) INFO   position: 52677675164321472411331752454323354, score: -2
[00:00:00.122] (70000f031000) INFO   position: 5267767516432147241133175245432335, score: 2
[00:00:00.122] (70000f031000) INFO   position: 5267767516432147241133175245432332455, score: -2
[00:00:00.123] (70000f031000) INFO   position: 526776751643214724113317524543233245, score: 2
[00:00:00.123] (70000f031000) INFO   position: 5267767516432147241133175245432332466, score: -2
[00:00:00.123] (70000f031000) INFO   position: 526776751643214724113317524543233246, score: 2
[00:00:00.123] (70000f031000) INFO   position: 5267767516432147241133175245432332415, score: -2
[00:00:00.123] (70000f031000) INFO   position: 526776751643214724113317524543233241, score: 2
[00:00:00.123] (70000f031000) INFO   position: 5267767516432147241133175245432332475, score: -2
[00:00:00.123] (70000f031000) INFO   position: 526776751643214724113317524543233247, score: 2
[00:00:00.123] (70000f031000) INFO   position: 52677675164321472411331752454323324, score: -2
[00:00:00.123] (70000f031000) INFO   position: 5267767516432147241133175245432332, score: 2
[00:00:00.123] (70000f031000) INFO   position: 5267767516432147241133175245432336645, score: -2
[00:00:00.124] (70000f031000) INFO   position: 526776751643214724113317524543233664, score: 2
[00:00:00.124] (70000f031000) INFO   position: 5267767516432147241133175245432336654, score: -2
[00:00:00.124] (70000f031000) INFO   position: 526776751643214724113317524543233665, score: 2
[00:00:00.124] (70000f031000) INFO   position: 5267767516432147241133175245432336624, score: -2
[00:00:00.124] (70000f031000) INFO   position: 526776751643214724113317524543233662, score: 2
[00:00:00.124] (70000f031000) INFO   position: 5267767516432147241133175245432336664, score: -2
[00:00:00.124] (70000f031000) INFO   position: 526776751643214724113317524543233666, score: 2
[00:00:00.124] (70000f031000) INFO   position: 5267767516432147241133175245432336614, score: -2
[00:00:00.124] (70000f031000) INFO   position: 526776751643214724113317524543233661, score: 2
[00:00:00.124] (70000f031000) INFO   position: 5267767516432147241133175245432336674, score: -2
[00:00:00.125] (70000f031000) INFO   position: 526776751643214724113317524543233667, score: 2
[00:00:00.125] (70000f031000) INFO   position: 52677675164321472411331752454323366, score: -2
[00:00:00.125] (70000f031000) INFO   position: 5267767516432147241133175245432336, score: 2
[00:00:00.125] (70000f031000) INFO   position: 5267767516432147241133175245432331455, score: -2
[00:00:00.125] (70000f031000) INFO   position: 526776751643214724113317524543233145, score: 2
[00:00:00.125] (70000f031000) INFO   position: 5267767516432147241133175245432331425, score: -2
[00:00:00.125] (70000f031000) INFO   position: 526776751643214724113317524543233142, score: 2
[00:00:00.125] (70000f031000) INFO   position: 5267767516432147241133175245432331466, score: -2
[00:00:00.125] (70000f031000) INFO   position: 526776751643214724113317524543233146, score: 2
[00:00:00.126] (70000f031000) INFO   position: 5267767516432147241133175245432331475, score: -2
[00:00:00.126] (70000f031000) INFO   position: 526776751643214724113317524543233147, score: 2
[00:00:00.126] (70000f031000) INFO   position: 52677675164321472411331752454323314, score: -2
[00:00:00.126] (70000f031000) INFO   position: 5267767516432147241133175245432331, score: 2
[00:00:00.126] (70000f031000) INFO   position: 5267767516432147241133175245432337455, score: -2
[00:00:00.126] (70000f031000) INFO   position: 526776751643214724113317524543233745, score: 2
[00:00:00.126] (70000f031000) INFO   position: 5267767516432147241133175245432337425, score: -2
[00:00:00.126] (70000f031000) INFO   position: 526776751643214724113317524543233742, score: 2
[00:00:00.126] (70000f031000) INFO   position: 5267767516432147241133175245432337466, score: -2
[00:00:00.126] (70000f031000) INFO   position: 526776751643214724113317524543233746, score: 2
[00:00:00.127] (70000f031000) INFO   position: 5267767516432147241133175245432337415, score: -2
[00:00:00.127] (70000f031000) INFO   position: 526776751643214724113317524543233741, score: 2
[00:00:00.127] (70000f031000) INFO   position: 52677675164321472411331752454323374, score: -2
[00:00:00.127] (70000f031000) INFO   position: 5267767516432147241133175245432337, score: 2
[00:00:00.127] (70000f031000) INFO   position: 526776751643214724113317524543233, score: -2
[00:00:00.127] (70000f031000) INFO   position: 52677675164321472411331752454323, score: 2
[00:00:00.127] (70000f031000) INFO   position: 5267767516432147241133175245432, score: -2
[00:00:00.127] (70000f031000) INFO   position: 526776751643214724113317524543, score: 2
[00:00:00.127] (70000f031000) INFO   position: 52677675164321472411331752454543233, score: -2
[00:00:00.127] (70000f031000) INFO   position: 5267767516432147241133175245454323, score: 2
[00:00:00.128] (70000f031000) INFO   position: 526776751643214724113317524545432, score: -2
[00:00:00.128] (70000f031000) INFO   position: 52677675164321472411331752454543, score: 2
[00:00:00.128] (70000f031000) INFO   position: 5267767516432147241133175245454533322, score: -2
[00:00:00.128] (70000f031000) INFO   position: 526776751643214724113317524545453332, score: 2
[00:00:00.128] (70000f031000) INFO   position: 5267767516432147241133175245454533366, score: -2
[00:00:00.128] (70000f031000) INFO   position: 526776751643214724113317524545453336, score: 2
[00:00:00.128] (70000f031000) INFO   position: 5267767516432147241133175245454533312, score: -2
[00:00:00.128] (70000f031000) INFO   position: 526776751643214724113317524545453331, score: 2
[00:00:00.128] (70000f031000) INFO   position: 5267767516432147241133175245454533372, score: -2
[00:00:00.129] (70000f031000) INFO   position: 526776751643214724113317524545453337, score: 2
[00:00:00.129] (70000f031000) INFO   position: 52677675164321472411331752454545333, score: -2
[00:00:00.129] (70000f031000) INFO   position: 5267767516432147241133175245454533, score: 2
[00:00:00.129] (70000f031000) INFO   position: 5267767516432147241133175245454532323, score: -2
[00:00:00.129] (70000f031000) INFO   position: 526776751643214724113317524545453232, score: 2
[00:00:00.129] (70000f031000) INFO   position: 52677675164321472411331752454545323, score: -2
[00:00:00.129] (70000f031000) INFO   position: 5267767516432147241133175245454532, score: 2
[00:00:00.129] (70000f031000) INFO   position: 5267767516432147241133175245454536633, score: -2
[00:00:00.129] (70000f031000) INFO   position: 526776751643214724113317524545453663, score: 2
[00:00:00.129] (70000f031000) INFO   position: 5267767516432147241133175245454536623, score: -2
[00:00:00.130] (70000f031000) INFO   position: 526776751643214724113317524545453662, score: 2
[00:00:00.130] (70000f031000) INFO   position: 5267767516432147241133175245454536663, score: 2
[00:00:00.130] (70000f031000) INFO   position: 526776751643214724113317524545453666, score: -2
[00:00:00.130] (70000f031000) INFO   position: 5267767516432147241133175245454536613, score: 2
[00:00:00.130] (70000f031000) INFO   position: 526776751643214724113317524545453661, score: -2
[00:00:00.130] (70000f031000) INFO   position: 5267767516432147241133175245454536673, score: 2
[00:00:00.130] (70000f031000) INFO   position: 526776751643214724113317524545453667, score: -2
[00:00:00.130] (70000f031000) INFO   position: 52677675164321472411331752454545366, score: -2
[00:00:00.130] (70000f031000) INFO   position: 5267767516432147241133175245454536, score: 2
[00:00:00.130] (70000f031000) INFO   position: 52677675164321472411331752454545313, score: 3
[00:00:00.131] (70000f031000) INFO   position: 5267767516432147241133175245454531, score: -3
[00:00:00.131] (70000f031000) INFO   position: 52677675164321472411331752454545373, score: 3
[00:00:00.131] (70000f031000) INFO   position: 5267767516432147241133175245454537, score: -3
[00:00:00.131] (70000f031000) INFO   position: 526776751643214724113317524545453, score: -2
[00:00:00.131] (70000f031000) INFO   position: 52677675164321472411331752454545, score: 2
[00:00:00.131] (70000f031000) INFO   position: 52677675164321472411331752454542353, score: -2
[00:00:00.131] (70000f031000) INFO   position: 5267767516432147241133175245454235, score: 2
[00:00:00.131] (70000f031000) INFO   position: 526776751643214724113317524545423, score: -2
[00:00:00.131] (70000f031000) INFO   position: 52677675164321472411331752454542, score: 2
[00:00:00.131] (70000f031000) INFO   position: 5267767516432147241133175245454663233, score: -2
[00:00:00.132] (70000f031000) INFO   position: 526776751643214724113317524545466323, score: 2
[00:00:00.132] (70000f031000) INFO   position: 52677675164321472411331752454546632, score: -2
[00:00:00.132] (70000f031000) INFO   position: 5267767516432147241133175245454663, score: 2
[00:00:00.132] (70000f031000) INFO   position: 52677675164321472411331752454546653, score: -2
[00:00:00.132] (70000f031000) INFO   position: 5267767516432147241133175245454665, score: 2
[00:00:00.132] (70000f031000) INFO   position: 5267767516432147241133175245454662353, score: -2
[00:00:00.132] (70000f031000) INFO   position: 526776751643214724113317524545466235, score: 2
[00:00:00.132] (70000f031000) INFO   position: 52677675164321472411331752454546623, score: -2
[00:00:00.132] (70000f031000) INFO   position: 5267767516432147241133175245454662, score: 2
[00:00:00.132] (70000f031000) INFO   position: 5267767516432147241133175245454666353, score: 2
[00:00:00.133] (70000f031000) INFO   position: 526776751643214724113317524545466635, score: -2
[00:00:00.133] (70000f031000) INFO   position: 52677675164321472411331752454546663, score: -2
[00:00:00.133] (70000f031000) INFO   position: 5267767516432147241133175245454666, score: 2
[00:00:00.133] (70000f031000) INFO   position: 5267767516432147241133175245454661353, score: 2
[00:00:00.133] (70000f031000) INFO   position: 526776751643214724113317524545466135, score: -2
[00:00:00.133] (70000f031000) INFO   position: 52677675164321472411331752454546613, score: -2
[00:00:00.133] (70000f031000) INFO   position: 5267767516432147241133175245454661, score: 2
[00:00:00.133] (70000f031000) INFO   position: 5267767516432147241133175245454667353, score: 2
[00:00:00.133] (70000f031000) INFO   position: 526776751643214724113317524545466735, score: -2
[00:00:00.133] (70000f031000) INFO   position: 52677675164321472411331752454546673, score: -2
[00:00:00.134] (70000f031000) INFO   position: 5267767516432147241133175245454667, score: 2
[00:00:00.134] (70000f031000) INFO   position: 526776751643214724113317524545466, score: -2
[00:00:00.134] (70000f031000) INFO   position: 52677675164321472411331752454546, score: 2
[00:00:00.134] (70000f031000) INFO   position: 52677675164321472411331752454541353, score: 3
[00:00:00.134] (70000f031000) INFO   position: 5267767516432147241133175245454135, score: -3
[00:00:00.134] (70000f031000) INFO   position: 526776751643214724113317524545413, score: -2
[00:00:00.134] (70000f031000) INFO   position: 52677675164321472411331752454541, score: 2
[00:00:00.134] (70000f031000) INFO   position: 52677675164321472411331752454547353, score: 3
[00:00:00.134] (70000f031000) INFO   position: 5267767516432147241133175245454735, score: -3
[00:00:00.134] (70000f031000) INFO   position: 526776751643214724113317524545473, score: -2
[00:00:00.135] (70000f031000) INFO   position: 52677675164321472411331752454547, score: 2
[00:00:00.135] (70000f031000) INFO   position: 5267767516432147241133175245454, score: -2
[00:00:00.135] (70000f031000) INFO   position: 526776751643214724113317524545, score: 2
[00:00:00.135] (70000f031000) INFO   position: 526776751643214724113317524542343, score: -2
[00:00:00.135] (70000f031000) INFO   position: 52677675164321472411331752454234, score: 2
[00:00:00.135] (70000f031000) INFO   position: 52677675164321472411331752454233435, score: 3
[00:00:00.135] (70000f031000) INFO   position: 5267767516432147241133175245423343, score: -3
[00:00:00.135] (70000f031000) INFO   position: 5267767516432147241133175245423342366, score: -2
[00:00:00.135] (70000f031000) INFO   position: 526776751643214724113317524542334236, score: 2
[00:00:00.135] (70000f031000) INFO   position: 5267767516432147241133175245423342315, score: 2
[00:00:00.136] (70000f031000) INFO   position: 526776751643214724113317524542334231, score: -2
[00:00:00.136] (70000f031000) INFO   position: 5267767516432147241133175245423342375, score: 2
[00:00:00.136] (70000f031000) INFO   position: 526776751643214724113317524542334237, score: -2
[00:00:00.136] (70000f031000) INFO   position: 52677675164321472411331752454233423, score: -2
[00:00:00.136] (70000f031000) INFO   position: 5267767516432147241133175245423342, score: 2
[00:00:00.136] (70000f031000) INFO   position: 5267767516432147241133175245423346635, score: -2
[00:00:00.136] (70000f031000) INFO   position: 526776751643214724113317524542334663, score: 2
[00:00:00.136] (70000f031000) INFO   position: 5267767516432147241133175245423346623, score: -2
[00:00:00.136] (70000f031000) INFO   position: 526776751643214724113317524542334662, score: 2
[00:00:00.136] (70000f031000) INFO   position: 5267767516432147241133175245423346663, score: -2
[00:00:00.137] (70000f031000) INFO   position: 526776751643214724113317524542334666, score: 2
[00:00:00.137] (70000f031000) INFO   position: 5267767516432147241133175245423346613, score: -2
[00:00:00.137] (70000f031000) INFO   position: 526776751643214724113317524542334661, score: 2
[00:00:00.137] (70000f031000) INFO   position: 5267767516432147241133175245423346673, score: -2
[00:00:00.137] (70000f031000) INFO   position: 526776751643214724113317524542334667, score: 2
[00:00:00.137] (70000f031000) INFO   position: 52677675164321472411331752454233466, score: -2
[00:00:00.137] (70000f031000) INFO   position: 5267767516432147241133175245423346, score: 2
[00:00:00.137] (70000f031000) INFO   position: 5267767516432147241133175245423341325, score: 2
[00:00:00.137] (70000f031000) INFO   position: 526776751643214724113317524542334132, score: -2
[00:00:00.137] (70000f031000) INFO   position: 5267767516432147241133175245423341366, score: -2
[00:00:00.138] (70000f031000) INFO   position: 526776751643214724113317524542334136, score: 2
[00:00:00.138] (70000f031000) INFO   position: 5267767516432147241133175245423341375, score: 2
[00:00:00.138] (70000f031000) INFO   position: 526776751643214724113317524542334137, score: -2
[00:00:00.138] (70000f031000) INFO   position: 52677675164321472411331752454233413, score: -2
[00:00:00.138] (70000f031000) INFO   position: 5267767516432147241133175245423341, score: 2
[00:00:00.138] (70000f031000) INFO   position: 5267767516432147241133175245423347325, score: 2
[00:00:00.138] (70000f031000) INFO   position: 526776751643214724113317524542334732, score: -2
[00:00:00.138] (70000f031000) INFO   position: 5267767516432147241133175245423347366, score: -2
[00:00:00.138] (70000f031000) INFO   position: 526776751643214724113317524542334736, score: 2
[00:00:00.138] (70000f031000) INFO   position: 5267767516432147241133175245423347315, score: 2
[00:00:00.139] (70000f031000) INFO   position: 526776751643214724113317524542334731, score: -2
[00:00:00.139] (70000f031000) INFO   position: 52677675164321472411331752454233473, score: -2
[00:00:00.139] (70000f031000) INFO   position: 5267767516432147241133175245423347, score: 2
[00:00:00.139] (70000f031000) INFO   position: 526776751643214724113317524542334, score: -2
[00:00:00.139] (70000f031000) INFO   position: 52677675164321472411331752454233, score: 2
[00:00:00.139] (70000f031000) INFO   position: 52677675164321472411331752454232433, score: -2
[00:00:00.139] (70000f031000) INFO   position: 5267767516432147241133175245423243, score: 2
[00:00:00.139] (70000f031000) INFO   position: 5267767516432147241133175245423246633, score: -2
[00:00:00.139] (70000f031000) INFO   position: 526776751643214724113317524542324663, score: 2
[00:00:00.139] (70000f031000) INFO   position: 5267767516432147241133175245423246663, score: 2
[00:00:00.140] (70000f031000) INFO   position: 526776751643214724113317524542324666, score: -2
[00:00:00.140] (70000f031000) INFO   position: 5267767516432147241133175245423246613, score: 2
[00:00:00.140] (70000f031000) INFO   position: 526776751643214724113317524542324661, score: -2
[00:00:00.140] (70000f031000) INFO   position: 5267767516432147241133175245423246673, score: 2
[00:00:00.140] (70000f031000) INFO   position: 526776751643214724113317524542324667, score: -2
[00:00:00.140] (70000f031000) INFO   position: 52677675164321472411331752454232466, score: -2
[00:00:00.140] (70000f031000) INFO   position: 5267767516432147241133175245423246, score: 2
[00:00:00.140] (70000f031000) INFO   position: 5267767516432147241133175245423241335, score: 2
[00:00:00.140] (70000f031000) INFO   position: 526776751643214724113317524542324133, score: -2
[00:00:00.140] (70000f031000) INFO   position: 5267767516432147241133175245423241366, score: 2
[00:00:00.141] (70000f031000) INFO   position: 526776751643214724113317524542324136, score: -2
[00:00:00.141] (70000f031000) INFO   position: 5267767516432147241133175245423241373, score: -2
[00:00:00.141] (70000f031000) INFO   position: 526776751643214724113317524542324137, score: 2
[00:00:00.141] (70000f031000) INFO   position: 52677675164321472411331752454232413, score: -2
[00:00:00.141] (70000f031000) INFO   position: 5267767516432147241133175245423241, score: 2
[00:00:00.141] (70000f031000) INFO   position: 5267767516432147241133175245423247335, score: 2
[00:00:00.141] (70000f031000) INFO   position: 526776751643214724113317524542324733, score: -2
[00:00:00.141] (70000f031000) INFO   position: 5267767516432147241133175245423247366, score: 2
[00:00:00.141] (70000f031000) INFO   position: 526776751643214724113317524542324736, score: -2
[00:00:00.141] (70000f031000) INFO   position: 5267767516432147241133175245423247313, score: -2
[00:00:00.142] (70000f031000) INFO   position: 526776751643214724113317524542324731, score: 2
[00:00:00.142] (70000f031000) INFO   position: 52677675164321472411331752454232473, score: -2
[00:00:00.142] (70000f031000) INFO   position: 5267767516432147241133175245423247, score: 2
[00:00:00.142] (70000f031000) INFO   position: 526776751643214724113317524542324, score: -2
[00:00:00.142] (70000f031000) INFO   position: 52677675164321472411331752454232, score: 2
[00:00:00.142] (70000f031000) INFO   position: 52677675164321472411331752454236643, score: 3
[00:00:00.142] (70000f031000) INFO   position: 5267767516432147241133175245423664, score: -3
[00:00:00.142] (70000f031000) INFO   position: 52677675164321472411331752454236634, score: -2
[00:00:00.142] (70000f031000) INFO   position: 5267767516432147241133175245423663, score: 2
[00:00:00.142] (70000f031000) INFO   position: 52677675164321472411331752454236624, score: -2
[00:00:00.142] (70000f031000) INFO   position: 5267767516432147241133175245423662, score: 2
[00:00:00.143] (70000f031000) INFO   position: 5267767516432147241133175245423666433, score: -2
[00:00:00.143] (70000f031000) INFO   position: 526776751643214724113317524542366643, score: 2
[00:00:00.143] (70000f031000) INFO   position: 5267767516432147241133175245423666423, score: 2
[00:00:00.143] (70000f031000) INFO   position: 526776751643214724113317524542366642, score: -2
[00:00:00.143] (70000f031000) INFO   position: 5267767516432147241133175245423666413, score: 2
[00:00:00.143] (70000f031000) INFO   position: 526776751643214724113317524542366641, score: -2
[00:00:00.143] (70000f031000) INFO   position: 5267767516432147241133175245423666473, score: 2
[00:00:00.143] (70000f031000) INFO   position: 526776751643214724113317524542366647, score: -2
[00:00:00.143] (70000f031000) INFO   position: 52677675164321472411331752454236664, score: -2
[00:00:00.143] (70000f031000) INFO   position: 5267767516432147241133175245423666, score: 2
[00:00:00.144] (70000f031000) INFO   position: 5267767516432147241133175245423661433, score: -2
[00:00:00.144] (70000f031000) INFO   position: 526776751643214724113317524542366143, score: 2
[00:00:00.144] (70000f031000) INFO   position: 5267767516432147241133175245423661423, score: 2
[00:00:00.144] (70000f031000) INFO   position: 526776751643214724113317524542366142, score: -2
[00:00:00.144] (70000f031000) INFO   position: 5267767516432147241133175245423661463, score: 2
[00:00:00.144] (70000f031000) INFO   position: 526776751643214724113317524542366146, score: -2
[00:00:00.144] (70000f031000) INFO   position: 5267767516432147241133175245423661473, score: 2
[00:00:00.144] (70000f031000) INFO   position: 526776751643214724113317524542366147, score: -2
[00:00:00.144] (70000f031000) INFO   position: 52677675164321472411331752454236614, score: -2
[00:00:00.144] (70000f031000) INFO   position: 5267767516432147241133175245423661, score: 2
[00:00:00.145] (70000f031000) INFO   position: 5267767516432147241133175245423667433, score: -2
[00:00:00.145] (70000f031000) INFO   position: 526776751643214724113317524542366743, score: 2
[00:00:00.145] (70000f031000) INFO   position: 5267767516432147241133175245423667423, score: 2
[00:00:00.145] (70000f031000) INFO   position: 526776751643214724113317524542366742, score: -2
[00:00:00.145] (70000f031000) INFO   position: 5267767516432147241133175245423667463, score: 2
[00:00:00.145] (70000f031000) INFO   position: 526776751643214724113317524542366746, score: -2
[00:00:00.145] (70000f031000) INFO   position: 5267767516432147241133175245423667413, score: 2
[00:00:00.145] (70000f031000) INFO   position: 526776751643214724113317524542366741, score: -2
[00:00:00.145] (70000f031000) INFO   position: 52677675164321472411331752454236674, score: -2
[00:00:00.146] (70000f031000) INFO   position: 5267767516432147241133175245423667, score: 2
[00:00:00.146] (70000f031000) INFO   position: 526776751643214724113317524542366, score: -2
[00:00:00.146] (70000f031000) INFO   position: 52677675164321472411331752454236, score: 2
[00:00:00.146] (70000f031000) INFO   position: 52677675164321472411331752454231433, score: -2
[00:00:00.146] (70000f031000) INFO   position: 5267767516432147241133175245423143, score: 2
[00:00:00.146] (70000f031000) INFO   position: 52677675164321472411331752454231423, score: -2
[00:00:00.146] (70000f031000) INFO   position: 5267767516432147241133175245423142, score: 2
[00:00:00.146] (70000f031000) INFO   position: 52677675164321472411331752454231466, score: -2
[00:00:00.146] (70000f031000) INFO   position: 5267767516432147241133175245423146, score: 2
[00:00:00.146] (70000f031000) INFO   position: 5267767516432147241133175245423147323, score: -2
[00:00:00.147] (70000f031000) INFO   position: 526776751643214724113317524542314732, score: 2
[00:00:00.147] (70000f031000) INFO   position: 52677675164321472411331752454231473, score: -2
[00:00:00.147] (70000f031000) INFO   position: 5267767516432147241133175245423147, score: 2
[00:00:00.147] (70000f031000) INFO   position: 526776751643214724113317524542314, score: -2
[00:00:00.147] (70000f031000) INFO   position: 52677675164321472411331752454231, score: 2
[00:00:00.147] (70000f031000) INFO   position: 52677675164321472411331752454237433, score: -2
[00:00:00.147] (70000f031000) INFO   position: 5267767516432147241133175245423743, score: 2
[00:00:00.147] (70000f031000) INFO   position: 52677675164321472411331752454237423, score: -2
[00:00:00.147] (70000f031000) INFO   position: 5267767516432147241133175245423742, score: 2
[00:00:00.147] (70000f031000) INFO   position: 52677675164321472411331752454237466, score: -2
[00:00:00.148] (70000f031000) INFO   position: 5267767516432147241133175245423746, score: 2
[00:00:00.148] (70000f031000) INFO   position: 52677675164321472411331752454237413, score: -2
[00:00:00.148] (70000f031000) INFO   position: 5267767516432147241133175245423741, score: 2
[00:00:00.148] (70000f031000) INFO   position: 526776751643214724113317524542374, score: -2
[00:00:00.148] (70000f031000) INFO   position: 52677675164321472411331752454237, score: 2
[00:00:00.148] (70000f031000) INFO   position: 5267767516432147241133175245423, score: -2
[00:00:00.148] (70000f031000) INFO   position: 526776751643214724113317524542, score: 2
[00:00:00.148] (70000f031000) INFO   position: 526776751643214724113317524546643, score: -2
[00:00:00.148] (70000f031000) INFO   position: 52677675164321472411331752454664, score: 2
[00:00:00.148] (70000f031000) INFO   position: 52677675164321472411331752454663233, score: -2
[00:00:00.148] (70000f031000) INFO   position: 5267767516432147241133175245466323, score: 2
[00:00:00.149] (70000f031000) INFO   position: 526776751643214724113317524546632, score: -2
[00:00:00.149] (70000f031000) INFO   position: 52677675164321472411331752454663, score: 2
[00:00:00.149] (70000f031000) INFO   position: 526776751643214724113317524546654, score: -2
[00:00:00.149] (70000f031000) INFO   position: 52677675164321472411331752454665, score: 2
[00:00:00.149] (70000f031000) INFO   position: 526776751643214724113317524546623, score: -2
[00:00:00.149] (70000f031000) INFO   position: 52677675164321472411331752454662, score: 2
[00:00:00.149] (70000f031000) INFO   position: 5267767516432147241133175245466643233, score: -2
[00:00:00.149] (70000f031000) INFO   position: 526776751643214724113317524546664323, score: 2
[00:00:00.149] (70000f031000) INFO   position: 52677675164321472411331752454666432, score: -2
[00:00:00.149] (70000f031000) INFO   position: 5267767516432147241133175245466643, score: 2
[00:00:00.150] (70000f031000) INFO   position: 52677675164321472411331752454666453, score: -2
[00:00:00.150] (70000f031000) INFO   position: 5267767516432147241133175245466645, score: 2
[00:00:00.150] (70000f031000) INFO   position: 52677675164321472411331752454666423, score: -2
[00:00:00.150] (70000f031000) INFO   position: 5267767516432147241133175245466642, score: 2
[00:00:00.150] (70000f031000) INFO   position: 5267767516432147241133175245466641333, score: -2
[00:00:00.150] (70000f031000) INFO   position: 526776751643214724113317524546664133, score: 2
[00:00:00.150] (70000f031000) INFO   position: 5267767516432147241133175245466641323, score: 2
[00:00:00.150] (70000f031000) INFO   position: 526776751643214724113317524546664132, score: -2
[00:00:00.150] (70000f031000) INFO   position: 5267767516432147241133175245466641373, score: 2
[00:00:00.150] (70000f031000) INFO   position: 526776751643214724113317524546664137, score: -2
[00:00:00.151] (70000f031000) INFO   position: 52677675164321472411331752454666413, score: -2
[00:00:00.151] (70000f031000) INFO   position: 5267767516432147241133175245466641, score: 2
[00:00:00.151] (70000f031000) INFO   position: 5267767516432147241133175245466647333, score: -2
[00:00:00.151] (70000f031000) INFO   position: 526776751643214724113317524546664733, score: 2
[00:00:00.151] (70000f031000) INFO   position: 5267767516432147241133175245466647323, score: 2
[00:00:00.151] (70000f031000) INFO   position: 526776751643214724113317524546664732, score: -2
[00:00:00.151] (70000f031000) INFO   position: 5267767516432147241133175245466647313, score: 2
[00:00:00.151] (70000f031000) INFO   position: 526776751643214724113317524546664731, score: -2
[00:00:00.151] (70000f031000) INFO   position: 52677675164321472411331752454666473, score: -2
[00:00:00.151] (70000f031000) INFO   position: 5267767516432147241133175245466647, score: 2
[00:00:00.152] (70000f031000) INFO   position: 526776751643214724113317524546664, score: -2
[00:00:00.152] (70000f031000) INFO   position: 52677675164321472411331752454666, score: 2
[00:00:00.152] (70000f031000) INFO   position: 5267767516432147241133175245466143233, score: -2
[00:00:00.152] (70000f031000) INFO   position: 526776751643214724113317524546614323, score: 2
[00:00:00.152] (70000f031000) INFO   position: 52677675164321472411331752454661432, score: -2
[00:00:00.152] (70000f031000) INFO   position: 5267767516432147241133175245466143, score: 2
[00:00:00.152] (70000f031000) INFO   position: 52677675164321472411331752454661453, score: -2
[00:00:00.152] (70000f031000) INFO   position: 5267767516432147241133175245466145, score: 2
[00:00:00.152] (70000f031000) INFO   position: 52677675164321472411331752454661423, score: -2
[00:00:00.152] (70000f031000) INFO   position: 5267767516432147241133175245466142, score: 2
[00:00:00.153] (70000f031000) INFO   position: 52677675164321472411331752454661463, score: -2
[00:00:00.153] (70000f031000) INFO   position: 5267767516432147241133175245466146, score: 2
[00:00:00.153] (70000f031000) INFO   position: 5267767516432147241133175245466147333, score: -2
[00:00:00.153] (70000f031000) INFO   position: 526776751643214724113317524546614733, score: 2
[00:00:00.153] (70000f031000) INFO   position: 5267767516432147241133175245466147323, score: 2
[00:00:00.153] (70000f031000) INFO   position: 526776751643214724113317524546614732, score: -2
[00:00:00.153] (70000f031000) INFO   position: 5267767516432147241133175245466147363, score: 2
[00:00:00.153] (70000f031000) INFO   position: 526776751643214724113317524546614736, score: -2
[00:00:00.153] (70000f031000) INFO   position: 52677675164321472411331752454661473, score: -2
[00:00:00.154] (70000f031000) INFO   position: 5267767516432147241133175245466147, score: 2
[00:00:00.154] (70000f031000) INFO   position: 526776751643214724113317524546614, score: -2
[00:00:00.154] (70000f031000) INFO   position: 52677675164321472411331752454661, score: 2
[00:00:00.154] (70000f031000) INFO   position: 5267767516432147241133175245466743233, score: -2
[00:00:00.154] (70000f031000) INFO   position: 526776751643214724113317524546674323, score: 2
[00:00:00.154] (70000f031000) INFO   position: 52677675164321472411331752454667432, score: -2
[00:00:00.154] (70000f031000) INFO   position: 5267767516432147241133175245466743, score: 2
[00:00:00.154] (70000f031000) INFO   position: 52677675164321472411331752454667453, score: -2
[00:00:00.154] (70000f031000) INFO   position: 5267767516432147241133175245466745, score: 2
[00:00:00.154] (70000f031000) INFO   position: 52677675164321472411331752454667423, score: -2
[00:00:00.154] (70000f031000) INFO   position: 5267767516432147241133175245466742, score: 2
[00:00:00.155] (70000f031000) INFO   position: 52677675164321472411331752454667463, score: -2
[00:00:00.155] (70000f031000) INFO   position: 5267767516432147241133175245466746, score: 2
[00:00:00.155] (70000f031000) INFO   position: 52677675164321472411331752454667413, score: -2
[00:00:00.155] (70000f031000) INFO   position: 5267767516432147241133175245466741, score: 2
[00:00:00.155] (70000f031000) INFO   position: 526776751643214724113317524546674, score: -2
[00:00:00.155] (70000f031000) INFO   position: 52677675164321472411331752454667, score: 2
[00:00:00.155] (70000f031000) INFO   position: 5267767516432147241133175245466, score: -2
[00:00:00.155] (70000f031000) INFO   position: 526776751643214724113317524546, score: 2
[00:00:00.155] (70000f031000) INFO   position: 52677675164321472411331752454143233, score: -2
[00:00:00.155] (70000f031000) INFO   position: 5267767516432147241133175245414323, score: 2
[00:00:00.156] (70000f031000) INFO   position: 526776751643214724113317524541432, score: -2
[00:00:00.156] (70000f031000) INFO   position: 52677675164321472411331752454143, score: 2
[00:00:00.156] (70000f031000) INFO   position: 526776751643214724113317524541453, score: -2
[00:00:00.156] (70000f031000) INFO   position: 52677675164321472411331752454145, score: 2
[00:00:00.156] (70000f031000) INFO   position: 526776751643214724113317524541423, score: -2
[00:00:00.156] (70000f031000) INFO   position: 52677675164321472411331752454142, score: 2
[00:00:00.156] (70000f031000) INFO   position: 526776751643214724113317524541466, score: -2
[00:00:00.156] (70000f031000) INFO   position: 52677675164321472411331752454146, score: 2
[00:00:00.156] (70000f031000) INFO   position: 5267767516432147241133175245414733325, score: 2
[00:00:00.156] (70000f031000) INFO   position: 526776751643214724113317524541473332, score: -2
[00:00:00.157] (70000f031000) INFO   position: 5267767516432147241133175245414733366, score: -2
[00:00:00.157] (70000f031000) INFO   position: 526776751643214724113317524541473336, score: 2
[00:00:00.157] (70000f031000) INFO   position: 52677675164321472411331752454147333, score: -2
[00:00:00.157] (70000f031000) INFO   position: 5267767516432147241133175245414733, score: 2
[00:00:00.157] (70000f031000) INFO   position: 52677675164321472411331752454147323, score: -2
[00:00:00.157] (70000f031000) INFO   position: 5267767516432147241133175245414732, score: 2
[00:00:00.157] (70000f031000) INFO   position: 52677675164321472411331752454147366, score: -2
[00:00:00.157] (70000f031000) INFO   position: 5267767516432147241133175245414736, score: 2
[00:00:00.157] (70000f031000) INFO   position: 526776751643214724113317524541473, score: -2
[00:00:00.157] (70000f031000) INFO   position: 52677675164321472411331752454147, score: 2
[00:00:00.158] (70000f031000) INFO   position: 5267767516432147241133175245414, score: -2
[00:00:00.158] (70000f031000) INFO   position: 526776751643214724113317524541, score: 2
[00:00:00.158] (70000f031000) INFO   position: 52677675164321472411331752454743233, score: -2
[00:00:00.158] (70000f031000) INFO   position: 5267767516432147241133175245474323, score: 2
[00:00:00.158] (70000f031000) INFO   position: 526776751643214724113317524547432, score: -2
[00:00:00.158] (70000f031000) INFO   position: 52677675164321472411331752454743, score: 2
[00:00:00.158] (70000f031000) INFO   position: 526776751643214724113317524547453, score: -2
[00:00:00.158] (70000f031000) INFO   position: 52677675164321472411331752454745, score: 2
[00:00:00.158] (70000f031000) INFO   position: 526776751643214724113317524547423, score: -2
[00:00:00.158] (70000f031000) INFO   position: 52677675164321472411331752454742, score: 2
[00:00:00.159] (70000f031000) INFO   position: 526776751643214724113317524547466, score: -2
[00:00:00.159] (70000f031000) INFO   position: 52677675164321472411331752454746, score: 2
[00:00:00.159] (70000f031000) INFO   position: 526776751643214724113317524547413, score: -2
[00:00:00.159] (70000f031000) INFO   position: 52677675164321472411331752454741, score: 2
[00:00:00.159] (70000f031000) INFO   position: 5267767516432147241133175245474, score: -2
[00:00:00.159] (70000f031000) INFO   position: 526776751643214724113317524547, score: 2
[00:00:00.159] (70000f031000) INFO   sequence: 52677675164321472411331752454                      score: 2          nodes:791        time: 78411µs
