[00:00:00.005] (700001af5000) INFO   sequence: 5554224333234511764415115                          score: 4          nodes:2561       time: 3252µs
[00:00:00.006] (700001af5000) INFO   sequence: 52753311433677442422121                            score: 8          nodes:196        time: 167µs
[00:00:00.013] (700001af5000) INFO   sequence: 1233722555341451114725221333                       score: -1         nodes:6294       time: 6409µs
[00:00:00.014] (700001af5000) INFO   sequence: 271713432331713132                                 score: -11        nodes:13         time: 12µs
[00:00:00.016] (700001af5000) INFO   sequence: 6672375354252731116762237724                       score: -2         nodes:1795       time: 1591µs
[00:00:00.016] (700001af5000) INFO   sequence: 763452543756455357732314                           score: -8         nodes:13         time: 11µs
[00:00:00.017] (700001af5000) INFO   sequence: 662222576343651642712157                           score: 8          nodes:8          time: 6µs
[00:00:00.017] (700001af5000) INFO   sequence: 3455565261655364217                                score: -10        nodes:14         time: 12µs
[00:00:00.020] (700001af5000) INFO   sequence: 4661237137541742643224                             score: 8          nodes:2030       time: 1753µs
[00:00:00.022] (700001af5000) INFO   sequence: 21253774536432517717274325                         score: 2          nodes:1929       time: 1787µs
[00:00:00.042] (700001af5000) INFO   sequence: 715371563635542612576371                           score: 3          nodes:21556      time: 19793µs
[00:00:00.045] (700001af5000) INFO   sequence: 4435612735531457155143                             score: -5         nodes:1803       time: 1627µs
[00:00:00.046] (700001af5000) INFO   sequence: 3457741246677474572223453551                       score: 5          nodes:17         time: 14µs
[00:00:00.046] (700001af5000) INFO   sequence: 754732466173162124726115261                        score: 7          nodes:10         time: 9µs
[00:00:00.047] (700001af5000) INFO   sequence: 64115442265757253615                               score: 10         nodes:10         time: 8µs
[00:00:00.047] (700001af5000) INFO   sequence: 34651743747475571565                               score: -9         nodes:87         time: 77µs
[00:00:00.048] (700001af5000) INFO   sequence: 36127316172165452675422251                         score: 7          nodes:8          time: 6µs
[00:00:00.048] (700001af5000) INFO   sequence: 4235245615377275211512                             score: -7         nodes:108        time: 96µs
[00:00:00.049] (700001af5000) INFO   sequence: 122435527534575161761                              score: 10         nodes:9          time: 7µs
[00:00:00.067] (700001af5000) INFO   sequence: 473175162213611457122724                           score: -7         nodes:19127      time: 17856µs
[00:00:00.068] (700001af5000) INFO   sequence: 5533212164224336233241461                          score: 3          nodes:410        time: 393µs
[00:00:00.069] (700001af5000) INFO   sequence: 1231426213112346726266353                          score: -7         nodes:32         time: 26µs
[00:00:00.071] (700001af5000) INFO   sequence: 45277231624411643516213                            score: 8          nodes:1472       time: 1435µs
[00:00:00.076] (700001af5000) INFO   sequence: 1667675535724753771415352132                       score: 1          nodes:5674       time: 5065µs
[00:00:00.142] (700001af5000) INFO   sequence: 41416453222527221644                               score: 10         nodes:66668      time: 64910µs
[00:00:00.142] (700001af5000) INFO   sequence: 1715764132212113656454                             score: -9         nodes:15         time: 13µs
[00:00:00.143] (700001af5000) INFO   sequence: 651142666562345525716135112                        score: 2          nodes:437        time: 378µs
[00:00:00.152] (700001af5000) INFO   sequence: 7532455277545526                                   score: -10        nodes:9739       time: 8578µs
[00:00:00.155] (700001af5000) INFO   sequence: 2737772244262123677516643354                       score: 0          nodes:2538       time: 2392µs
[00:00:00.156] (700001af5000) INFO   sequence: 5746741223753516274755                             score: 8          nodes:23         time: 17µs
[00:00:00.157] (700001af5000) INFO   sequence: 736655673445166272447546                           score: -7         nodes:917        time: 777µs
[00:00:00.158] (700001af5000) INFO   sequence: 5237261635627332664143376                          score: 8          nodes:8          time: 6µs
[00:00:00.164] (700001af5000) INFO   sequence: 5617131757733341415                                score: -8         nodes:6264       time: 5688µs
[00:00:00.170] (700001af5000) INFO   sequence: 6561461362133747245312317267                       score: 0          nodes:6095       time: 5863µs
[00:00:00.171] (700001af5000) INFO   sequence: 3111642212167362762555645527                       score: -2         nodes:1047       time: 936µs
[00:00:00.172] (700001af5000) INFO   sequence: 46212622667241121631756                            score: -8         nodes:12         time: 10µs
[00:00:00.172] (700001af5000) INFO   sequence: 47611556754127222                                  score: 12         nodes:9          time: 7µs
[00:00:01.258] (700001af5000) INFO   sequence: 3262221111647466                                   score: -12        nodes:1128128    time: 1084953µs
[00:00:01.259] (700001af5000) INFO   sequence: 7722654117336331661371176                          score: 7          nodes:20         time: 16µs
[00:00:01.267] (700001af5000) INFO   sequence: 3237735666151513515634                             score: -7         nodes:9365       time: 8252µs
[00:00:01.297] (700001af5000) INFO   sequence: 71521736623715176174362                            score: -8         nodes:33526      time: 29034µs
[00:00:01.426] (700001af5000) INFO   sequence: 544111732146347                                    score: -9         nodes:148308     time: 128241µs
[00:00:01.429] (700001af5000) INFO   sequence: 47724652442416755146                               score: 8          nodes:2833       time: 2583µs
[00:00:01.429] (700001af5000) INFO   sequence: 54527613337336351111622                            score: 9          nodes:8          time: 7µs
[00:00:01.533] (700001af5000) INFO   sequence: 35531254275547623                                  score: -9         nodes:111952     time: 102586µs
[00:00:01.536] (700001af5000) INFO   sequence: 16773414341241421774376322                         score: -5         nodes:3488       time: 3122µs
[00:00:01.537] (700001af5000) INFO   sequence: 175617344365477255                                 score: 11         nodes:29         time: 25µs
[00:00:01.537] (700001af5000) INFO   sequence: 411717625255115123554                              score: -9         nodes:12         time: 9µs
[00:00:01.583] (700001af5000) INFO   sequence: 13227167421566572721                               score: -9         nodes:46257      time: 44986µs
[00:00:01.583] (700001af5000) INFO   sequence: 1456346777667336372                                score: 11         nodes:30         time: 29µs
[00:00:01.584] (700001af5000) INFO   sequence: 3464123621337153667644637227                       score: 2          nodes:461        time: 406µs
[00:00:01.587] (700001af5000) INFO   sequence: 31266511114762722166672                            score: -3         nodes:2624       time: 2313µs
[00:00:01.593] (700001af5000) INFO   sequence: 137616613112365341                                 score: 6          nodes:5501       time: 5237µs
[00:00:01.657] (700001af5000) INFO   sequence: 6237377156733264225773                             score: 8          nodes:60210      time: 63468µs
[00:00:01.658] (700001af5000) INFO   sequence: 55371476331451637535                               score: 10         nodes:9          time: 7µs
[00:00:01.658] (700001af5000) INFO   sequence: 615475226615213226217557                           score: -8         nodes:14         time: 11µs
[00:00:01.659] (700001af5000) INFO   sequence: 5127773675347376151                                score: 10         nodes:180        time: 147µs
[00:00:01.673] (700001af5000) INFO   sequence: 7717464322265274226441151                          score: 3          nodes:15580      time: 13880µs
[00:00:01.680] (700001af5000) INFO   sequence: 55772343111646575236                               score: 5          nodes:6483       time: 6043µs
[00:00:01.698] (700001af5000) INFO   sequence: 72276133256716235275764                            score: 7          nodes:19452      time: 18080µs
[00:00:01.699] (700001af5000) INFO   sequence: 65452257612667655615271112                         score: -4         nodes:303        time: 257µs
[00:00:01.700] (700001af5000) INFO   sequence: 2577525532532441626                                score: -9         nodes:98         time: 78µs
[00:00:01.707] (700001af5000) INFO   sequence: 35653272262316437167672                            score: -3         nodes:7561       time: 6839µs
[00:00:01.708] (700001af5000) INFO   sequence: 1243234332773245342572475767                       score: 5          nodes:50         time: 47µs
[00:00:01.708] (700001af5000) INFO   sequence: 7535125153114313                                   score: -11        nodes:37         time: 33µs
[00:00:01.901] (700001af5000) INFO   sequence: 253527614166761447574                              score: -6         nodes:214851     time: 192482µs
[00:00:01.903] (700001af5000) INFO   sequence: 245715112455274665623715716                        score: -2         nodes:1124       time: 988µs
[00:00:01.903] (700001af5000) INFO   sequence: 56222765165254226556673774                         score: 7          nodes:7          time: 5µs
[00:00:01.906] (700001af5000) INFO   sequence: 77426557613323765616122535                         score: 2          nodes:2823       time: 2439µs
[00:00:01.908] (700001af5000) INFO   sequence: 4644613266742167756722771541                       score: -4         nodes:929        time: 839µs
[00:00:01.908] (700001af5000) INFO   sequence: 452631744441223222647115                           score: 6          nodes:292        time: 255µs
[00:00:01.930] (700001af5000) INFO   sequence: 6462662734332655671542313                          score: 8          nodes:21787      time: 20754µs
[00:00:01.930] (700001af5000) INFO   sequence: 4373163754466323                                   score: -12        nodes:18         time: 14µs
[00:00:01.931] (700001af5000) INFO   sequence: 45542744735462742                                  score: -11        nodes:37         time: 29µs
[00:00:01.931] (700001af5000) INFO   sequence: 52225553533233247312617                            score: -7         nodes:56         time: 45µs
[00:00:02.229] (700001af5000) INFO   sequence: 3246237456535345371512                             score: 9          nodes:310463     time: 296733µs
[00:00:02.936] (700001af5000) INFO   sequence: 212532617775164141                                 score: 10         nodes:768206     time: 706646µs
[00:00:02.936] (700001af5000) INFO   sequence: 67421253275551744225213                            score: 8          nodes:20         time: 18µs
[00:00:02.937] (700001af5000) INFO   sequence: 33313546767235271352                               score: 7          nodes:115        time: 97µs
[00:00:02.938] (700001af5000) INFO   sequence: 411364471753646417433177755                        score: 3          nodes:624        time: 589µs
[00:00:02.940] (700001af5000) INFO   sequence: 1224277247774721613545115                          score: -6         nodes:1392       time: 1293µs
[00:00:02.944] (700001af5000) INFO   sequence: 76543123446324223431432127                         score: -2         nodes:3653       time: 3546µs
[00:00:02.989] (700001af5000) INFO   sequence: 5165132157277276134227475                          score: 8          nodes:48336      time: 44947µs
[00:00:02.991] (700001af5000) INFO   sequence: 7646171641443471716532164                          score: -2         nodes:1021       time: 902µs
[00:00:02.992] (700001af5000) INFO   sequence: 27625643743643521753111                            score: 8          nodes:426        time: 361µs
[00:00:03.563] (700001af5000) INFO   sequence: 522264452736756                                    score: 12         nodes:651460     time: 570869µs
[00:00:03.575] (700001af5000) INFO   sequence: 57553212327714336423676622                         score: -2         nodes:12593      time: 11281µs
[00:00:03.576] (700001af5000) INFO   sequence: 553332366276267756111555776                        score: 7          nodes:7          time: 5µs
[00:00:03.576] (700001af5000) INFO   sequence: 7725135517613477                                   score: 12         nodes:9          time: 8µs
[00:00:03.577] (700001af5000) INFO   sequence: 7555726532567141222715416466                       score: -6         nodes:14         time: 11µs
[00:00:03.578] (700001af5000) INFO   sequence: 734476631737161177341324354                        score: 7          nodes:457        time: 418µs
[00:00:03.579] (700001af5000) INFO   sequence: 62623724435526761122431133                         score: -2         nodes:1217       time: 1156µs
[00:00:03.583] (700001af5000) INFO   sequence: 271411161457254361726                              score: -7         nodes:4299       time: 3859µs
[00:00:03.584] (700001af5000) INFO   sequence: 7617657562173664715555                             score: 9          nodes:8          time: 6µs
[00:00:03.594] (700001af5000) INFO   sequence: 777322726313643756152546                           score: -3         nodes:9908       time: 9182µs
[00:00:04.068] (700001af5000) INFO   sequence: 16445643742326746657                               score: 9          nodes:502595     time: 473231µs
[00:00:04.079] (700001af5000) INFO   sequence: 3612577271337526673343274                          score: -4         nodes:12049      time: 11051µs
[00:00:04.080] (700001af5000) INFO   sequence: 7125417577721225375266556                          score: 7          nodes:21         time: 19µs
[00:00:04.080] (700001af5000) INFO   sequence: 65644113777615216373313743                         score: 7          nodes:8          time: 6µs
[00:00:04.081] (700001af5000) INFO   sequence: 546167317562564251256237162                        score: -5         nodes:502        time: 472µs
[00:00:04.645] (700001af5000) INFO   sequence: 6673377312746732                                   score: -10        nodes:596382     time: 563428µs
[00:00:04.646] (700001af5000) INFO   sequence: 4641133162345542                                   score: 11         nodes:23         time: 19µs
[00:00:04.646] (700001af5000) INFO   sequence: 5365373625572524614352316                          score: 8          nodes:8          time: 6µs
[00:00:04.647] (700001af5000) INFO   sequence: 657341635416555625471                              score: 9          nodes:722        time: 622µs
[00:00:04.650] (700001af5000) INFO   sequence: 6747357277725656364415                             score: -8         nodes:1996       time: 1831µs
[00:00:04.695] (700001af5000) INFO   sequence: 757154666551751363272                              score: 8          nodes:51144      time: 44570µs
[00:00:04.700] (700001af5000) INFO   sequence: 6132623667546521255623127                          score: -2         nodes:4817       time: 4503µs
[00:00:04.705] (700001af5000) INFO   sequence: 315225171236276777666271                           score: 6          nodes:5328       time: 4766µs
[00:00:04.706] (700001af5000) INFO   sequence: 113422122167672244746117367                        score: 2          nodes:328        time: 299µs
[00:00:04.707] (700001af5000) INFO   sequence: 5347374145757771622512325                          score: 8          nodes:8          time: 6µs
[00:00:04.718] (700001af5000) INFO   sequence: 31124166611476652461                               score: -7         nodes:11799      time: 10657µs
[00:00:04.758] (700001af5000) INFO   sequence: 62523333557451566631264                            score: -6         nodes:41504      time: 39498µs
[00:00:04.758] (700001af5000) INFO   sequence: 713311533551231314755                              score: 10         nodes:7          time: 6µs
[00:00:04.764] (700001af5000) INFO   sequence: 51137351146565342411                               score: -10        nodes:4956       time: 4842µs
[00:00:04.773] (700001af5000) INFO   sequence: 3543166713733245231117                             score: -4         nodes:9457       time: 8675µs
[00:00:04.783] (700001af5000) INFO   sequence: 3217735763522667143373                             score: 8          nodes:10126      time: 9712µs
[00:00:04.789] (700001af5000) INFO   sequence: 6442147133575712244172                             score: -8         nodes:6001       time: 5121µs
[00:00:04.791] (700001af5000) INFO   sequence: 22756642677321336736612773                         score: 2          nodes:1126       time: 975µs
[00:00:04.791] (700001af5000) INFO   sequence: 67647316672176756255331                            score: -8         nodes:14         time: 11µs
[00:00:04.792] (700001af5000) INFO   sequence: 625162614337765                                    score: -11        nodes:30         time: 24µs
[00:00:07.321] (700001af5000) INFO   sequence: 47254525565152712                                  score: 8          nodes:2868759    time: 2528537µs
[00:00:07.323] (700001af5000) INFO   sequence: 446755524273322124445127                           score: 3          nodes:1873       time: 1802µs
[00:00:07.327] (700001af5000) INFO   sequence: 53337315253236517157261411                         score: 2          nodes:3184       time: 2777µs
[00:00:07.327] (700001af5000) INFO   sequence: 52126366244377536726                               score: -10        nodes:16         time: 13µs
[00:00:08.181] (700001af5000) INFO   sequence: 5266416344462647                                   score: 12         nodes:941802     time: 853784µs
[00:00:10.431] (700001af5000) INFO   sequence: 7112154467341431                                   score: -10        nodes:2408596    time: 2249279µs
[00:00:10.537] (700001af5000) INFO   sequence: 676524651176255741                                 score: 7          nodes:118621     time: 104785µs
[00:00:10.537] (700001af5000) INFO   sequence: 15721313466562712137                               score: 7          nodes:129        time: 97µs
[00:00:10.787] (700001af5000) INFO   sequence: 71114661511246636                                  score: -6         nodes:266465     time: 249290µs
[00:00:10.789] (700001af5000) INFO   sequence: 5641274173637715675655753                          score: -3         nodes:1503       time: 1349µs
[00:00:10.794] (700001af5000) INFO   sequence: 65145566762633644215                               score: 9          nodes:5224       time: 4670µs
[00:00:10.795] (700001af5000) INFO   sequence: 117315167545341124                                 score: -10        nodes:190        time: 161µs
[00:00:10.796] (700001af5000) INFO   sequence: 72572533563327373216                               score: -10        nodes:14         time: 11µs
[00:00:10.799] (700001af5000) INFO   sequence: 1216176353566455625361277537                       score: 1          nodes:3189       time: 2739µs
[00:00:10.799] (700001af5000) INFO   sequence: 513635225523631475657331                           score: 8          nodes:15         time: 12µs
[00:00:10.800] (700001af5000) INFO   sequence: 5226731653116776772711142                          score: -6         nodes:67         time: 54µs
[00:00:10.812] (700001af5000) INFO   sequence: 2556551746465373772733636                          score: -3         nodes:12218      time: 11361µs
[00:00:10.865] (700001af5000) INFO   sequence: 166676351322113324621                              score: 10         nodes:60375      time: 52623µs
[00:00:10.866] (700001af5000) INFO   sequence: 234331235273567223257514116                        score: 5          nodes:169        time: 143µs
[00:00:11.409] (700001af5000) INFO   sequence: 6464223476161123                                   score: -10        nodes:602822     time: 543107µs
[00:00:11.410] (700001af5000) INFO   sequence: 744756377222471165                                 score: 11         nodes:9          time: 7µs
[00:00:11.419] (700001af5000) INFO   sequence: 3374372732172176214213256                          score: -3         nodes:9033       time: 8199µs
[00:00:11.420] (700001af5000) INFO   sequence: 37327525173143631662325662                         score: 2          nodes:1022       time: 898µs
[00:00:11.433] (700001af5000) INFO   sequence: 5516724631166275312523525677                       score: -2         nodes:13485      time: 12139µs
[00:00:11.433] (700001af5000) INFO   sequence: 1225772337767151                                   score: 12         nodes:9          time: 7µs
[00:00:11.477] (700001af5000) INFO   sequence: 37542511245635225762                               score: 10         nodes:44720      time: 43586µs
[00:00:11.478] (700001af5000) INFO   sequence: 65313213177411167266555                            score: 8          nodes:42         time: 36µs
[00:00:11.484] (700001af5000) INFO   sequence: 62214763523662142136564                            score: -7         nodes:5856       time: 5420µs
[00:00:11.489] (700001af5000) INFO   sequence: 1462571636416267177611                             score: 4          nodes:4673       time: 4160µs
[00:00:11.506] (700001af5000) INFO   sequence: 317332211766171563334                              score: -4         nodes:18047      time: 16125µs
[00:00:11.508] (700001af5000) INFO   sequence: 7236227623622346474116546144                       score: 0          nodes:2506       time: 2339µs
[00:00:11.509] (700001af5000) INFO   sequence: 35674332132366762241632                            score: -8         nodes:14         time: 11µs
[00:00:11.512] (700001af5000) INFO   sequence: 6531112231141276724767552                          score: 8          nodes:2535       time: 2378µs
[00:00:11.518] (700001af5000) INFO   sequence: 761471225521321                                    score: 11         nodes:6964       time: 6137µs
[00:00:11.526] (700001af5000) INFO   sequence: 136215442375624672646433                           score: -4         nodes:7425       time: 7470µs
[00:00:11.527] (700001af5000) INFO   sequence: 552435552666617514721116                           score: -8         nodes:14         time: 11µs
[00:00:11.528] (700001af5000) INFO   sequence: 253377617377674512                                 score: -10        nodes:39         time: 33µs
[00:00:11.764] (700001af5000) INFO   sequence: 1257676743157613416644                             score: 8          nodes:254140     time: 235331µs
[00:00:11.765] (700001af5000) INFO   sequence: 76515463143736654125112267                         score: 6          nodes:1026       time: 959µs
[00:00:14.017] (700001af5000) INFO   sequence: 225626516711326624                                 score: 11         nodes:2433931    time: 2251711µs
[00:00:14.021] (700001af5000) INFO   sequence: 1463662446336421315265524145                       score: -2         nodes:418        time: 478µs
[00:00:14.022] (700001af5000) INFO   sequence: 31761163116675571675647534                         score: -5         nodes:770        time: 843µs
[00:00:14.029] (700001af5000) INFO   sequence: 5722272622565513454114                             score: 9          nodes:6043       time: 6406µs
[00:00:20.631] (700001af5000) INFO   sequence: 67774712211136444                                  score: -11        nodes:6976810    time: 6600617µs
[00:00:21.304] (700001af5000) INFO   sequence: 673777363513616553                                 score: 11         nodes:771819     time: 672147µs
[00:00:21.304] (700001af5000) INFO   sequence: 76351242633547775                                  score: -10        nodes:94         time: 72µs
[00:00:21.306] (700001af5000) INFO   sequence: 1441417214663341566431667                          score: -4         nodes:680        time: 623µs
[00:00:21.329] (700001af5000) INFO   sequence: 415514133627224473362753153                        score: 2          nodes:23021      time: 22664µs
[00:00:21.331] (700001af5000) INFO   sequence: 635476135716273141133365                           score: -7         nodes:1571       time: 1384µs
[00:00:21.363] (700001af5000) INFO   sequence: 477144126313426127461                              score: -8         nodes:33870      time: 31251µs
[00:00:21.364] (700001af5000) INFO   sequence: 34334747765464734726763                            score: 4          nodes:1093       time: 968µs
[00:00:21.562] (700001af5000) INFO   sequence: 346747427467645                                    score: -12        nodes:216121     time: 196858µs
[00:00:22.812] (700001af5000) INFO   sequence: 175475114216753                                    score: 10         nodes:1287755    time: 1249570µs
[00:00:22.813] (700001af5000) INFO   sequence: 4666145433446767141256217                          score: 8          nodes:7          time: 6µs
[00:00:22.813] (700001af5000) INFO   sequence: 217432442211554112765154263                        score: 6          nodes:178        time: 153µs
[00:00:23.151] (700001af5000) INFO   sequence: 624115772263235661114                              score: 10         nodes:355721     time: 336713µs
[00:00:23.152] (700001af5000) INFO   sequence: 64241512462236624761276154                         score: 3          nodes:246        time: 208µs
[00:00:23.153] (700001af5000) INFO   sequence: 52211255312133125634616                            score: -4         nodes:586        time: 538µs
[00:00:23.153] (700001af5000) INFO   sequence: 66771426326433735127                               score: -10        nodes:16         time: 12µs
[00:00:23.154] (700001af5000) INFO   sequence: 33532452223727716571436                            score: 9          nodes:9          time: 7µs
[00:00:23.154] (700001af5000) INFO   sequence: 27347561567762333731456                            score: 9          nodes:9          time: 7µs
[00:00:23.167] (700001af5000) INFO   sequence: 21133461363327566                                  score: -10        nodes:14618      time: 12530µs
[00:00:23.168] (700001af5000) INFO   sequence: 46252526616224145                                  score: 12         nodes:80         time: 64µs
[00:00:23.169] (700001af5000) INFO   sequence: 153313313355666662264221772                        score: -4         nodes:149        time: 131µs
[00:00:23.169] (700001af5000) INFO   sequence: 67152543366667234631                               score: 9          nodes:30         time: 26µs
[00:00:23.175] (700001af5000) INFO   sequence: 4266771537147151161265456                          score: 4          nodes:6600       time: 5855µs
[00:00:23.176] (700001af5000) INFO   sequence: 3672655672677311226162515375                       score: -3         nodes:348        time: 298µs
[00:00:23.177] (700001af5000) INFO   sequence: 214562532727125124366                              score: -9         nodes:14         time: 12µs
[00:00:23.180] (700001af5000) INFO   sequence: 654242261241325277656                              score: -8         nodes:2750       time: 2439µs
