[00:00:01.007] (7f44ba7f0700) INFO   sequence: 2252576253462244111563365343671351441              score: -1         nodes:5          time: 514232µs
[00:00:01.533] (7f44ba7f0700) INFO   sequence: 7422341735647741166133573473242566                 score: 1          nodes:32         time: 523654µs
[00:00:02.017] (7f44ba7f0700) INFO   sequence: 23163416124767223154467471272416755633             score: 0          nodes:5          time: 481960µs
[00:00:02.497] (7f44ba7f0700) INFO   sequence: 71255763773133525731261364622167124446454          score: 0          nodes:2          time: 476997µs
[00:00:02.967] (7f44ba7f0700) INFO   sequence: 65214673556155731566316327373221417                score: -1         nodes:23         time: 468604µs
[00:00:03.466] (7f44ba7f0700) INFO   sequence: 52677675164321472411331752454                      score: 0          nodes:8267       time: 492499µs
[00:00:03.924] (7f44ba7f0700) INFO   sequence: 3135151421347443544172316522225776773566           score: 0          nodes:2          time: 456731µs
[00:00:04.401] (7f44ba7f0700) INFO   sequence: 562154564361751726662253737734213275114            score: 0          nodes:4          time: 475491µs
[00:00:04.889] (7f44ba7f0700) INFO   sequence: 233377345754465174223731671122611552               score: 1          nodes:14         time: 486747µs
[00:00:05.363] (7f44ba7f0700) INFO   sequence: 6763525635134453444361412671365712                 score: -1         nodes:52         time: 472721µs
[00:00:05.825] (7f44ba7f0700) INFO   sequence: 211376455663355325112113664364524722               score: 0          nodes:8          time: 460917µs
[00:00:06.296] (7f44ba7f0700) INFO   sequence: 3146762114467714356347741621375222                 score: -1         nodes:182        time: 470063µs
[00:00:06.760] (7f44ba7f0700) INFO   sequence: 67152117737262713366376314254                      score: 6          nodes:3052       time: 462532µs
[00:00:07.231] (7f44ba7f0700) INFO   sequence: 2762751722231276466633475674533                    score: 5          nodes:6          time: 469243µs
[00:00:07.693] (7f44ba7f0700) INFO   sequence: 3642756176227637211322113551637574556              score: 2          nodes:4          time: 460490µs
[00:00:08.153] (7f44ba7f0700) INFO   sequence: 22647455554314246733661634615122372377511          score: 0          nodes:2          time: 459149µs
[00:00:08.616] (7f44ba7f0700) INFO   sequence: 427566236745127177115664464254                     score: 2          nodes:593        time: 461519µs
[00:00:09.081] (7f44ba7f0700) INFO   sequence: 7172212567451542223676134464437761515              score: 0          nodes:21         time: 463986µs
[00:00:09.546] (7f44ba7f0700) INFO   sequence: 641154574541323641152467137655232232366            score: 0          nodes:3          time: 463185µs
[00:00:10.011] (7f44ba7f0700) INFO   sequence: 5775265212657176476365522624313714333              score: 2          nodes:4          time: 463460µs
[00:00:10.481] (7f44ba7f0700) INFO   sequence: 3575316255751336464276636772271112                 score: -3         nodes:26         time: 468775µs
[00:00:10.961] (7f44ba7f0700) INFO   sequence: 75662564375666511575212332122171447733             score: 1          nodes:4          time: 478936µs
[00:00:11.468] (7f44ba7f0700) INFO   sequence: 3576127617575661522124647446257235344113           score: 0          nodes:2          time: 505486µs
[00:00:11.955] (7f44ba7f0700) INFO   sequence: 655651721435342216255374674123                     score: 4          nodes:344        time: 485172µs
[00:00:12.467] (7f44ba7f0700) INFO   sequence: 335413424327172446337172625415575517               score: 1          nodes:14         time: 510457µs
[00:00:12.945] (7f44ba7f0700) INFO   sequence: 12156756715535615116237724723                      score: -2         nodes:549        time: 477169µs
[00:00:13.421] (7f44ba7f0700) INFO   sequence: 4744236462134233111155374771566655522              score: -1         nodes:9          time: 474659µs
[00:00:13.883] (7f44ba7f0700) INFO   sequence: 144324431445513573673777361765615215226            score: 0          nodes:4          time: 460985µs
[00:00:14.354] (7f44ba7f0700) INFO   sequence: 466337133772221726726511133452571                  score: 0          nodes:189        time: 469545µs
[00:00:14.819] (7f44ba7f0700) INFO   sequence: 5577777735365512235162362241426611                 score: -3         nodes:10         time: 463375µs
[00:00:15.290] (7f44ba7f0700) INFO   sequence: 6274476136716665132411555412333345                 score: 0          nodes:86         time: 469541µs
[00:00:15.762] (7f44ba7f0700) INFO   sequence: 2166166176633734115273317322475724                 score: -2         nodes:25         time: 471169µs
[00:00:16.250] (7f44ba7f0700) INFO   sequence: 3432357517256661231652672362571175                 score: 3          nodes:6          time: 486172µs
[00:00:16.931] (7f44ba7f0700) INFO   sequence: 26512741647245111351472255277                      score: -5         nodes:12         time: 680314µs
[00:00:17.660] (7f44ba7f0700) INFO   sequence: 3414355576455177144321543311672273                 score: -2         nodes:18         time: 726163µs
[00:00:18.349] (7f44ba7f0700) INFO   sequence: 112471523663662675764743257544335112741            score: 0          nodes:7          time: 688656µs
[00:00:18.877] (7f44ba7f0700) INFO   sequence: 24555313265147651622632244317534477                score: 3          nodes:9          time: 525697µs
[00:00:19.375] (7f44ba7f0700) INFO   sequence: 5512371662253342337574526766763245                 score: 3          nodes:5          time: 497017µs
[00:00:19.893] (7f44ba7f0700) INFO   sequence: 27573772361321663724362213661574                   score: 2          nodes:31         time: 516828µs
[00:00:20.453] (7f44ba7f0700) INFO   sequence: 3336513263356226156221176142517577574              score: 2          nodes:7          time: 558468µs
[00:00:20.939] (7f44ba7f0700) INFO   sequence: 6216633712715125334265163163777225                 score: -3         nodes:8          time: 484703µs
[00:00:21.459] (7f44ba7f0700) INFO   sequence: 735425274762537661575175136212214614443            score: 1          nodes:4          time: 519034µs
[00:00:21.964] (7f44ba7f0700) INFO   sequence: 67652627754667711122263741251355513444433          score: 0          nodes:2          time: 503045µs
[00:00:22.471] (7f44ba7f0700) INFO   sequence: 3324524346452572767551333257727114                 score: 0          nodes:47         time: 505860µs
[00:00:22.986] (7f44ba7f0700) INFO   sequence: 47344144255311355215566613617433267622277          score: 0          nodes:2          time: 513754µs
[00:00:23.484] (7f44ba7f0700) INFO   sequence: 5711457417462173563673656226153335724441           score: 0          nodes:2          time: 497296µs
[00:00:23.965] (7f44ba7f0700) INFO   sequence: 7174362564676726631735257252323                    score: -4         nodes:9          time: 478780µs
[00:00:24.441] (7f44ba7f0700) INFO   sequence: 6213724444421524673215767767233                    score: 0          nodes:544        time: 474111µs
[00:00:24.904] (7f44ba7f0700) INFO   sequence: 74335434411656772367437345716111256622255          score: 0          nodes:2          time: 462049µs
[00:00:25.382] (7f44ba7f0700) INFO   sequence: 12513736213523127714633572657256                   score: -4         nodes:27         time: 477272µs
[00:00:25.850] (7f44ba7f0700) INFO   sequence: 33345517452154243637525163177771661442             score: 0          nodes:8          time: 466433µs
[00:00:26.323] (7f44ba7f0700) INFO   sequence: 4242255734462136735555743337711172114266           score: 0          nodes:2          time: 471700µs
[00:00:26.788] (7f44ba7f0700) INFO   sequence: 47715713331437527153255735112                      score: 0          nodes:279        time: 462991µs
[00:00:27.269] (7f44ba7f0700) INFO   sequence: 75345112462162112542645517445723663673             score: 0          nodes:8          time: 479897µs
[00:00:27.759] (7f44ba7f0700) INFO   sequence: 345272112577424477722116144566361353335            score: 0          nodes:5          time: 489164µs
[00:00:28.424] (7f44ba7f0700) INFO   sequence: 7235431667532555335366227767122741                 score: 3          nodes:5          time: 662545µs
[00:00:28.930] (7f44ba7f0700) INFO   sequence: 3515655547334632573462442436722717672611           score: 0          nodes:2          time: 504509µs
[00:00:29.441] (7f44ba7f0700) INFO   sequence: 5114752266375176254672271463763                    score: 5          nodes:7          time: 509717µs
[00:00:29.931] (7f44ba7f0700) INFO   sequence: 26226627217273417775416514661414455                score: -2         nodes:6          time: 488719µs
[00:00:30.406] (7f44ba7f0700) INFO   sequence: 75671334317317336771215665546                      score: -4         nodes:154        time: 474018µs
[00:00:30.880] (7f44ba7f0700) INFO   sequence: 171231226144413625631766635232354                  score: 0          nodes:69         time: 472093µs
[00:00:31.358] (7f44ba7f0700) INFO   sequence: 316775734112511514276652774525666433324            score: 0          nodes:5          time: 476632µs
[00:00:31.831] (7f44ba7f0700) INFO   sequence: 671337313517162274736137166625                     score: 2          nodes:53         time: 472019µs
[00:00:32.311] (7f44ba7f0700) INFO   sequence: 724426633665427464467135277713322                  score: -3         nodes:14         time: 478449µs
[00:00:32.790] (7f44ba7f0700) INFO   sequence: 26152653322136634677576524721                      score: 0          nodes:1308       time: 477691µs
[00:00:33.250] (7f44ba7f0700) INFO   sequence: 7134177657121331734122334222646475455656           score: 0          nodes:2          time: 458653µs
[00:00:33.718] (7f44ba7f0700) INFO   sequence: 55544463222315723417163427535141712366             score: 0          nodes:7          time: 466555µs
[00:00:34.184] (7f44ba7f0700) INFO   sequence: 2365735775473244231263235156756276411              score: 1          nodes:9          time: 465122µs
[00:00:34.661] (7f44ba7f0700) INFO   sequence: 5351252463263713771262625511175                    score: -2         nodes:193        time: 475733µs
[00:00:35.124] (7f44ba7f0700) INFO   sequence: 1246652731765175642453216447355212761743           score: 0          nodes:2          time: 461926µs
[00:00:35.585] (7f44ba7f0700) INFO   sequence: 65163631747317535254246533477742546126             score: 1          nodes:4          time: 459127µs
[00:00:36.049] (7f44ba7f0700) INFO   sequence: 632131362752266425527575661477514173133            score: 0          nodes:3          time: 462758µs
[00:00:36.513] (7f44ba7f0700) INFO   sequence: 3575213524612243543117121734354245                 score: 2          nodes:8          time: 462710µs
[00:00:36.972] (7f44ba7f0700) INFO   sequence: 54315521633364265177472556321131667422             score: -1         nodes:6          time: 457343µs
[00:00:37.434] (7f44ba7f0700) INFO   sequence: 4135614326115446311565436527365347227777           score: 0          nodes:2          time: 461425µs
[00:00:37.899] (7f44ba7f0700) INFO   sequence: 6121455117152514634356336576722                    score: 0          nodes:134        time: 462709µs
